This file contains any messages produced by compilers while
running configure, to aid debugging if configure makes a mistake.

configure:928: checking for top-level source-directory
configure:938: checking for m4 preprocessor
configure:945: checking for m4
configure:945: checking for gm4
configure:1012: checking m4 flags
configure:1085: checking C compiler "gcc"
configure:1094: gcc -c -O3 -Wall -fsigned-char -DNDEBUG conftest.c 1>&5
configure:1121: checking how to make dependencies
configure:1294: checking how to run the C preprocessor
configure:1315: gcc -E -DNDEBUG conftest.c >/dev/null 2>conftest.out
configure:1548: checking for Fortran .F compiler
configure:1589: checking for Fortran preprocessor
configure:1608: checking user-defined Fortran-90 compiler ""
configure:1615:  -c  conftest.f90
./configure: line 1614: -c: command not found
configure:1740: checking for nm utility
configure:1747: checking for nm
configure:1814: checking nm flags
configure:2451: checking for math library
configure:2455: checking for tanh in -lc
configure:2474: gcc -o conftest -O3 -Wall -fsigned-char -DNDEBUG  conftest.c -lc   1>&5
configure:2467:6: warning: conflicting types for built-in function 'tanh' [-Wbuiltin-declaration-mismatch]
 char tanh();
      ^~~~
/tmp/cclkaLRf.o: In function `main':
conftest.c:(.text.startup+0x7): undefined reference to `tanh'
collect2: error: ld returned 1 exit status
configure: failed program was:
#line 2463 "configure"
#include "confdefs.h"
/* Override any gcc2 internal prototype to avoid an error.  */
/* We use char because int might match the return type of a gcc2
    builtin and then its argument prototype would still apply.  */
char tanh();

int main() {
tanh()
; return 0; }
configure:2493: checking for tanh in -lm
configure:2512: gcc -o conftest -O3 -Wall -fsigned-char -DNDEBUG  conftest.c -lm   1>&5
configure:2505:6: warning: conflicting types for built-in function 'tanh' [-Wbuiltin-declaration-mismatch]
 char tanh();
      ^~~~
configure:2544: checking for ar utility
configure:2551: checking for ar
configure:2618: checking ar flags
configure:2627: checking for nm utility
configure:2669: checking for nm
configure:2701: checking nm flags
configure:2711: checking for ranlib
configure:2740: checking for stdlib.h
configure:2750: gcc -E -DNDEBUG conftest.c >/dev/null 2>conftest.out
configure:2777: checking for sys/types.h
configure:2787: gcc -E -DNDEBUG conftest.c >/dev/null 2>conftest.out
configure:2813: checking for strerror
configure:2841: gcc -o conftest -O3 -Wall -fsigned-char -DNDEBUG  conftest.c  1>&5
configure:2866: checking for working ftruncate()
configure:2919: gcc -o conftest -O3 -Wall -fsigned-char -DNDEBUG  conftest.c  1>&5
configure:2877:1: warning: return type defaults to 'int' [-Wimplicit-int]
 main()
 ^~~~
/tmp/ccAIRGIi.o: In function `main':
conftest.c:(.text.startup+0xe): warning: the use of `tmpnam' is dangerous, better use `mkstemp'
configure:2941: checking for working alloca.h
configure:2953: gcc -o conftest -O3 -Wall -fsigned-char -DNDEBUG  conftest.c  1>&5
configure: In function 'main':
configure:2949:7: warning: unused variable 'p' [-Wunused-variable]
 char *p = alloca(2 * sizeof(int));
       ^
configure:2974: checking for alloca
configure:3007: gcc -o conftest -O3 -Wall -fsigned-char -DNDEBUG  conftest.c  1>&5
configure: In function 'main':
configure:3003:7: warning: unused variable 'p' [-Wunused-variable]
 char *p = (char *) alloca(1);
       ^
configure:3173: checking for st_blksize in struct stat
configure:3186: gcc -c -O3 -Wall -fsigned-char -DNDEBUG conftest.c 1>&5
configure: In function 'main':
configure:3182:17: warning: statement with no effect [-Wunused-value]
 struct stat s; s.st_blksize;
                ~^~~~~~~~~~~
configure:3208: checking for IEEE floating point format
configure:3246: gcc -o conftest -O3 -Wall -fsigned-char -DNDEBUG  conftest.c  1>&5
configure:3267: checking for ANSI C header files
configure:3280: gcc -E -DNDEBUG conftest.c >/dev/null 2>conftest.out
configure:3347: gcc -o conftest -O3 -Wall -fsigned-char -DNDEBUG  conftest.c  1>&5
configure: In function 'main':
configure:3342:67: warning: implicit declaration of function 'exit' [-Wimplicit-function-declaration]
 if (XOR (islower (i), ISLOWER (i)) || toupper (i) != TOUPPER (i)) exit(2);
                                                                   ^~~~
configure:3342:67: warning: incompatible implicit declaration of built-in function 'exit'
configure:3342:67: note: include '<stdlib.h>' or provide a declaration of 'exit'
configure:3343:1: warning: incompatible implicit declaration of built-in function 'exit'
 exit (0); }
 ^~~~
configure:3343:1: note: include '<stdlib.h>' or provide a declaration of 'exit'
configure:3371: checking for size_t
configure:3404: checking for off_t
configure:3437: checking for ssize_t
configure:3470: checking for ptrdiff_t
configure:3503: checking for uchar
configure:3536: checking whether char is unsigned
configure:3599: checking whether byte ordering is bigendian
configure:3617: gcc -c -O3 -Wall -fsigned-char -DNDEBUG conftest.c 1>&5
configure:3632: gcc -c -O3 -Wall -fsigned-char -DNDEBUG conftest.c 1>&5
configure: In function 'main':
configure:3627:2: error: unknown type name 'not'; did you mean 'ino_t'?
  not big endian
  ^~~
  ino_t
configure:3627:10: error: expected '=', ',', ';', 'asm' or '__attribute__' before 'endian'
  not big endian
          ^~~~~~
configure: failed program was:
#line 3621 "configure"
#include "confdefs.h"
#include <sys/types.h>
#include <sys/param.h>
int main() {

#if BYTE_ORDER != BIG_ENDIAN
 not big endian
#endif
; return 0; }
configure:3689: checking size of short
configure:3708: gcc -o conftest -O3 -Wall -fsigned-char -DNDEBUG  conftest.c  1>&5
configure:3699:1: warning: return type defaults to 'int' [-Wimplicit-int]
 main()
 ^~~~
configure: In function 'main':
configure:3702:11: warning: implicit declaration of function 'exit' [-Wimplicit-function-declaration]
   if (!f) exit(1);
           ^~~~
configure:3702:11: warning: incompatible implicit declaration of built-in function 'exit'
configure:3702:11: note: include '<stdlib.h>' or provide a declaration of 'exit'
configure:3703:14: warning: format '%d' expects argument of type 'int', but argument 3 has type 'long unsigned int' [-Wformat=]
   fprintf(f, "%d\n", sizeof(short));
              ^~~~~~
configure:3704:3: warning: incompatible implicit declaration of built-in function 'exit'
   exit(0);
   ^~~~
configure:3704:3: note: include '<stdlib.h>' or provide a declaration of 'exit'
configure:3728: checking size of int
configure:3747: gcc -o conftest -O3 -Wall -fsigned-char -DNDEBUG  conftest.c  1>&5
configure:3738:1: warning: return type defaults to 'int' [-Wimplicit-int]
 main()
 ^~~~
configure: In function 'main':
configure:3741:11: warning: implicit declaration of function 'exit' [-Wimplicit-function-declaration]
   if (!f) exit(1);
           ^~~~
configure:3741:11: warning: incompatible implicit declaration of built-in function 'exit'
configure:3741:11: note: include '<stdlib.h>' or provide a declaration of 'exit'
configure:3742:14: warning: format '%d' expects argument of type 'int', but argument 3 has type 'long unsigned int' [-Wformat=]
   fprintf(f, "%d\n", sizeof(int));
              ^~~~~~
configure:3743:3: warning: incompatible implicit declaration of built-in function 'exit'
   exit(0);
   ^~~~
configure:3743:3: note: include '<stdlib.h>' or provide a declaration of 'exit'
configure:3767: checking size of long
configure:3786: gcc -o conftest -O3 -Wall -fsigned-char -DNDEBUG  conftest.c  1>&5
configure:3777:1: warning: return type defaults to 'int' [-Wimplicit-int]
 main()
 ^~~~
configure: In function 'main':
configure:3780:11: warning: implicit declaration of function 'exit' [-Wimplicit-function-declaration]
   if (!f) exit(1);
           ^~~~
configure:3780:11: warning: incompatible implicit declaration of built-in function 'exit'
configure:3780:11: note: include '<stdlib.h>' or provide a declaration of 'exit'
configure:3781:14: warning: format '%d' expects argument of type 'int', but argument 3 has type 'long unsigned int' [-Wformat=]
   fprintf(f, "%d\n", sizeof(long));
              ^~~~~~
configure:3782:3: warning: incompatible implicit declaration of built-in function 'exit'
   exit(0);
   ^~~~
configure:3782:3: note: include '<stdlib.h>' or provide a declaration of 'exit'
configure:3806: checking size of float
configure:3825: gcc -o conftest -O3 -Wall -fsigned-char -DNDEBUG  conftest.c  1>&5
configure:3816:1: warning: return type defaults to 'int' [-Wimplicit-int]
 main()
 ^~~~
configure: In function 'main':
configure:3819:11: warning: implicit declaration of function 'exit' [-Wimplicit-function-declaration]
   if (!f) exit(1);
           ^~~~
configure:3819:11: warning: incompatible implicit declaration of built-in function 'exit'
configure:3819:11: note: include '<stdlib.h>' or provide a declaration of 'exit'
configure:3820:14: warning: format '%d' expects argument of type 'int', but argument 3 has type 'long unsigned int' [-Wformat=]
   fprintf(f, "%d\n", sizeof(float));
              ^~~~~~
configure:3821:3: warning: incompatible implicit declaration of built-in function 'exit'
   exit(0);
   ^~~~
configure:3821:3: note: include '<stdlib.h>' or provide a declaration of 'exit'
configure:3845: checking size of double
configure:3864: gcc -o conftest -O3 -Wall -fsigned-char -DNDEBUG  conftest.c  1>&5
configure:3855:1: warning: return type defaults to 'int' [-Wimplicit-int]
 main()
 ^~~~
configure: In function 'main':
configure:3858:11: warning: implicit declaration of function 'exit' [-Wimplicit-function-declaration]
   if (!f) exit(1);
           ^~~~
configure:3858:11: warning: incompatible implicit declaration of built-in function 'exit'
configure:3858:11: note: include '<stdlib.h>' or provide a declaration of 'exit'
configure:3859:14: warning: format '%d' expects argument of type 'int', but argument 3 has type 'long unsigned int' [-Wformat=]
   fprintf(f, "%d\n", sizeof(double));
              ^~~~~~
configure:3860:3: warning: incompatible implicit declaration of built-in function 'exit'
   exit(0);
   ^~~~
configure:3860:3: note: include '<stdlib.h>' or provide a declaration of 'exit'
configure:3884: checking size of off_t
configure:3907: gcc -o conftest -O3 -Wall -fsigned-char -DNDEBUG  conftest.c  1>&5
configure:3898:1: warning: return type defaults to 'int' [-Wimplicit-int]
 main()
 ^~~~
configure: In function 'main':
configure:3902:14: warning: format '%d' expects argument of type 'int', but argument 3 has type 'long unsigned int' [-Wformat=]
   fprintf(f, "%d\n", sizeof(off_t));
              ^~~~~~
configure:3927: checking size of size_t
configure:3950: gcc -o conftest -O3 -Wall -fsigned-char -DNDEBUG  conftest.c  1>&5
configure:3941:1: warning: return type defaults to 'int' [-Wimplicit-int]
 main()
 ^~~~
configure: In function 'main':
configure:3945:14: warning: format '%d' expects argument of type 'int', but argument 3 has type 'long unsigned int' [-Wformat=]
   fprintf(f, "%d\n", sizeof(size_t));
              ^~~~~~
configure:4051: checking for manual-page index command
configure:4055: checking binary distribution directory
