This file contains any messages produced by compilers while
running configure, to aid debugging if configure makes a mistake.

It was created by jasper configure 1.700.5, which was
generated by GNU Autoconf 2.69.  Invocation command line was

  $ ./configure 

## --------- ##
## Platform. ##
## --------- ##

hostname = int-aajay-1.monetate.org
uname -m = x86_64
uname -r = 4.14.355-277.647.amzn2.x86_64
uname -s = Linux
uname -v = #1 SMP Mon May 19 09:44:01 UTC 2025

/usr/bin/uname -p = x86_64
/bin/uname -X     = unknown

/bin/arch              = x86_64
/usr/bin/arch -k       = unknown
/usr/convex/getsysinfo = unknown
/usr/bin/hostinfo      = unknown
/bin/machine           = unknown
/usr/bin/oslevel       = unknown
/bin/universe          = unknown

PATH: /opt/pyenv/plugins/pyenv-virtualenv/shims
PATH: /opt/pyenv/shims
PATH: /opt/pyenv/bin
PATH: /usr/local/sbin
PATH: /usr/local/bin
PATH: /sbin
PATH: /bin
PATH: /usr/sbin
PATH: /usr/bin


## ----------- ##
## Core tests. ##
## ----------- ##

configure:2637: checking build system type
configure:2651: result: x86_64-pc-linux-gnu
configure:2671: checking host system type
configure:2684: result: x86_64-pc-linux-gnu
configure:2704: checking target system type
configure:2717: result: x86_64-pc-linux-gnu
configure:2760: checking for a BSD-compatible install
configure:2828: result: /bin/install -c
configure:2839: checking whether build environment is sane
configure:2876: result: yes
configure:2906: checking for gawk
configure:2922: found /bin/gawk
configure:2933: result: gawk
configure:2944: checking whether make sets $(MAKE)
configure:2966: result: yes
configure:3175: checking for gawk
configure:3202: result: gawk
configure:3261: checking for gcc
configure:3288: result: gcc
configure:3517: checking for C compiler version
configure:3526: gcc --version >&5
gcc (GCC) 7.3.1 20180712 (Red Hat 7.3.1-17)
Copyright (C) 2017 Free Software Foundation, Inc.
This is free software; see the source for copying conditions.  There is NO
warranty; not even for MERCHANTABILITY or FITNESS FOR A PARTICULAR PURPOSE.

configure:3537: $? = 0
configure:3526: gcc -v >&5
Using built-in specs.
COLLECT_GCC=gcc
COLLECT_LTO_WRAPPER=/usr/libexec/gcc/x86_64-redhat-linux/7/lto-wrapper
Target: x86_64-redhat-linux
Configured with: ../configure --enable-bootstrap --enable-languages=c,c++,objc,obj-c++,fortran,ada,go,lto --prefix=/usr --mandir=/usr/share/man --infodir=/usr/share/info --with-bugurl=http://bugzilla.redhat.com/bugzilla --enable-shared --enable-threads=posix --enable-checking=release --enable-multilib --with-system-zlib --enable-__cxa_atexit --disable-libunwind-exceptions --enable-gnu-unique-object --enable-linker-build-id --with-gcc-major-version-only --with-linker-hash-style=gnu --enable-plugin --enable-initfini-array --with-isl --enable-libmpx --enable-libsanitizer --enable-gnu-indirect-function --enable-libcilkrts --enable-libatomic --enable-libquadmath --enable-libitm --with-tune=generic --with-arch_32=x86-64 --build=x86_64-redhat-linux
Thread model: posix
gcc version 7.3.1 20180712 (Red Hat 7.3.1-17) (GCC) 
configure:3537: $? = 0
configure:3526: gcc -V >&5
gcc: error: unrecognized command line option '-V'
gcc: fatal error: no input files
compilation terminated.
configure:3537: $? = 1
configure:3526: gcc -qversion >&5
gcc: error: unrecognized command line option '-qversion'; did you mean '--version'?
gcc: fatal error: no input files
compilation terminated.
configure:3537: $? = 1
configure:3557: checking whether the C compiler works
configure:3579: gcc -D_LINUX_   conftest.c  >&5
configure:3583: $? = 0
configure:3631: result: yes
configure:3634: checking for C compiler default output file name
configure:3636: result: a.out
configure:3642: checking for suffix of executables
configure:3649: gcc -o conftest -D_LINUX_   conftest.c  >&5
configure:3653: $? = 0
configure:3675: result: 
configure:3697: checking whether we are cross compiling
configure:3705: gcc -o conftest -D_LINUX_   conftest.c  >&5
configure:3709: $? = 0
configure:3716: ./conftest
configure:3720: $? = 0
configure:3735: result: no
configure:3740: checking for suffix of object files
configure:3762: gcc -c -D_LINUX_  conftest.c >&5
configure:3766: $? = 0
configure:3787: result: o
configure:3791: checking whether we are using the GNU C compiler
configure:3810: gcc -c -D_LINUX_  conftest.c >&5
configure:3810: $? = 0
configure:3819: result: yes
configure:3828: checking whether gcc accepts -g
configure:3848: gcc -c -g  conftest.c >&5
configure:3848: $? = 0
configure:3889: result: yes
configure:3906: checking for gcc option to accept ISO C89
configure:3969: gcc  -c -D_LINUX_  conftest.c >&5
configure:3969: $? = 0
configure:3982: result: none needed
configure:4021: checking for style of include used by make
configure:4049: result: GNU
configure:4077: checking dependency style of gcc
configure:4139: result: gcc3
configure:4149: checking how to run the C preprocessor
configure:4180: gcc -E  conftest.c
configure:4180: $? = 0
configure:4194: gcc -E  conftest.c
conftest.c:13:10: fatal error: ac_nonexistent.h: No such file or directory
 #include <ac_nonexistent.h>
          ^~~~~~~~~~~~~~~~~~
compilation terminated.
configure:4194: $? = 1
configure: failed program was:
| /* confdefs.h */
| #define PACKAGE_NAME "jasper"
| #define PACKAGE_TARNAME "jasper"
| #define PACKAGE_VERSION "1.700.5"
| #define PACKAGE_STRING "jasper 1.700.5"
| #define PACKAGE_BUGREPORT ""
| #define PACKAGE_URL ""
| #define PACKAGE "jasper"
| #define VERSION "1.700.5"
| #define JAS_VERSION "1.700.5"
| #define JAS_CONFIGURE 1
| /* end confdefs.h.  */
| #include <ac_nonexistent.h>
configure:4219: result: gcc -E
configure:4239: gcc -E  conftest.c
configure:4239: $? = 0
configure:4253: gcc -E  conftest.c
conftest.c:13:10: fatal error: ac_nonexistent.h: No such file or directory
 #include <ac_nonexistent.h>
          ^~~~~~~~~~~~~~~~~~
compilation terminated.
configure:4253: $? = 1
configure: failed program was:
| /* confdefs.h */
| #define PACKAGE_NAME "jasper"
| #define PACKAGE_TARNAME "jasper"
| #define PACKAGE_VERSION "1.700.5"
| #define PACKAGE_STRING "jasper 1.700.5"
| #define PACKAGE_BUGREPORT ""
| #define PACKAGE_URL ""
| #define PACKAGE "jasper"
| #define VERSION "1.700.5"
| #define JAS_VERSION "1.700.5"
| #define JAS_CONFIGURE 1
| /* end confdefs.h.  */
| #include <ac_nonexistent.h>
configure:4282: checking whether ln -s works
configure:4286: result: yes
configure:4336: checking for ranlib
configure:4352: found /bin/ranlib
configure:4363: result: ranlib
configure:4474: checking for ld used by GCC
configure:4537: result: /bin/ld
configure:4544: checking if the linker (/bin/ld) is GNU ld
GNU ld version 2.29.1-31.amzn2.0.2
configure:4556: result: yes
configure:4561: checking for /bin/ld option to reload object files
configure:4568: result: -r
configure:4573: checking for BSD-compatible nm
configure:4609: result: /bin/nm -B
configure:4612: checking for a sed that does not truncate output
configure:4694: result: /bin/sed
configure:4697: checking how to recognise dependent libraries
configure:4878: result: pass_all
configure:4891: checking command to parse /bin/nm -B output
configure:4975: gcc -c -D_LINUX_  conftest.c >&5
configure:4978: $? = 0
configure:4982: /bin/nm -B conftest.o \| sed -n -e 's/^.*[ 	]\([ABCDGISTW][ABCDGISTW]*\)[ 	][ 	]*\(\)\([_A-Za-z][_A-Za-z0-9]*\)$/\1 \2\3 \3/p' \> conftest.nm
configure:4985: $? = 0
configure:5037: gcc -o conftest -D_LINUX_   conftest.c conftstm.o >&5
configure:5040: $? = 0
configure:5084: result: ok
configure:5089: checking for grep that handles long lines and -e
configure:5147: result: /bin/grep
configure:5152: checking for egrep
configure:5214: result: /bin/grep -E
configure:5219: checking for ANSI C header files
configure:5239: gcc -c -D_LINUX_  conftest.c >&5
configure:5239: $? = 0
configure:5312: gcc -o conftest -D_LINUX_   conftest.c  >&5
configure:5312: $? = 0
configure:5312: ./conftest
configure:5312: $? = 0
configure:5323: result: yes
configure:5336: checking for sys/types.h
configure:5336: gcc -c -D_LINUX_  conftest.c >&5
configure:5336: $? = 0
configure:5336: result: yes
configure:5336: checking for sys/stat.h
configure:5336: gcc -c -D_LINUX_  conftest.c >&5
configure:5336: $? = 0
configure:5336: result: yes
configure:5336: checking for stdlib.h
configure:5336: gcc -c -D_LINUX_  conftest.c >&5
configure:5336: $? = 0
configure:5336: result: yes
configure:5336: checking for string.h
configure:5336: gcc -c -D_LINUX_  conftest.c >&5
configure:5336: $? = 0
configure:5336: result: yes
configure:5336: checking for memory.h
configure:5336: gcc -c -D_LINUX_  conftest.c >&5
configure:5336: $? = 0
configure:5336: result: yes
configure:5336: checking for strings.h
configure:5336: gcc -c -D_LINUX_  conftest.c >&5
configure:5336: $? = 0
configure:5336: result: yes
configure:5336: checking for inttypes.h
configure:5336: gcc -c -D_LINUX_  conftest.c >&5
configure:5336: $? = 0
configure:5336: result: yes
configure:5336: checking for stdint.h
configure:5336: gcc -c -D_LINUX_  conftest.c >&5
configure:5336: $? = 0
configure:5336: result: yes
configure:5336: checking for unistd.h
configure:5336: gcc -c -D_LINUX_  conftest.c >&5
configure:5336: $? = 0
configure:5336: result: yes
configure:5350: checking dlfcn.h usability
configure:5350: gcc -c -D_LINUX_  conftest.c >&5
configure:5350: $? = 0
configure:5350: result: yes
configure:5350: checking dlfcn.h presence
configure:5350: gcc -E  conftest.c
configure:5350: $? = 0
configure:5350: result: yes
configure:5350: checking for dlfcn.h
configure:5350: result: yes
configure:5547: checking for ranlib
configure:5574: result: ranlib
configure:5639: checking for strip
configure:5655: found /bin/strip
configure:5666: result: strip
configure:5867: checking for objdir
configure:5878: result: .libs
configure:5895: checking for gcc option to produce PIC
configure:6041: result: -fPIC
configure:6045: checking if gcc PIC flag -fPIC works
configure:6063: gcc -c -D_LINUX_ -fPIC -DPIC  conftest.c >&5
configure:6063: $? = 0
configure:6097: result: yes
configure:6113: checking if gcc static flag -static works
configure:6132: gcc -o conftest -D_LINUX_   -static conftest.c  >&5
/bin/ld: cannot find -lc
collect2: error: ld returned 1 exit status
configure:6132: $? = 1
configure: failed program was:
| /* confdefs.h */
| #define PACKAGE_NAME "jasper"
| #define PACKAGE_TARNAME "jasper"
| #define PACKAGE_VERSION "1.700.5"
| #define PACKAGE_STRING "jasper 1.700.5"
| #define PACKAGE_BUGREPORT ""
| #define PACKAGE_URL ""
| #define PACKAGE "jasper"
| #define VERSION "1.700.5"
| #define JAS_VERSION "1.700.5"
| #define JAS_CONFIGURE 1
| #define STDC_HEADERS 1
| #define HAVE_SYS_TYPES_H 1
| #define HAVE_SYS_STAT_H 1
| #define HAVE_STDLIB_H 1
| #define HAVE_STRING_H 1
| #define HAVE_MEMORY_H 1
| #define HAVE_STRINGS_H 1
| #define HAVE_INTTYPES_H 1
| #define HAVE_STDINT_H 1
| #define HAVE_UNISTD_H 1
| #define HAVE_DLFCN_H 1
| /* end confdefs.h.  */
| 
| int
| main ()
| {
| 
|   ;
|   return 0;
| }
configure:6144: result: no
configure:6156: checking if gcc supports -c -o file.o
configure:6176: gcc -c -D_LINUX_ -o out/conftest2.o  conftest.c >&5
configure:6200: result: yes
configure:6205: checking if gcc supports -c -o file.lo
configure:6227: gcc -c -D_LINUX_ -c -o conftest.lo  conftest.c >&5
configure:6227: $? = 0
configure:6244: result: yes
configure:6275: checking if gcc supports -fno-rtti -fno-exceptions
configure:6292: gcc -c -D_LINUX_ -fno-rtti -fno-exceptions -c conftest.c  conftest.c >&5
cc1: warning: command line option '-fno-rtti' is valid for C++/ObjC++ but not for C
cc1: warning: command line option '-fno-rtti' is valid for C++/ObjC++ but not for C
configure:6292: $? = 0
configure:6304: result: no
configure:6315: checking whether the linker (/bin/ld) supports shared libraries
configure:7010: result: yes
configure:7015: checking how to hardcode library paths into programs
configure:7039: result: immediate
configure:7044: checking whether stripping libraries is possible
configure:7049: result: yes
configure:7060: checking dynamic linker characteristics
configure:7321: gcc -c -D_LINUX_  conftest.c >&5
configure:7324: $? = 0
configure:7491: result: GNU/Linux ld.so
configure:7496: checking if libtool supports shared libraries
configure:7498: result: yes
configure:7501: checking whether to build shared libraries
configure:7522: result: no
configure:7525: checking whether to build static libraries
configure:7529: result: yes
configure:8604: checking for X
configure:8712: gcc -E  conftest.c
configure:8712: $? = 0
configure:8743: gcc -o conftest -D_LINUX_   conftest.c -lX11  >&5
configure:8743: $? = 0
configure:8793: result: libraries , headers 
configure:8892: gcc -o conftest -D_LINUX_   conftest.c   -lX11 >&5
configure:8892: $? = 0
configure:8990: checking for gethostbyname
configure:8990: gcc -o conftest -D_LINUX_   conftest.c  >&5
configure:8990: $? = 0
configure:8990: result: yes
configure:9087: checking for connect
configure:9087: gcc -o conftest -D_LINUX_   conftest.c  >&5
configure:9087: $? = 0
configure:9087: result: yes
configure:9136: checking for remove
configure:9136: gcc -o conftest -D_LINUX_   conftest.c  >&5
configure:9136: $? = 0
configure:9136: result: yes
configure:9185: checking for shmat
configure:9185: gcc -o conftest -D_LINUX_   conftest.c  >&5
configure:9185: $? = 0
configure:9185: result: yes
configure:9243: checking for IceConnectionNumber in -lICE
configure:9268: gcc -o conftest -D_LINUX_   conftest.c -lICE   >&5
/bin/ld: cannot find -lICE
collect2: error: ld returned 1 exit status
configure:9268: $? = 1
configure: failed program was:
| /* confdefs.h */
| #define PACKAGE_NAME "jasper"
| #define PACKAGE_TARNAME "jasper"
| #define PACKAGE_VERSION "1.700.5"
| #define PACKAGE_STRING "jasper 1.700.5"
| #define PACKAGE_BUGREPORT ""
| #define PACKAGE_URL ""
| #define PACKAGE "jasper"
| #define VERSION "1.700.5"
| #define JAS_VERSION "1.700.5"
| #define JAS_CONFIGURE 1
| #define STDC_HEADERS 1
| #define HAVE_SYS_TYPES_H 1
| #define HAVE_SYS_STAT_H 1
| #define HAVE_STDLIB_H 1
| #define HAVE_STRING_H 1
| #define HAVE_MEMORY_H 1
| #define HAVE_STRINGS_H 1
| #define HAVE_INTTYPES_H 1
| #define HAVE_STDINT_H 1
| #define HAVE_UNISTD_H 1
| #define HAVE_DLFCN_H 1
| /* end confdefs.h.  */
| 
| /* Override any GCC internal prototype to avoid an error.
|    Use char because int might match the return type of a GCC
|    builtin and then its argument prototype would still apply.  */
| #ifdef __cplusplus
| extern "C"
| #endif
| char IceConnectionNumber ();
| int
| main ()
| {
| return IceConnectionNumber ();
|   ;
|   return 0;
| }
configure:9277: result: no
configure:9288: checking whether variable-length arrays are supported
configure:9303: gcc -c -D_LINUX_  conftest.c >&5
configure:9303: $? = 0
configure:9304: result: yes
configure:9339: checking for jpeg_destroy in -ljpeg
configure:9364: gcc -o conftest -D_LINUX_   conftest.c -ljpeg   >&5
configure:9364: $? = 0
configure:9373: result: yes
configure:9453: checking for glutInit in -lglut
configure:9478: gcc -o conftest -D_LINUX_   conftest.c -lglut -lglut -lGL -lGLU  -lX11 -lXmu -lXi -lXext -lXt    -ljpeg >&5
/bin/ld: cannot find -lglut
/bin/ld: cannot find -lglut
/bin/ld: cannot find -lGL
/bin/ld: cannot find -lGLU
/bin/ld: cannot find -lXmu
/bin/ld: cannot find -lXi
/bin/ld: cannot find -lXext
/bin/ld: cannot find -lXt
collect2: error: ld returned 1 exit status
configure:9478: $? = 1
configure: failed program was:
| /* confdefs.h */
| #define PACKAGE_NAME "jasper"
| #define PACKAGE_TARNAME "jasper"
| #define PACKAGE_VERSION "1.700.5"
| #define PACKAGE_STRING "jasper 1.700.5"
| #define PACKAGE_BUGREPORT ""
| #define PACKAGE_URL ""
| #define PACKAGE "jasper"
| #define VERSION "1.700.5"
| #define JAS_VERSION "1.700.5"
| #define JAS_CONFIGURE 1
| #define STDC_HEADERS 1
| #define HAVE_SYS_TYPES_H 1
| #define HAVE_SYS_STAT_H 1
| #define HAVE_STDLIB_H 1
| #define HAVE_STRING_H 1
| #define HAVE_MEMORY_H 1
| #define HAVE_STRINGS_H 1
| #define HAVE_INTTYPES_H 1
| #define HAVE_STDINT_H 1
| #define HAVE_UNISTD_H 1
| #define HAVE_DLFCN_H 1
| #define HAVE_VLA 1
| /* end confdefs.h.  */
| 
| /* Override any GCC internal prototype to avoid an error.
|    Use char because int might match the return type of a GCC
|    builtin and then its argument prototype would still apply.  */
| #ifdef __cplusplus
| extern "C"
| #endif
| char glutInit ();
| int
| main ()
| {
| return glutInit ();
|   ;
|   return 0;
| }
configure:9487: result: no
configure:9497: checking GL/glut.h usability
configure:9497: gcc -c -D_LINUX_  conftest.c >&5
conftest.c:58:10: fatal error: GL/glut.h: No such file or directory
 #include <GL/glut.h>
          ^~~~~~~~~~~
compilation terminated.
configure:9497: $? = 1
configure: failed program was:
| /* confdefs.h */
| #define PACKAGE_NAME "jasper"
| #define PACKAGE_TARNAME "jasper"
| #define PACKAGE_VERSION "1.700.5"
| #define PACKAGE_STRING "jasper 1.700.5"
| #define PACKAGE_BUGREPORT ""
| #define PACKAGE_URL ""
| #define PACKAGE "jasper"
| #define VERSION "1.700.5"
| #define JAS_VERSION "1.700.5"
| #define JAS_CONFIGURE 1
| #define STDC_HEADERS 1
| #define HAVE_SYS_TYPES_H 1
| #define HAVE_SYS_STAT_H 1
| #define HAVE_STDLIB_H 1
| #define HAVE_STRING_H 1
| #define HAVE_MEMORY_H 1
| #define HAVE_STRINGS_H 1
| #define HAVE_INTTYPES_H 1
| #define HAVE_STDINT_H 1
| #define HAVE_UNISTD_H 1
| #define HAVE_DLFCN_H 1
| #define HAVE_VLA 1
| /* end confdefs.h.  */
| #include <stdio.h>
| #ifdef HAVE_SYS_TYPES_H
| # include <sys/types.h>
| #endif
| #ifdef HAVE_SYS_STAT_H
| # include <sys/stat.h>
| #endif
| #ifdef STDC_HEADERS
| # include <stdlib.h>
| # include <stddef.h>
| #else
| # ifdef HAVE_STDLIB_H
| #  include <stdlib.h>
| # endif
| #endif
| #ifdef HAVE_STRING_H
| # if !defined STDC_HEADERS && defined HAVE_MEMORY_H
| #  include <memory.h>
| # endif
| # include <string.h>
| #endif
| #ifdef HAVE_STRINGS_H
| # include <strings.h>
| #endif
| #ifdef HAVE_INTTYPES_H
| # include <inttypes.h>
| #endif
| #ifdef HAVE_STDINT_H
| # include <stdint.h>
| #endif
| #ifdef HAVE_UNISTD_H
| # include <unistd.h>
| #endif
| #include <GL/glut.h>
configure:9497: result: no
configure:9497: checking GL/glut.h presence
configure:9497: gcc -E  conftest.c
conftest.c:25:10: fatal error: GL/glut.h: No such file or directory
 #include <GL/glut.h>
          ^~~~~~~~~~~
compilation terminated.
configure:9497: $? = 1
configure: failed program was:
| /* confdefs.h */
| #define PACKAGE_NAME "jasper"
| #define PACKAGE_TARNAME "jasper"
| #define PACKAGE_VERSION "1.700.5"
| #define PACKAGE_STRING "jasper 1.700.5"
| #define PACKAGE_BUGREPORT ""
| #define PACKAGE_URL ""
| #define PACKAGE "jasper"
| #define VERSION "1.700.5"
| #define JAS_VERSION "1.700.5"
| #define JAS_CONFIGURE 1
| #define STDC_HEADERS 1
| #define HAVE_SYS_TYPES_H 1
| #define HAVE_SYS_STAT_H 1
| #define HAVE_STDLIB_H 1
| #define HAVE_STRING_H 1
| #define HAVE_MEMORY_H 1
| #define HAVE_STRINGS_H 1
| #define HAVE_INTTYPES_H 1
| #define HAVE_STDINT_H 1
| #define HAVE_UNISTD_H 1
| #define HAVE_DLFCN_H 1
| #define HAVE_VLA 1
| /* end confdefs.h.  */
| #include <GL/glut.h>
configure:9497: result: no
configure:9497: checking for GL/glut.h
configure:9497: result: no
configure:9518: checking whether OpenGL libraries and headers were detected
configure:9520: result: no
configure:9528: checking for main in -lm
configure:9547: gcc -o conftest -D_LINUX_   conftest.c -lm   -ljpeg >&5
configure:9547: $? = 0
configure:9556: result: yes
configure:9572: checking for ANSI C header files
configure:9676: result: yes
configure:9687: checking fcntl.h usability
configure:9687: gcc -c -D_LINUX_  conftest.c >&5
configure:9687: $? = 0
configure:9687: result: yes
configure:9687: checking fcntl.h presence
configure:9687: gcc -E  conftest.c
configure:9687: $? = 0
configure:9687: result: yes
configure:9687: checking for fcntl.h
configure:9687: result: yes
configure:9687: checking limits.h usability
configure:9687: gcc -c -D_LINUX_  conftest.c >&5
configure:9687: $? = 0
configure:9687: result: yes
configure:9687: checking limits.h presence
configure:9687: gcc -E  conftest.c
configure:9687: $? = 0
configure:9687: result: yes
configure:9687: checking for limits.h
configure:9687: result: yes
configure:9687: checking for unistd.h
configure:9687: result: yes
configure:9687: checking for stdint.h
configure:9687: result: yes
configure:9687: checking stdbool.h usability
configure:9687: gcc -c -D_LINUX_  conftest.c >&5
configure:9687: $? = 0
configure:9687: result: yes
configure:9687: checking stdbool.h presence
configure:9687: gcc -E  conftest.c
configure:9687: $? = 0
configure:9687: result: yes
configure:9687: checking for stdbool.h
configure:9687: result: yes
configure:9687: checking io.h usability
configure:9687: gcc -c -D_LINUX_  conftest.c >&5
conftest.c:65:10: fatal error: io.h: No such file or directory
 #include <io.h>
          ^~~~~~
compilation terminated.
configure:9687: $? = 1
configure: failed program was:
| /* confdefs.h */
| #define PACKAGE_NAME "jasper"
| #define PACKAGE_TARNAME "jasper"
| #define PACKAGE_VERSION "1.700.5"
| #define PACKAGE_STRING "jasper 1.700.5"
| #define PACKAGE_BUGREPORT ""
| #define PACKAGE_URL ""
| #define PACKAGE "jasper"
| #define VERSION "1.700.5"
| #define JAS_VERSION "1.700.5"
| #define JAS_CONFIGURE 1
| #define STDC_HEADERS 1
| #define HAVE_SYS_TYPES_H 1
| #define HAVE_SYS_STAT_H 1
| #define HAVE_STDLIB_H 1
| #define HAVE_STRING_H 1
| #define HAVE_MEMORY_H 1
| #define HAVE_STRINGS_H 1
| #define HAVE_INTTYPES_H 1
| #define HAVE_STDINT_H 1
| #define HAVE_UNISTD_H 1
| #define HAVE_DLFCN_H 1
| #define HAVE_VLA 1
| #define HAVE_LIBM 1
| #define STDC_HEADERS 1
| #define HAVE_FCNTL_H 1
| #define HAVE_LIMITS_H 1
| #define HAVE_UNISTD_H 1
| #define HAVE_STDINT_H 1
| #define HAVE_STDBOOL_H 1
| /* end confdefs.h.  */
| #include <stdio.h>
| #ifdef HAVE_SYS_TYPES_H
| # include <sys/types.h>
| #endif
| #ifdef HAVE_SYS_STAT_H
| # include <sys/stat.h>
| #endif
| #ifdef STDC_HEADERS
| # include <stdlib.h>
| # include <stddef.h>
| #else
| # ifdef HAVE_STDLIB_H
| #  include <stdlib.h>
| # endif
| #endif
| #ifdef HAVE_STRING_H
| # if !defined STDC_HEADERS && defined HAVE_MEMORY_H
| #  include <memory.h>
| # endif
| # include <string.h>
| #endif
| #ifdef HAVE_STRINGS_H
| # include <strings.h>
| #endif
| #ifdef HAVE_INTTYPES_H
| # include <inttypes.h>
| #endif
| #ifdef HAVE_STDINT_H
| # include <stdint.h>
| #endif
| #ifdef HAVE_UNISTD_H
| # include <unistd.h>
| #endif
| #include <io.h>
configure:9687: result: no
configure:9687: checking io.h presence
configure:9687: gcc -E  conftest.c
conftest.c:32:10: fatal error: io.h: No such file or directory
 #include <io.h>
          ^~~~~~
compilation terminated.
configure:9687: $? = 1
configure: failed program was:
| /* confdefs.h */
| #define PACKAGE_NAME "jasper"
| #define PACKAGE_TARNAME "jasper"
| #define PACKAGE_VERSION "1.700.5"
| #define PACKAGE_STRING "jasper 1.700.5"
| #define PACKAGE_BUGREPORT ""
| #define PACKAGE_URL ""
| #define PACKAGE "jasper"
| #define VERSION "1.700.5"
| #define JAS_VERSION "1.700.5"
| #define JAS_CONFIGURE 1
| #define STDC_HEADERS 1
| #define HAVE_SYS_TYPES_H 1
| #define HAVE_SYS_STAT_H 1
| #define HAVE_STDLIB_H 1
| #define HAVE_STRING_H 1
| #define HAVE_MEMORY_H 1
| #define HAVE_STRINGS_H 1
| #define HAVE_INTTYPES_H 1
| #define HAVE_STDINT_H 1
| #define HAVE_UNISTD_H 1
| #define HAVE_DLFCN_H 1
| #define HAVE_VLA 1
| #define HAVE_LIBM 1
| #define STDC_HEADERS 1
| #define HAVE_FCNTL_H 1
| #define HAVE_LIMITS_H 1
| #define HAVE_UNISTD_H 1
| #define HAVE_STDINT_H 1
| #define HAVE_STDBOOL_H 1
| /* end confdefs.h.  */
| #include <io.h>
configure:9687: result: no
configure:9687: checking for io.h
configure:9687: result: no
configure:9687: checking windows.h usability
configure:9687: gcc -c -D_LINUX_  conftest.c >&5
conftest.c:65:10: fatal error: windows.h: No such file or directory
 #include <windows.h>
          ^~~~~~~~~~~
compilation terminated.
configure:9687: $? = 1
configure: failed program was:
| /* confdefs.h */
| #define PACKAGE_NAME "jasper"
| #define PACKAGE_TARNAME "jasper"
| #define PACKAGE_VERSION "1.700.5"
| #define PACKAGE_STRING "jasper 1.700.5"
| #define PACKAGE_BUGREPORT ""
| #define PACKAGE_URL ""
| #define PACKAGE "jasper"
| #define VERSION "1.700.5"
| #define JAS_VERSION "1.700.5"
| #define JAS_CONFIGURE 1
| #define STDC_HEADERS 1
| #define HAVE_SYS_TYPES_H 1
| #define HAVE_SYS_STAT_H 1
| #define HAVE_STDLIB_H 1
| #define HAVE_STRING_H 1
| #define HAVE_MEMORY_H 1
| #define HAVE_STRINGS_H 1
| #define HAVE_INTTYPES_H 1
| #define HAVE_STDINT_H 1
| #define HAVE_UNISTD_H 1
| #define HAVE_DLFCN_H 1
| #define HAVE_VLA 1
| #define HAVE_LIBM 1
| #define STDC_HEADERS 1
| #define HAVE_FCNTL_H 1
| #define HAVE_LIMITS_H 1
| #define HAVE_UNISTD_H 1
| #define HAVE_STDINT_H 1
| #define HAVE_STDBOOL_H 1
| /* end confdefs.h.  */
| #include <stdio.h>
| #ifdef HAVE_SYS_TYPES_H
| # include <sys/types.h>
| #endif
| #ifdef HAVE_SYS_STAT_H
| # include <sys/stat.h>
| #endif
| #ifdef STDC_HEADERS
| # include <stdlib.h>
| # include <stddef.h>
| #else
| # ifdef HAVE_STDLIB_H
| #  include <stdlib.h>
| # endif
| #endif
| #ifdef HAVE_STRING_H
| # if !defined STDC_HEADERS && defined HAVE_MEMORY_H
| #  include <memory.h>
| # endif
| # include <string.h>
| #endif
| #ifdef HAVE_STRINGS_H
| # include <strings.h>
| #endif
| #ifdef HAVE_INTTYPES_H
| # include <inttypes.h>
| #endif
| #ifdef HAVE_STDINT_H
| # include <stdint.h>
| #endif
| #ifdef HAVE_UNISTD_H
| # include <unistd.h>
| #endif
| #include <windows.h>
configure:9687: result: no
configure:9687: checking windows.h presence
configure:9687: gcc -E  conftest.c
conftest.c:32:10: fatal error: windows.h: No such file or directory
 #include <windows.h>
          ^~~~~~~~~~~
compilation terminated.
configure:9687: $? = 1
configure: failed program was:
| /* confdefs.h */
| #define PACKAGE_NAME "jasper"
| #define PACKAGE_TARNAME "jasper"
| #define PACKAGE_VERSION "1.700.5"
| #define PACKAGE_STRING "jasper 1.700.5"
| #define PACKAGE_BUGREPORT ""
| #define PACKAGE_URL ""
| #define PACKAGE "jasper"
| #define VERSION "1.700.5"
| #define JAS_VERSION "1.700.5"
| #define JAS_CONFIGURE 1
| #define STDC_HEADERS 1
| #define HAVE_SYS_TYPES_H 1
| #define HAVE_SYS_STAT_H 1
| #define HAVE_STDLIB_H 1
| #define HAVE_STRING_H 1
| #define HAVE_MEMORY_H 1
| #define HAVE_STRINGS_H 1
| #define HAVE_INTTYPES_H 1
| #define HAVE_STDINT_H 1
| #define HAVE_UNISTD_H 1
| #define HAVE_DLFCN_H 1
| #define HAVE_VLA 1
| #define HAVE_LIBM 1
| #define STDC_HEADERS 1
| #define HAVE_FCNTL_H 1
| #define HAVE_LIMITS_H 1
| #define HAVE_UNISTD_H 1
| #define HAVE_STDINT_H 1
| #define HAVE_STDBOOL_H 1
| /* end confdefs.h.  */
| #include <windows.h>
configure:9687: result: no
configure:9687: checking for windows.h
configure:9687: result: no
configure:9687: checking for sys/types.h
configure:9687: result: yes
configure:9687: checking for stdlib.h
configure:9687: result: yes
configure:9687: checking stddef.h usability
configure:9687: gcc -c -D_LINUX_  conftest.c >&5
configure:9687: $? = 0
configure:9687: result: yes
configure:9687: checking stddef.h presence
configure:9687: gcc -E  conftest.c
configure:9687: $? = 0
configure:9687: result: yes
configure:9687: checking for stddef.h
configure:9687: result: yes
configure:9702: checking whether byte ordering is bigendian
configure:9717: gcc -c -D_LINUX_  conftest.c >&5
conftest.c:36:9: error: unknown type name 'not'
         not a universal capable compiler
         ^~~
conftest.c:36:15: error: expected '=', ',', ';', 'asm' or '__attribute__' before 'universal'
         not a universal capable compiler
               ^~~~~~~~~
conftest.c:36:15: error: unknown type name 'universal'
configure:9717: $? = 1
configure: failed program was:
| /* confdefs.h */
| #define PACKAGE_NAME "jasper"
| #define PACKAGE_TARNAME "jasper"
| #define PACKAGE_VERSION "1.700.5"
| #define PACKAGE_STRING "jasper 1.700.5"
| #define PACKAGE_BUGREPORT ""
| #define PACKAGE_URL ""
| #define PACKAGE "jasper"
| #define VERSION "1.700.5"
| #define JAS_VERSION "1.700.5"
| #define JAS_CONFIGURE 1
| #define STDC_HEADERS 1
| #define HAVE_SYS_TYPES_H 1
| #define HAVE_SYS_STAT_H 1
| #define HAVE_STDLIB_H 1
| #define HAVE_STRING_H 1
| #define HAVE_MEMORY_H 1
| #define HAVE_STRINGS_H 1
| #define HAVE_INTTYPES_H 1
| #define HAVE_STDINT_H 1
| #define HAVE_UNISTD_H 1
| #define HAVE_DLFCN_H 1
| #define HAVE_VLA 1
| #define HAVE_LIBM 1
| #define STDC_HEADERS 1
| #define HAVE_FCNTL_H 1
| #define HAVE_LIMITS_H 1
| #define HAVE_UNISTD_H 1
| #define HAVE_STDINT_H 1
| #define HAVE_STDBOOL_H 1
| #define HAVE_SYS_TYPES_H 1
| #define HAVE_STDLIB_H 1
| #define HAVE_STDDEF_H 1
| /* end confdefs.h.  */
| #ifndef __APPLE_CC__
| 	       not a universal capable compiler
| 	     #endif
| 	     typedef int dummy;
| 
configure:9762: gcc -c -D_LINUX_  conftest.c >&5
configure:9762: $? = 0
configure:9780: gcc -c -D_LINUX_  conftest.c >&5
conftest.c: In function 'main':
conftest.c:42:4: error: unknown type name 'not'; did you mean 'ino_t'?
    not big endian
    ^~~
    ino_t
conftest.c:42:12: error: expected '=', ',', ';', 'asm' or '__attribute__' before 'endian'
    not big endian
            ^~~~~~
configure:9780: $? = 1
configure: failed program was:
| /* confdefs.h */
| #define PACKAGE_NAME "jasper"
| #define PACKAGE_TARNAME "jasper"
| #define PACKAGE_VERSION "1.700.5"
| #define PACKAGE_STRING "jasper 1.700.5"
| #define PACKAGE_BUGREPORT ""
| #define PACKAGE_URL ""
| #define PACKAGE "jasper"
| #define VERSION "1.700.5"
| #define JAS_VERSION "1.700.5"
| #define JAS_CONFIGURE 1
| #define STDC_HEADERS 1
| #define HAVE_SYS_TYPES_H 1
| #define HAVE_SYS_STAT_H 1
| #define HAVE_STDLIB_H 1
| #define HAVE_STRING_H 1
| #define HAVE_MEMORY_H 1
| #define HAVE_STRINGS_H 1
| #define HAVE_INTTYPES_H 1
| #define HAVE_STDINT_H 1
| #define HAVE_UNISTD_H 1
| #define HAVE_DLFCN_H 1
| #define HAVE_VLA 1
| #define HAVE_LIBM 1
| #define STDC_HEADERS 1
| #define HAVE_FCNTL_H 1
| #define HAVE_LIMITS_H 1
| #define HAVE_UNISTD_H 1
| #define HAVE_STDINT_H 1
| #define HAVE_STDBOOL_H 1
| #define HAVE_SYS_TYPES_H 1
| #define HAVE_STDLIB_H 1
| #define HAVE_STDDEF_H 1
| /* end confdefs.h.  */
| #include <sys/types.h>
| 		#include <sys/param.h>
| 
| int
| main ()
| {
| #if BYTE_ORDER != BIG_ENDIAN
| 		 not big endian
| 		#endif
| 
|   ;
|   return 0;
| }
configure:9908: result: no
configure:9926: checking for an ANSI C-conforming const
configure:9992: gcc -c -D_LINUX_  conftest.c >&5
configure:9992: $? = 0
configure:9999: result: yes
configure:10007: checking for inline
configure:10023: gcc -c -D_LINUX_  conftest.c >&5
configure:10023: $? = 0
configure:10031: result: inline
configure:10049: checking for size_t
configure:10049: gcc -c -D_LINUX_  conftest.c >&5
configure:10049: $? = 0
configure:10049: gcc -c -D_LINUX_  conftest.c >&5
conftest.c: In function 'main':
conftest.c:71:21: error: expected expression before ')' token
 if (sizeof ((size_t)))
                     ^
configure:10049: $? = 1
configure: failed program was:
| /* confdefs.h */
| #define PACKAGE_NAME "jasper"
| #define PACKAGE_TARNAME "jasper"
| #define PACKAGE_VERSION "1.700.5"
| #define PACKAGE_STRING "jasper 1.700.5"
| #define PACKAGE_BUGREPORT ""
| #define PACKAGE_URL ""
| #define PACKAGE "jasper"
| #define VERSION "1.700.5"
| #define JAS_VERSION "1.700.5"
| #define JAS_CONFIGURE 1
| #define STDC_HEADERS 1
| #define HAVE_SYS_TYPES_H 1
| #define HAVE_SYS_STAT_H 1
| #define HAVE_STDLIB_H 1
| #define HAVE_STRING_H 1
| #define HAVE_MEMORY_H 1
| #define HAVE_STRINGS_H 1
| #define HAVE_INTTYPES_H 1
| #define HAVE_STDINT_H 1
| #define HAVE_UNISTD_H 1
| #define HAVE_DLFCN_H 1
| #define HAVE_VLA 1
| #define HAVE_LIBM 1
| #define STDC_HEADERS 1
| #define HAVE_FCNTL_H 1
| #define HAVE_LIMITS_H 1
| #define HAVE_UNISTD_H 1
| #define HAVE_STDINT_H 1
| #define HAVE_STDBOOL_H 1
| #define HAVE_SYS_TYPES_H 1
| #define HAVE_STDLIB_H 1
| #define HAVE_STDDEF_H 1
| /* end confdefs.h.  */
| #include <stdio.h>
| #ifdef HAVE_SYS_TYPES_H
| # include <sys/types.h>
| #endif
| #ifdef HAVE_SYS_STAT_H
| # include <sys/stat.h>
| #endif
| #ifdef STDC_HEADERS
| # include <stdlib.h>
| # include <stddef.h>
| #else
| # ifdef HAVE_STDLIB_H
| #  include <stdlib.h>
| # endif
| #endif
| #ifdef HAVE_STRING_H
| # if !defined STDC_HEADERS && defined HAVE_MEMORY_H
| #  include <memory.h>
| # endif
| # include <string.h>
| #endif
| #ifdef HAVE_STRINGS_H
| # include <strings.h>
| #endif
| #ifdef HAVE_INTTYPES_H
| # include <inttypes.h>
| #endif
| #ifdef HAVE_STDINT_H
| # include <stdint.h>
| #endif
| #ifdef HAVE_UNISTD_H
| # include <unistd.h>
| #endif
| int
| main ()
| {
| if (sizeof ((size_t)))
| 	    return 0;
|   ;
|   return 0;
| }
configure:10049: result: yes
configure:10064: checking size of short
configure:10069: gcc -o conftest -D_LINUX_   conftest.c -lm  -ljpeg >&5
configure:10069: $? = 0
configure:10069: ./conftest
configure:10069: $? = 0
configure:10083: result: 2
configure:10097: checking size of unsigned short
configure:10102: gcc -o conftest -D_LINUX_   conftest.c -lm  -ljpeg >&5
configure:10102: $? = 0
configure:10102: ./conftest
configure:10102: $? = 0
configure:10116: result: 2
configure:10130: checking size of int
configure:10135: gcc -o conftest -D_LINUX_   conftest.c -lm  -ljpeg >&5
configure:10135: $? = 0
configure:10135: ./conftest
configure:10135: $? = 0
configure:10149: result: 4
configure:10163: checking size of unsigned int
configure:10168: gcc -o conftest -D_LINUX_   conftest.c -lm  -ljpeg >&5
configure:10168: $? = 0
configure:10168: ./conftest
configure:10168: $? = 0
configure:10182: result: 4
configure:10196: checking size of long
configure:10201: gcc -o conftest -D_LINUX_   conftest.c -lm  -ljpeg >&5
configure:10201: $? = 0
configure:10201: ./conftest
configure:10201: $? = 0
configure:10215: result: 8
configure:10229: checking size of unsigned long
configure:10234: gcc -o conftest -D_LINUX_   conftest.c -lm  -ljpeg >&5
configure:10234: $? = 0
configure:10234: ./conftest
configure:10234: $? = 0
configure:10248: result: 8
configure:10262: checking size of long long
configure:10267: gcc -o conftest -D_LINUX_   conftest.c -lm  -ljpeg >&5
configure:10267: $? = 0
configure:10267: ./conftest
configure:10267: $? = 0
configure:10281: result: 8
configure:10295: checking size of unsigned long long
configure:10300: gcc -o conftest -D_LINUX_   conftest.c -lm  -ljpeg >&5
configure:10300: $? = 0
configure:10300: ./conftest
configure:10300: $? = 0
configure:10314: result: 8
configure:10324: checking for uchar
configure:10324: gcc -c -D_LINUX_  conftest.c >&5
conftest.c: In function 'main':
conftest.c:79:13: error: 'uchar' undeclared (first use in this function); did you mean 'u_char'?
 if (sizeof (uchar))
             ^~~~~
             u_char
conftest.c:79:13: note: each undeclared identifier is reported only once for each function it appears in
configure:10324: $? = 1
configure: failed program was:
| /* confdefs.h */
| #define PACKAGE_NAME "jasper"
| #define PACKAGE_TARNAME "jasper"
| #define PACKAGE_VERSION "1.700.5"
| #define PACKAGE_STRING "jasper 1.700.5"
| #define PACKAGE_BUGREPORT ""
| #define PACKAGE_URL ""
| #define PACKAGE "jasper"
| #define VERSION "1.700.5"
| #define JAS_VERSION "1.700.5"
| #define JAS_CONFIGURE 1
| #define STDC_HEADERS 1
| #define HAVE_SYS_TYPES_H 1
| #define HAVE_SYS_STAT_H 1
| #define HAVE_STDLIB_H 1
| #define HAVE_STRING_H 1
| #define HAVE_MEMORY_H 1
| #define HAVE_STRINGS_H 1
| #define HAVE_INTTYPES_H 1
| #define HAVE_STDINT_H 1
| #define HAVE_UNISTD_H 1
| #define HAVE_DLFCN_H 1
| #define HAVE_VLA 1
| #define HAVE_LIBM 1
| #define STDC_HEADERS 1
| #define HAVE_FCNTL_H 1
| #define HAVE_LIMITS_H 1
| #define HAVE_UNISTD_H 1
| #define HAVE_STDINT_H 1
| #define HAVE_STDBOOL_H 1
| #define HAVE_SYS_TYPES_H 1
| #define HAVE_STDLIB_H 1
| #define HAVE_STDDEF_H 1
| #define SIZEOF_SHORT 2
| #define SIZEOF_UNSIGNED_SHORT 2
| #define SIZEOF_INT 4
| #define SIZEOF_UNSIGNED_INT 4
| #define SIZEOF_LONG 8
| #define SIZEOF_UNSIGNED_LONG 8
| #define SIZEOF_LONG_LONG 8
| #define SIZEOF_UNSIGNED_LONG_LONG 8
| /* end confdefs.h.  */
| #include <stdio.h>
| #ifdef HAVE_SYS_TYPES_H
| # include <sys/types.h>
| #endif
| #ifdef HAVE_SYS_STAT_H
| # include <sys/stat.h>
| #endif
| #ifdef STDC_HEADERS
| # include <stdlib.h>
| # include <stddef.h>
| #else
| # ifdef HAVE_STDLIB_H
| #  include <stdlib.h>
| # endif
| #endif
| #ifdef HAVE_STRING_H
| # if !defined STDC_HEADERS && defined HAVE_MEMORY_H
| #  include <memory.h>
| # endif
| # include <string.h>
| #endif
| #ifdef HAVE_STRINGS_H
| # include <strings.h>
| #endif
| #ifdef HAVE_INTTYPES_H
| # include <inttypes.h>
| #endif
| #ifdef HAVE_STDINT_H
| # include <stdint.h>
| #endif
| #ifdef HAVE_UNISTD_H
| # include <unistd.h>
| #endif
| int
| main ()
| {
| if (sizeof (uchar))
| 	 return 0;
|   ;
|   return 0;
| }
configure:10324: result: no
configure:10335: checking for ushort
configure:10335: gcc -c -D_LINUX_  conftest.c >&5
configure:10335: $? = 0
configure:10335: gcc -c -D_LINUX_  conftest.c >&5
conftest.c: In function 'main':
conftest.c:80:21: error: expected expression before ')' token
 if (sizeof ((ushort)))
                     ^
configure:10335: $? = 1
configure: failed program was:
| /* confdefs.h */
| #define PACKAGE_NAME "jasper"
| #define PACKAGE_TARNAME "jasper"
| #define PACKAGE_VERSION "1.700.5"
| #define PACKAGE_STRING "jasper 1.700.5"
| #define PACKAGE_BUGREPORT ""
| #define PACKAGE_URL ""
| #define PACKAGE "jasper"
| #define VERSION "1.700.5"
| #define JAS_VERSION "1.700.5"
| #define JAS_CONFIGURE 1
| #define STDC_HEADERS 1
| #define HAVE_SYS_TYPES_H 1
| #define HAVE_SYS_STAT_H 1
| #define HAVE_STDLIB_H 1
| #define HAVE_STRING_H 1
| #define HAVE_MEMORY_H 1
| #define HAVE_STRINGS_H 1
| #define HAVE_INTTYPES_H 1
| #define HAVE_STDINT_H 1
| #define HAVE_UNISTD_H 1
| #define HAVE_DLFCN_H 1
| #define HAVE_VLA 1
| #define HAVE_LIBM 1
| #define STDC_HEADERS 1
| #define HAVE_FCNTL_H 1
| #define HAVE_LIMITS_H 1
| #define HAVE_UNISTD_H 1
| #define HAVE_STDINT_H 1
| #define HAVE_STDBOOL_H 1
| #define HAVE_SYS_TYPES_H 1
| #define HAVE_STDLIB_H 1
| #define HAVE_STDDEF_H 1
| #define SIZEOF_SHORT 2
| #define SIZEOF_UNSIGNED_SHORT 2
| #define SIZEOF_INT 4
| #define SIZEOF_UNSIGNED_INT 4
| #define SIZEOF_LONG 8
| #define SIZEOF_UNSIGNED_LONG 8
| #define SIZEOF_LONG_LONG 8
| #define SIZEOF_UNSIGNED_LONG_LONG 8
| #define uchar unsigned char
| /* end confdefs.h.  */
| #include <stdio.h>
| #ifdef HAVE_SYS_TYPES_H
| # include <sys/types.h>
| #endif
| #ifdef HAVE_SYS_STAT_H
| # include <sys/stat.h>
| #endif
| #ifdef STDC_HEADERS
| # include <stdlib.h>
| # include <stddef.h>
| #else
| # ifdef HAVE_STDLIB_H
| #  include <stdlib.h>
| # endif
| #endif
| #ifdef HAVE_STRING_H
| # if !defined STDC_HEADERS && defined HAVE_MEMORY_H
| #  include <memory.h>
| # endif
| # include <string.h>
| #endif
| #ifdef HAVE_STRINGS_H
| # include <strings.h>
| #endif
| #ifdef HAVE_INTTYPES_H
| # include <inttypes.h>
| #endif
| #ifdef HAVE_STDINT_H
| # include <stdint.h>
| #endif
| #ifdef HAVE_UNISTD_H
| # include <unistd.h>
| #endif
| int
| main ()
| {
| if (sizeof ((ushort)))
| 	    return 0;
|   ;
|   return 0;
| }
configure:10335: result: yes
configure:10346: checking for uint
configure:10346: gcc -c -D_LINUX_  conftest.c >&5
configure:10346: $? = 0
configure:10346: gcc -c -D_LINUX_  conftest.c >&5
conftest.c: In function 'main':
conftest.c:80:19: error: expected expression before ')' token
 if (sizeof ((uint)))
                   ^
configure:10346: $? = 1
configure: failed program was:
| /* confdefs.h */
| #define PACKAGE_NAME "jasper"
| #define PACKAGE_TARNAME "jasper"
| #define PACKAGE_VERSION "1.700.5"
| #define PACKAGE_STRING "jasper 1.700.5"
| #define PACKAGE_BUGREPORT ""
| #define PACKAGE_URL ""
| #define PACKAGE "jasper"
| #define VERSION "1.700.5"
| #define JAS_VERSION "1.700.5"
| #define JAS_CONFIGURE 1
| #define STDC_HEADERS 1
| #define HAVE_SYS_TYPES_H 1
| #define HAVE_SYS_STAT_H 1
| #define HAVE_STDLIB_H 1
| #define HAVE_STRING_H 1
| #define HAVE_MEMORY_H 1
| #define HAVE_STRINGS_H 1
| #define HAVE_INTTYPES_H 1
| #define HAVE_STDINT_H 1
| #define HAVE_UNISTD_H 1
| #define HAVE_DLFCN_H 1
| #define HAVE_VLA 1
| #define HAVE_LIBM 1
| #define STDC_HEADERS 1
| #define HAVE_FCNTL_H 1
| #define HAVE_LIMITS_H 1
| #define HAVE_UNISTD_H 1
| #define HAVE_STDINT_H 1
| #define HAVE_STDBOOL_H 1
| #define HAVE_SYS_TYPES_H 1
| #define HAVE_STDLIB_H 1
| #define HAVE_STDDEF_H 1
| #define SIZEOF_SHORT 2
| #define SIZEOF_UNSIGNED_SHORT 2
| #define SIZEOF_INT 4
| #define SIZEOF_UNSIGNED_INT 4
| #define SIZEOF_LONG 8
| #define SIZEOF_UNSIGNED_LONG 8
| #define SIZEOF_LONG_LONG 8
| #define SIZEOF_UNSIGNED_LONG_LONG 8
| #define uchar unsigned char
| /* end confdefs.h.  */
| #include <stdio.h>
| #ifdef HAVE_SYS_TYPES_H
| # include <sys/types.h>
| #endif
| #ifdef HAVE_SYS_STAT_H
| # include <sys/stat.h>
| #endif
| #ifdef STDC_HEADERS
| # include <stdlib.h>
| # include <stddef.h>
| #else
| # ifdef HAVE_STDLIB_H
| #  include <stdlib.h>
| # endif
| #endif
| #ifdef HAVE_STRING_H
| # if !defined STDC_HEADERS && defined HAVE_MEMORY_H
| #  include <memory.h>
| # endif
| # include <string.h>
| #endif
| #ifdef HAVE_STRINGS_H
| # include <strings.h>
| #endif
| #ifdef HAVE_INTTYPES_H
| # include <inttypes.h>
| #endif
| #ifdef HAVE_STDINT_H
| # include <stdint.h>
| #endif
| #ifdef HAVE_UNISTD_H
| # include <unistd.h>
| #endif
| int
| main ()
| {
| if (sizeof ((uint)))
| 	    return 0;
|   ;
|   return 0;
| }
configure:10346: result: yes
configure:10357: checking for ulong
configure:10357: gcc -c -D_LINUX_  conftest.c >&5
configure:10357: $? = 0
configure:10357: gcc -c -D_LINUX_  conftest.c >&5
conftest.c: In function 'main':
conftest.c:80:20: error: expected expression before ')' token
 if (sizeof ((ulong)))
                    ^
configure:10357: $? = 1
configure: failed program was:
| /* confdefs.h */
| #define PACKAGE_NAME "jasper"
| #define PACKAGE_TARNAME "jasper"
| #define PACKAGE_VERSION "1.700.5"
| #define PACKAGE_STRING "jasper 1.700.5"
| #define PACKAGE_BUGREPORT ""
| #define PACKAGE_URL ""
| #define PACKAGE "jasper"
| #define VERSION "1.700.5"
| #define JAS_VERSION "1.700.5"
| #define JAS_CONFIGURE 1
| #define STDC_HEADERS 1
| #define HAVE_SYS_TYPES_H 1
| #define HAVE_SYS_STAT_H 1
| #define HAVE_STDLIB_H 1
| #define HAVE_STRING_H 1
| #define HAVE_MEMORY_H 1
| #define HAVE_STRINGS_H 1
| #define HAVE_INTTYPES_H 1
| #define HAVE_STDINT_H 1
| #define HAVE_UNISTD_H 1
| #define HAVE_DLFCN_H 1
| #define HAVE_VLA 1
| #define HAVE_LIBM 1
| #define STDC_HEADERS 1
| #define HAVE_FCNTL_H 1
| #define HAVE_LIMITS_H 1
| #define HAVE_UNISTD_H 1
| #define HAVE_STDINT_H 1
| #define HAVE_STDBOOL_H 1
| #define HAVE_SYS_TYPES_H 1
| #define HAVE_STDLIB_H 1
| #define HAVE_STDDEF_H 1
| #define SIZEOF_SHORT 2
| #define SIZEOF_UNSIGNED_SHORT 2
| #define SIZEOF_INT 4
| #define SIZEOF_UNSIGNED_INT 4
| #define SIZEOF_LONG 8
| #define SIZEOF_UNSIGNED_LONG 8
| #define SIZEOF_LONG_LONG 8
| #define SIZEOF_UNSIGNED_LONG_LONG 8
| #define uchar unsigned char
| /* end confdefs.h.  */
| #include <stdio.h>
| #ifdef HAVE_SYS_TYPES_H
| # include <sys/types.h>
| #endif
| #ifdef HAVE_SYS_STAT_H
| # include <sys/stat.h>
| #endif
| #ifdef STDC_HEADERS
| # include <stdlib.h>
| # include <stddef.h>
| #else
| # ifdef HAVE_STDLIB_H
| #  include <stdlib.h>
| # endif
| #endif
| #ifdef HAVE_STRING_H
| # if !defined STDC_HEADERS && defined HAVE_MEMORY_H
| #  include <memory.h>
| # endif
| # include <string.h>
| #endif
| #ifdef HAVE_STRINGS_H
| # include <strings.h>
| #endif
| #ifdef HAVE_INTTYPES_H
| # include <inttypes.h>
| #endif
| #ifdef HAVE_STDINT_H
| # include <stdint.h>
| #endif
| #ifdef HAVE_UNISTD_H
| # include <unistd.h>
| #endif
| int
| main ()
| {
| if (sizeof ((ulong)))
| 	    return 0;
|   ;
|   return 0;
| }
configure:10357: result: yes
configure:10368: checking for longlong
configure:10368: gcc -c -D_LINUX_  conftest.c >&5
conftest.c: In function 'main':
conftest.c:80:13: error: 'longlong' undeclared (first use in this function); did you mean 'long int'?
 if (sizeof (longlong))
             ^~~~~~~~
             long int
conftest.c:80:13: note: each undeclared identifier is reported only once for each function it appears in
configure:10368: $? = 1
configure: failed program was:
| /* confdefs.h */
| #define PACKAGE_NAME "jasper"
| #define PACKAGE_TARNAME "jasper"
| #define PACKAGE_VERSION "1.700.5"
| #define PACKAGE_STRING "jasper 1.700.5"
| #define PACKAGE_BUGREPORT ""
| #define PACKAGE_URL ""
| #define PACKAGE "jasper"
| #define VERSION "1.700.5"
| #define JAS_VERSION "1.700.5"
| #define JAS_CONFIGURE 1
| #define STDC_HEADERS 1
| #define HAVE_SYS_TYPES_H 1
| #define HAVE_SYS_STAT_H 1
| #define HAVE_STDLIB_H 1
| #define HAVE_STRING_H 1
| #define HAVE_MEMORY_H 1
| #define HAVE_STRINGS_H 1
| #define HAVE_INTTYPES_H 1
| #define HAVE_STDINT_H 1
| #define HAVE_UNISTD_H 1
| #define HAVE_DLFCN_H 1
| #define HAVE_VLA 1
| #define HAVE_LIBM 1
| #define STDC_HEADERS 1
| #define HAVE_FCNTL_H 1
| #define HAVE_LIMITS_H 1
| #define HAVE_UNISTD_H 1
| #define HAVE_STDINT_H 1
| #define HAVE_STDBOOL_H 1
| #define HAVE_SYS_TYPES_H 1
| #define HAVE_STDLIB_H 1
| #define HAVE_STDDEF_H 1
| #define SIZEOF_SHORT 2
| #define SIZEOF_UNSIGNED_SHORT 2
| #define SIZEOF_INT 4
| #define SIZEOF_UNSIGNED_INT 4
| #define SIZEOF_LONG 8
| #define SIZEOF_UNSIGNED_LONG 8
| #define SIZEOF_LONG_LONG 8
| #define SIZEOF_UNSIGNED_LONG_LONG 8
| #define uchar unsigned char
| /* end confdefs.h.  */
| #include <stdio.h>
| #ifdef HAVE_SYS_TYPES_H
| # include <sys/types.h>
| #endif
| #ifdef HAVE_SYS_STAT_H
| # include <sys/stat.h>
| #endif
| #ifdef STDC_HEADERS
| # include <stdlib.h>
| # include <stddef.h>
| #else
| # ifdef HAVE_STDLIB_H
| #  include <stdlib.h>
| # endif
| #endif
| #ifdef HAVE_STRING_H
| # if !defined STDC_HEADERS && defined HAVE_MEMORY_H
| #  include <memory.h>
| # endif
| # include <string.h>
| #endif
| #ifdef HAVE_STRINGS_H
| # include <strings.h>
| #endif
| #ifdef HAVE_INTTYPES_H
| # include <inttypes.h>
| #endif
| #ifdef HAVE_STDINT_H
| # include <stdint.h>
| #endif
| #ifdef HAVE_UNISTD_H
| # include <unistd.h>
| #endif
| int
| main ()
| {
| if (sizeof (longlong))
| 	 return 0;
|   ;
|   return 0;
| }
configure:10368: result: no
configure:10379: checking for ulonglong
configure:10379: gcc -c -D_LINUX_  conftest.c >&5
conftest.c: In function 'main':
conftest.c:81:13: error: 'ulonglong' undeclared (first use in this function); did you mean 'longlong'?
 if (sizeof (ulonglong))
             ^~~~~~~~~
             longlong
conftest.c:81:13: note: each undeclared identifier is reported only once for each function it appears in
configure:10379: $? = 1
configure: failed program was:
| /* confdefs.h */
| #define PACKAGE_NAME "jasper"
| #define PACKAGE_TARNAME "jasper"
| #define PACKAGE_VERSION "1.700.5"
| #define PACKAGE_STRING "jasper 1.700.5"
| #define PACKAGE_BUGREPORT ""
| #define PACKAGE_URL ""
| #define PACKAGE "jasper"
| #define VERSION "1.700.5"
| #define JAS_VERSION "1.700.5"
| #define JAS_CONFIGURE 1
| #define STDC_HEADERS 1
| #define HAVE_SYS_TYPES_H 1
| #define HAVE_SYS_STAT_H 1
| #define HAVE_STDLIB_H 1
| #define HAVE_STRING_H 1
| #define HAVE_MEMORY_H 1
| #define HAVE_STRINGS_H 1
| #define HAVE_INTTYPES_H 1
| #define HAVE_STDINT_H 1
| #define HAVE_UNISTD_H 1
| #define HAVE_DLFCN_H 1
| #define HAVE_VLA 1
| #define HAVE_LIBM 1
| #define STDC_HEADERS 1
| #define HAVE_FCNTL_H 1
| #define HAVE_LIMITS_H 1
| #define HAVE_UNISTD_H 1
| #define HAVE_STDINT_H 1
| #define HAVE_STDBOOL_H 1
| #define HAVE_SYS_TYPES_H 1
| #define HAVE_STDLIB_H 1
| #define HAVE_STDDEF_H 1
| #define SIZEOF_SHORT 2
| #define SIZEOF_UNSIGNED_SHORT 2
| #define SIZEOF_INT 4
| #define SIZEOF_UNSIGNED_INT 4
| #define SIZEOF_LONG 8
| #define SIZEOF_UNSIGNED_LONG 8
| #define SIZEOF_LONG_LONG 8
| #define SIZEOF_UNSIGNED_LONG_LONG 8
| #define uchar unsigned char
| #define longlong long long
| /* end confdefs.h.  */
| #include <stdio.h>
| #ifdef HAVE_SYS_TYPES_H
| # include <sys/types.h>
| #endif
| #ifdef HAVE_SYS_STAT_H
| # include <sys/stat.h>
| #endif
| #ifdef STDC_HEADERS
| # include <stdlib.h>
| # include <stddef.h>
| #else
| # ifdef HAVE_STDLIB_H
| #  include <stdlib.h>
| # endif
| #endif
| #ifdef HAVE_STRING_H
| # if !defined STDC_HEADERS && defined HAVE_MEMORY_H
| #  include <memory.h>
| # endif
| # include <string.h>
| #endif
| #ifdef HAVE_STRINGS_H
| # include <strings.h>
| #endif
| #ifdef HAVE_INTTYPES_H
| # include <inttypes.h>
| #endif
| #ifdef HAVE_STDINT_H
| # include <stdint.h>
| #endif
| #ifdef HAVE_UNISTD_H
| # include <unistd.h>
| #endif
| int
| main ()
| {
| if (sizeof (ulonglong))
| 	 return 0;
|   ;
|   return 0;
| }
configure:10379: result: no
configure:10390: checking for ssize_t
configure:10390: gcc -c -D_LINUX_  conftest.c >&5
configure:10390: $? = 0
configure:10390: gcc -c -D_LINUX_  conftest.c >&5
conftest.c: In function 'main':
conftest.c:82:22: error: expected expression before ')' token
 if (sizeof ((ssize_t)))
                      ^
configure:10390: $? = 1
configure: failed program was:
| /* confdefs.h */
| #define PACKAGE_NAME "jasper"
| #define PACKAGE_TARNAME "jasper"
| #define PACKAGE_VERSION "1.700.5"
| #define PACKAGE_STRING "jasper 1.700.5"
| #define PACKAGE_BUGREPORT ""
| #define PACKAGE_URL ""
| #define PACKAGE "jasper"
| #define VERSION "1.700.5"
| #define JAS_VERSION "1.700.5"
| #define JAS_CONFIGURE 1
| #define STDC_HEADERS 1
| #define HAVE_SYS_TYPES_H 1
| #define HAVE_SYS_STAT_H 1
| #define HAVE_STDLIB_H 1
| #define HAVE_STRING_H 1
| #define HAVE_MEMORY_H 1
| #define HAVE_STRINGS_H 1
| #define HAVE_INTTYPES_H 1
| #define HAVE_STDINT_H 1
| #define HAVE_UNISTD_H 1
| #define HAVE_DLFCN_H 1
| #define HAVE_VLA 1
| #define HAVE_LIBM 1
| #define STDC_HEADERS 1
| #define HAVE_FCNTL_H 1
| #define HAVE_LIMITS_H 1
| #define HAVE_UNISTD_H 1
| #define HAVE_STDINT_H 1
| #define HAVE_STDBOOL_H 1
| #define HAVE_SYS_TYPES_H 1
| #define HAVE_STDLIB_H 1
| #define HAVE_STDDEF_H 1
| #define SIZEOF_SHORT 2
| #define SIZEOF_UNSIGNED_SHORT 2
| #define SIZEOF_INT 4
| #define SIZEOF_UNSIGNED_INT 4
| #define SIZEOF_LONG 8
| #define SIZEOF_UNSIGNED_LONG 8
| #define SIZEOF_LONG_LONG 8
| #define SIZEOF_UNSIGNED_LONG_LONG 8
| #define uchar unsigned char
| #define longlong long long
| #define ulonglong unsigned long long
| /* end confdefs.h.  */
| #include <stdio.h>
| #ifdef HAVE_SYS_TYPES_H
| # include <sys/types.h>
| #endif
| #ifdef HAVE_SYS_STAT_H
| # include <sys/stat.h>
| #endif
| #ifdef STDC_HEADERS
| # include <stdlib.h>
| # include <stddef.h>
| #else
| # ifdef HAVE_STDLIB_H
| #  include <stdlib.h>
| # endif
| #endif
| #ifdef HAVE_STRING_H
| # if !defined STDC_HEADERS && defined HAVE_MEMORY_H
| #  include <memory.h>
| # endif
| # include <string.h>
| #endif
| #ifdef HAVE_STRINGS_H
| # include <strings.h>
| #endif
| #ifdef HAVE_INTTYPES_H
| # include <inttypes.h>
| #endif
| #ifdef HAVE_STDINT_H
| # include <stdint.h>
| #endif
| #ifdef HAVE_UNISTD_H
| # include <unistd.h>
| #endif
| int
| main ()
| {
| if (sizeof ((ssize_t)))
| 	    return 0;
|   ;
|   return 0;
| }
configure:10390: result: yes
configure:10408: checking for vprintf
configure:10408: gcc -o conftest -D_LINUX_   conftest.c -lm  -ljpeg >&5
conftest.c:69:6: warning: conflicting types for built-in function 'vprintf' [-Wbuiltin-declaration-mismatch]
 char vprintf ();
      ^~~~~~~
configure:10408: $? = 0
configure:10408: result: yes
configure:10414: checking for _doprnt
configure:10414: gcc -o conftest -D_LINUX_   conftest.c -lm  -ljpeg >&5
/tmp/cc5Jxi8s.o: In function `main':
conftest.c:(.text+0xa): undefined reference to `_doprnt'
collect2: error: ld returned 1 exit status
configure:10414: $? = 1
configure: failed program was:
| /* confdefs.h */
| #define PACKAGE_NAME "jasper"
| #define PACKAGE_TARNAME "jasper"
| #define PACKAGE_VERSION "1.700.5"
| #define PACKAGE_STRING "jasper 1.700.5"
| #define PACKAGE_BUGREPORT ""
| #define PACKAGE_URL ""
| #define PACKAGE "jasper"
| #define VERSION "1.700.5"
| #define JAS_VERSION "1.700.5"
| #define JAS_CONFIGURE 1
| #define STDC_HEADERS 1
| #define HAVE_SYS_TYPES_H 1
| #define HAVE_SYS_STAT_H 1
| #define HAVE_STDLIB_H 1
| #define HAVE_STRING_H 1
| #define HAVE_MEMORY_H 1
| #define HAVE_STRINGS_H 1
| #define HAVE_INTTYPES_H 1
| #define HAVE_STDINT_H 1
| #define HAVE_UNISTD_H 1
| #define HAVE_DLFCN_H 1
| #define HAVE_VLA 1
| #define HAVE_LIBM 1
| #define STDC_HEADERS 1
| #define HAVE_FCNTL_H 1
| #define HAVE_LIMITS_H 1
| #define HAVE_UNISTD_H 1
| #define HAVE_STDINT_H 1
| #define HAVE_STDBOOL_H 1
| #define HAVE_SYS_TYPES_H 1
| #define HAVE_STDLIB_H 1
| #define HAVE_STDDEF_H 1
| #define SIZEOF_SHORT 2
| #define SIZEOF_UNSIGNED_SHORT 2
| #define SIZEOF_INT 4
| #define SIZEOF_UNSIGNED_INT 4
| #define SIZEOF_LONG 8
| #define SIZEOF_UNSIGNED_LONG 8
| #define SIZEOF_LONG_LONG 8
| #define SIZEOF_UNSIGNED_LONG_LONG 8
| #define uchar unsigned char
| #define longlong long long
| #define ulonglong unsigned long long
| #define HAVE_VPRINTF 1
| /* end confdefs.h.  */
| /* Define _doprnt to an innocuous variant, in case <limits.h> declares _doprnt.
|    For example, HP-UX 11i <limits.h> declares gettimeofday.  */
| #define _doprnt innocuous__doprnt
| 
| /* System header to define __stub macros and hopefully few prototypes,
|     which can conflict with char _doprnt (); below.
|     Prefer <limits.h> to <assert.h> if __STDC__ is defined, since
|     <limits.h> exists even on freestanding compilers.  */
| 
| #ifdef __STDC__
| # include <limits.h>
| #else
| # include <assert.h>
| #endif
| 
| #undef _doprnt
| 
| /* Override any GCC internal prototype to avoid an error.
|    Use char because int might match the return type of a GCC
|    builtin and then its argument prototype would still apply.  */
| #ifdef __cplusplus
| extern "C"
| #endif
| char _doprnt ();
| /* The GNU C library defines this for functions which it implements
|     to always fail with ENOSYS.  Some functions are actually named
|     something starting with __ and the normal name is an alias.  */
| #if defined __stub__doprnt || defined __stub____doprnt
| choke me
| #endif
| 
| int
| main ()
| {
| return _doprnt ();
|   ;
|   return 0;
| }
configure:10414: result: no
configure:10636: creating ./config.status

## ---------------------- ##
## Running config.status. ##
## ---------------------- ##

This file was extended by jasper config.status 1.700.5, which was
generated by GNU Autoconf 2.69.  Invocation command line was

  CONFIG_FILES    = 
  CONFIG_HEADERS  = 
  CONFIG_LINKS    = 
  CONFIG_COMMANDS = 
  $ ./config.status 

on int-aajay-1.monetate.org

config.status:904: creating Makefile
config.status:1007: WARNING:  'Makefile.in' seems to ignore the --datarootdir setting
config.status:904: creating src/Makefile
config.status:1007: WARNING:  'src/Makefile.in' seems to ignore the --datarootdir setting
config.status:904: creating src/libjasper/Makefile
config.status:1007: WARNING:  'src/libjasper/Makefile.in' seems to ignore the --datarootdir setting
config.status:904: creating src/libjasper/base/Makefile
config.status:1007: WARNING:  'src/libjasper/base/Makefile.in' seems to ignore the --datarootdir setting
config.status:904: creating src/libjasper/include/Makefile
config.status:1007: WARNING:  'src/libjasper/include/Makefile.in' seems to ignore the --datarootdir setting
config.status:904: creating src/libjasper/include/jasper/Makefile
config.status:1007: WARNING:  'src/libjasper/include/jasper/Makefile.in' seems to ignore the --datarootdir setting
config.status:904: creating src/libjasper/jpc/Makefile
config.status:1007: WARNING:  'src/libjasper/jpc/Makefile.in' seems to ignore the --datarootdir setting
config.status:904: creating jasper.spec
config.status:904: creating src/libjasper/include/jasper/jas_config.h
config.status:1093: executing depfiles commands

## ---------------- ##
## Cache variables. ##
## ---------------- ##

ac_cv_build=x86_64-pc-linux-gnu
ac_cv_c_bigendian=no
ac_cv_c_compiler_gnu=yes
ac_cv_c_const=yes
ac_cv_c_inline=inline
ac_cv_env_CC_set=set
ac_cv_env_CC_value=gcc
ac_cv_env_CFLAGS_set=set
ac_cv_env_CFLAGS_value=-D_LINUX_
ac_cv_env_CPPFLAGS_set=
ac_cv_env_CPPFLAGS_value=
ac_cv_env_CPP_set=
ac_cv_env_CPP_value=
ac_cv_env_LDFLAGS_set=
ac_cv_env_LDFLAGS_value=
ac_cv_env_LIBS_set=
ac_cv_env_LIBS_value=
ac_cv_env_XMKMF_set=
ac_cv_env_XMKMF_value=
ac_cv_env_build_alias_set=
ac_cv_env_build_alias_value=
ac_cv_env_host_alias_set=
ac_cv_env_host_alias_value=
ac_cv_env_target_alias_set=
ac_cv_env_target_alias_value=
ac_cv_func__doprnt=no
ac_cv_func_connect=yes
ac_cv_func_gethostbyname=yes
ac_cv_func_remove=yes
ac_cv_func_shmat=yes
ac_cv_func_vprintf=yes
ac_cv_have_x='have_x=yes	ac_x_includes='\'''\''	ac_x_libraries='\'''\'''
ac_cv_header_GL_glut_h=no
ac_cv_header_dlfcn_h=yes
ac_cv_header_fcntl_h=yes
ac_cv_header_inttypes_h=yes
ac_cv_header_io_h=no
ac_cv_header_limits_h=yes
ac_cv_header_memory_h=yes
ac_cv_header_stdbool_h=yes
ac_cv_header_stdc=yes
ac_cv_header_stddef_h=yes
ac_cv_header_stdint_h=yes
ac_cv_header_stdlib_h=yes
ac_cv_header_string_h=yes
ac_cv_header_strings_h=yes
ac_cv_header_sys_stat_h=yes
ac_cv_header_sys_types_h=yes
ac_cv_header_unistd_h=yes
ac_cv_header_windows_h=no
ac_cv_host=x86_64-pc-linux-gnu
ac_cv_lib_ICE_IceConnectionNumber=no
ac_cv_lib_glut_glutInit=no
ac_cv_lib_jpeg_jpeg_destroy=yes
ac_cv_lib_m_main=yes
ac_cv_objext=o
ac_cv_path_EGREP='/bin/grep -E'
ac_cv_path_GREP=/bin/grep
ac_cv_path_install='/bin/install -c'
ac_cv_prog_AWK=gawk
ac_cv_prog_CPP='gcc -E'
ac_cv_prog_ac_ct_CC=gcc
ac_cv_prog_ac_ct_RANLIB=ranlib
ac_cv_prog_ac_ct_STRIP=strip
ac_cv_prog_cc_c89=
ac_cv_prog_cc_g=yes
ac_cv_prog_make_make_set=yes
ac_cv_sizeof_int=4
ac_cv_sizeof_long=8
ac_cv_sizeof_long_long=8
ac_cv_sizeof_short=2
ac_cv_sizeof_unsigned_int=4
ac_cv_sizeof_unsigned_long=8
ac_cv_sizeof_unsigned_long_long=8
ac_cv_sizeof_unsigned_short=2
ac_cv_target=x86_64-pc-linux-gnu
ac_cv_type_longlong=no
ac_cv_type_size_t=yes
ac_cv_type_ssize_t=yes
ac_cv_type_uchar=no
ac_cv_type_uint=yes
ac_cv_type_ulong=yes
ac_cv_type_ulonglong=no
ac_cv_type_ushort=yes
am_cv_CC_dependencies_compiler_type=gcc3
lt_cv_compiler_c_o=yes
lt_cv_compiler_o_lo=yes
lt_cv_deplibs_check_method=pass_all
lt_cv_file_magic_cmd='$MAGIC_CMD'
lt_cv_file_magic_test_file='/lib/libc.so* /lib/libc-*.so'
lt_cv_global_symbol_to_c_name_address='sed -n -e '\''s/^: \([^ ]*\) $/  {\"\1\", (lt_ptr) 0},/p'\'' -e '\''s/^[BCDEGRST] \([^ ]*\) \([^ ]*\)$/  {"\2", (lt_ptr) \&\2},/p'\'''
lt_cv_global_symbol_to_cdecl='sed -n -e '\''s/^. .* \(.*\)$/extern char \1;/p'\'''
lt_cv_ld_reload_flag=-r
lt_cv_path_LD=/bin/ld
lt_cv_path_NM='/bin/nm -B'
lt_cv_path_SED=/bin/sed
lt_cv_prog_cc_can_build_shared=yes
lt_cv_prog_cc_no_builtin=
lt_cv_prog_cc_pic=' -fPIC'
lt_cv_prog_cc_pic_works=yes
lt_cv_prog_cc_shlib=
lt_cv_prog_cc_static=
lt_cv_prog_cc_static_works=no
lt_cv_prog_cc_wl=-Wl,
lt_cv_prog_gnu_ld=yes
lt_cv_sys_global_symbol_pipe='sed -n -e '\''s/^.*[ 	]\([ABCDGISTW][ABCDGISTW]*\)[ 	][ 	]*\(\)\([_A-Za-z][_A-Za-z0-9]*\)$/\1 \2\3 \3/p'\'''

## ----------------- ##
## Output variables. ##
## ----------------- ##

ACLOCAL='${SHELL} /home/ec2-user/degrib/src/jpeg2000/acaux/missing --run aclocal-1.6'
AMDEPBACKSLASH='\'
AMDEP_FALSE='#'
AMDEP_TRUE=''
AMTAR='${SHELL} /home/ec2-user/degrib/src/jpeg2000/acaux/missing --run tar'
AUTOCONF='${SHELL} /home/ec2-user/degrib/src/jpeg2000/acaux/missing --run autoconf'
AUTOHEADER='${SHELL} /home/ec2-user/degrib/src/jpeg2000/acaux/missing --run autoheader'
AUTOMAKE='${SHELL} /home/ec2-user/degrib/src/jpeg2000/acaux/missing --run automake-1.6'
AWK='gawk'
CC='gcc'
CCDEPMODE='depmode=gcc3'
CFLAGS='-D_LINUX_ -W -Wall -Wno-long-long -Wformat -Wmissing-prototypes -Wstrict-prototypes -pedantic'
CPP='gcc -E'
CPPFLAGS=''
DEFS='-DHAVE_CONFIG_H'
DEPDIR='.deps'
ECHO='echo'
ECHO_C=''
ECHO_N='-n'
ECHO_T=''
EGREP='/bin/grep -E'
EXEEXT=''
GREP='/bin/grep'
HAVE_LIBJPEG_FALSE='#'
HAVE_LIBJPEG_TRUE=''
HAVE_OPENGL_FALSE=''
HAVE_OPENGL_TRUE='#'
INSTALL_DATA='${INSTALL} -m 644'
INSTALL_PROGRAM='${INSTALL}'
INSTALL_SCRIPT='${INSTALL}'
INSTALL_STRIP_PROGRAM='${SHELL} $(install_sh) -c -s'
JAS_MAJOR_VERSION='1'
JAS_MICRO_VERSION='5'
JAS_MINOR_VERSION='700'
JAS_RPM_RELEASE='1'
JAS_VERSION='1.700.5'
LDFLAGS=''
LIBOBJS=''
LIBS='-lm  -ljpeg'
LIBTOOL='$(SHELL) $(top_builddir)/libtool'
LN_S='ln -s'
LTLIBOBJS=''
LT_AGE='0'
LT_CURRENT='1'
LT_RELEASE='1.700'
LT_REVISION='0'
MAKEINFO='${SHELL} /home/ec2-user/degrib/src/jpeg2000/acaux/missing --run makeinfo'
OBJEXT='o'
OPENGL_LIBS=''
PACKAGE='jasper'
PACKAGE_BUGREPORT=''
PACKAGE_NAME='jasper'
PACKAGE_STRING='jasper 1.700.5'
PACKAGE_TARNAME='jasper'
PACKAGE_URL=''
PACKAGE_VERSION='1.700.5'
PATH_SEPARATOR=':'
RANLIB='ranlib'
SET_MAKE=''
SHELL='/bin/sh'
STRIP='strip'
VERSION='1.700.5'
XMKMF=''
X_CFLAGS=''
X_EXTRA_LIBS=''
X_LIBS=''
X_PRE_LIBS=''
ac_ct_CC='gcc'
am__include='include'
am__quote=''
bindir='${exec_prefix}/bin'
build='x86_64-pc-linux-gnu'
build_alias=''
build_cpu='x86_64'
build_os='linux-gnu'
build_vendor='pc'
datadir='${datarootdir}'
datarootdir='${prefix}/share'
docdir='${datarootdir}/doc/${PACKAGE_TARNAME}'
dvidir='${docdir}'
exec_prefix='${prefix}'
host='x86_64-pc-linux-gnu'
host_alias=''
host_cpu='x86_64'
host_os='linux-gnu'
host_vendor='pc'
htmldir='${docdir}'
includedir='${prefix}/include'
infodir='${datarootdir}/info'
install_sh='/home/ec2-user/degrib/src/jpeg2000/acaux/install-sh'
libdir='${exec_prefix}/lib'
libexecdir='${exec_prefix}/libexec'
localedir='${datarootdir}/locale'
localstatedir='${prefix}/var'
mandir='${datarootdir}/man'
oldincludedir='/usr/include'
pdfdir='${docdir}'
prefix='/usr/local'
program_transform_name='s,x,x,'
psdir='${docdir}'
runstatedir='${localstatedir}/run'
sbindir='${exec_prefix}/sbin'
sharedstatedir='${prefix}/com'
sysconfdir='${prefix}/etc'
target='x86_64-pc-linux-gnu'
target_alias=''
target_cpu='x86_64'
target_os='linux-gnu'
target_vendor='pc'

## ----------- ##
## confdefs.h. ##
## ----------- ##

/* confdefs.h */
#define PACKAGE_NAME "jasper"
#define PACKAGE_TARNAME "jasper"
#define PACKAGE_VERSION "1.700.5"
#define PACKAGE_STRING "jasper 1.700.5"
#define PACKAGE_BUGREPORT ""
#define PACKAGE_URL ""
#define PACKAGE "jasper"
#define VERSION "1.700.5"
#define JAS_VERSION "1.700.5"
#define JAS_CONFIGURE 1
#define STDC_HEADERS 1
#define HAVE_SYS_TYPES_H 1
#define HAVE_SYS_STAT_H 1
#define HAVE_STDLIB_H 1
#define HAVE_STRING_H 1
#define HAVE_MEMORY_H 1
#define HAVE_STRINGS_H 1
#define HAVE_INTTYPES_H 1
#define HAVE_STDINT_H 1
#define HAVE_UNISTD_H 1
#define HAVE_DLFCN_H 1
#define HAVE_VLA 1
#define HAVE_LIBM 1
#define STDC_HEADERS 1
#define HAVE_FCNTL_H 1
#define HAVE_LIMITS_H 1
#define HAVE_UNISTD_H 1
#define HAVE_STDINT_H 1
#define HAVE_STDBOOL_H 1
#define HAVE_SYS_TYPES_H 1
#define HAVE_STDLIB_H 1
#define HAVE_STDDEF_H 1
#define SIZEOF_SHORT 2
#define SIZEOF_UNSIGNED_SHORT 2
#define SIZEOF_INT 4
#define SIZEOF_UNSIGNED_INT 4
#define SIZEOF_LONG 8
#define SIZEOF_UNSIGNED_LONG 8
#define SIZEOF_LONG_LONG 8
#define SIZEOF_UNSIGNED_LONG_LONG 8
#define uchar unsigned char
#define longlong long long
#define ulonglong unsigned long long
#define HAVE_VPRINTF 1

configure: exit 0
