This file contains any messages produced by compilers while
running configure, to aid debugging if configure makes a mistake.

It was created by configure, which was
generated by GNU Autoconf 2.71.  Invocation command line was

  $ ./configure --with-minimum --with-tree --with-output --enable-shared=no --with-zlib=/home/ec2-user/degrib/src/zlib

## --------- ##
## Platform. ##
## --------- ##

hostname = int-aajay-1.monetate.org
uname -m = x86_64
uname -r = 4.14.355-277.647.amzn2.x86_64
uname -s = Linux
uname -v = #1 SMP Mon May 19 09:44:01 UTC 2025

/usr/bin/uname -p = x86_64
/bin/uname -X     = unknown

/bin/arch              = x86_64
/usr/bin/arch -k       = unknown
/usr/convex/getsysinfo = unknown
/usr/bin/hostinfo      = unknown
/bin/machine           = unknown
/usr/bin/oslevel       = unknown
/bin/universe          = unknown

PATH: /opt/pyenv/plugins/pyenv-virtualenv/shims/
PATH: /opt/pyenv/shims/
PATH: /opt/pyenv/bin/
PATH: /usr/local/sbin/
PATH: /usr/local/bin/
PATH: /sbin/
PATH: /bin/
PATH: /usr/sbin/
PATH: /usr/bin/


## ----------- ##
## Core tests. ##
## ----------- ##

configure:2644: looking for aux files: ltmain.sh missing install-sh config.guess config.sub
configure:2657:  trying ./
configure:2686:   ./ltmain.sh found
configure:2686:   ./missing found
configure:2668:   ./install-sh found
configure:2686:   ./config.guess found
configure:2686:   ./config.sub found
configure:2808: checking build system type
configure:2823: result: x86_64-pc-linux-gnu
configure:2843: checking host system type
configure:2857: result: x86_64-pc-linux-gnu
configure:2938: checking for a BSD-compatible install
configure:3011: result: /bin/install -c
configure:3022: checking whether build environment is sane
configure:3072: result: yes
configure:3225: checking for a race-free mkdir -p
configure:3269: result: /bin/mkdir -p
configure:3282: checking for gawk
configure:3303: found /bin/gawk
configure:3314: result: gawk
configure:3325: checking whether make sets $(MAKE)
configure:3348: result: yes
configure:3440: checking whether make supports nested variables
configure:3458: result: yes
configure:3532: checking for gcc
configure:3564: result: gcc
configure:3917: checking for C compiler version
configure:3926: gcc --version >&5
gcc (GCC) 7.3.1 20180712 (Red Hat 7.3.1-17)
Copyright (C) 2017 Free Software Foundation, Inc.
This is free software; see the source for copying conditions.  There is NO
warranty; not even for MERCHANTABILITY or FITNESS FOR A PARTICULAR PURPOSE.

configure:3937: $? = 0
configure:3926: gcc -v >&5
Using built-in specs.
COLLECT_GCC=gcc
COLLECT_LTO_WRAPPER=/usr/libexec/gcc/x86_64-redhat-linux/7/lto-wrapper
Target: x86_64-redhat-linux
Configured with: ../configure --enable-bootstrap --enable-languages=c,c++,objc,obj-c++,fortran,ada,go,lto --prefix=/usr --mandir=/usr/share/man --infodir=/usr/share/info --with-bugurl=http://bugzilla.redhat.com/bugzilla --enable-shared --enable-threads=posix --enable-checking=release --enable-multilib --with-system-zlib --enable-__cxa_atexit --disable-libunwind-exceptions --enable-gnu-unique-object --enable-linker-build-id --with-gcc-major-version-only --with-linker-hash-style=gnu --enable-plugin --enable-initfini-array --with-isl --enable-libmpx --enable-libsanitizer --enable-gnu-indirect-function --enable-libcilkrts --enable-libatomic --enable-libquadmath --enable-libitm --with-tune=generic --with-arch_32=x86-64 --build=x86_64-redhat-linux
Thread model: posix
gcc version 7.3.1 20180712 (Red Hat 7.3.1-17) (GCC) 
configure:3937: $? = 0
configure:3926: gcc -V >&5
gcc: error: unrecognized command line option '-V'
gcc: fatal error: no input files
compilation terminated.
configure:3937: $? = 1
configure:3926: gcc -qversion >&5
gcc: error: unrecognized command line option '-qversion'; did you mean '--version'?
gcc: fatal error: no input files
compilation terminated.
configure:3937: $? = 1
configure:3926: gcc -version >&5
gcc: error: unrecognized command line option '-version'
gcc: fatal error: no input files
compilation terminated.
configure:3937: $? = 1
configure:3957: checking whether the C compiler works
configure:3979: gcc -O3 -Wall -fsigned-char   conftest.c  >&5
configure:3983: $? = 0
configure:4033: result: yes
configure:4036: checking for C compiler default output file name
configure:4038: result: a.out
configure:4044: checking for suffix of executables
configure:4051: gcc -o conftest -O3 -Wall -fsigned-char   conftest.c  >&5
configure:4055: $? = 0
configure:4078: result: 
configure:4100: checking whether we are cross compiling
configure:4108: gcc -o conftest -O3 -Wall -fsigned-char   conftest.c  >&5
configure:4112: $? = 0
configure:4119: ./conftest
configure:4123: $? = 0
configure:4138: result: no
configure:4143: checking for suffix of object files
configure:4166: gcc -c -O3 -Wall -fsigned-char  conftest.c >&5
configure:4170: $? = 0
configure:4192: result: o
configure:4196: checking whether the compiler supports GNU C
configure:4216: gcc -c -O3 -Wall -fsigned-char  conftest.c >&5
configure:4216: $? = 0
configure:4226: result: yes
configure:4237: checking whether gcc accepts -g
configure:4258: gcc -c -g  conftest.c >&5
configure:4258: $? = 0
configure:4302: result: yes
configure:4322: checking for gcc option to enable C11 features
configure:4337: gcc  -c -O3 -Wall -fsigned-char  conftest.c >&5
configure:4337: $? = 0
configure:4355: result: none needed
configure:4476: checking for style of include used by make
configure:4504: result: GNU
configure:4531: checking dependency style of gcc
configure:4643: result: gcc3
configure:4659: checking whether ln -s works
configure:4663: result: yes
configure:4676: checking how to run the C preprocessor
configure:4702: gcc -E  conftest.c
configure:4702: $? = 0
configure:4717: gcc -E  conftest.c
conftest.c:11:10: fatal error: ac_nonexistent.h: No such file or directory
 #include <ac_nonexistent.h>
          ^~~~~~~~~~~~~~~~~~
compilation terminated.
configure:4717: $? = 1
configure: failed program was:
| /* confdefs.h */
| #define PACKAGE_NAME ""
| #define PACKAGE_TARNAME ""
| #define PACKAGE_VERSION ""
| #define PACKAGE_STRING ""
| #define PACKAGE_BUGREPORT ""
| #define PACKAGE_URL ""
| #define PACKAGE "libxml2"
| #define VERSION "2.9.1"
| /* end confdefs.h.  */
| #include <ac_nonexistent.h>
configure:4744: result: gcc -E
configure:4758: gcc -E  conftest.c
configure:4758: $? = 0
configure:4773: gcc -E  conftest.c
conftest.c:11:10: fatal error: ac_nonexistent.h: No such file or directory
 #include <ac_nonexistent.h>
          ^~~~~~~~~~~~~~~~~~
compilation terminated.
configure:4773: $? = 1
configure: failed program was:
| /* confdefs.h */
| #define PACKAGE_NAME ""
| #define PACKAGE_TARNAME ""
| #define PACKAGE_VERSION ""
| #define PACKAGE_STRING ""
| #define PACKAGE_BUGREPORT ""
| #define PACKAGE_URL ""
| #define PACKAGE "libxml2"
| #define VERSION "2.9.1"
| /* end confdefs.h.  */
| #include <ac_nonexistent.h>
configure:4805: checking for mv
configure:4828: found /bin/mv
configure:4841: result: /bin/mv
configure:4851: checking for tar
configure:4874: found /bin/tar
configure:4887: result: /bin/tar
configure:4897: checking for perl
configure:4920: found /bin/perl
configure:4933: result: /bin/perl
configure:4943: checking for wget
configure:4966: found /bin/wget
configure:4979: result: /bin/wget
configure:4989: checking for xmllint
configure:5012: found /bin/xmllint
configure:5025: result: /bin/xmllint
configure:5035: checking for xsltproc
configure:5058: found /bin/xsltproc
configure:5071: result: /bin/xsltproc
configure:5128: checking how to print strings
configure:5155: result: printf
configure:5176: checking for a sed that does not truncate output
configure:5246: result: /bin/sed
configure:5264: checking for grep that handles long lines and -e
configure:5328: result: /bin/grep
configure:5333: checking for egrep
configure:5401: result: /bin/grep -E
configure:5406: checking for fgrep
configure:5474: result: /bin/grep -F
configure:5510: checking for ld used by gcc
configure:5578: result: /bin/ld
configure:5585: checking if the linker (/bin/ld) is GNU ld
configure:5601: result: yes
configure:5613: checking for BSD- or MS-compatible name lister (nm)
configure:5663: result: /bin/nm -B
configure:5803: checking the name lister (/bin/nm -B) interface
configure:5811: gcc -c -O3 -Wall -fsigned-char  conftest.c >&5
configure:5814: /bin/nm -B "conftest.o"
configure:5817: output
0000000000000000 B some_variable
configure:5824: result: BSD nm
configure:5828: checking the maximum length of command line arguments
configure:5959: result: 1572864
configure:5976: checking whether the shell understands some XSI constructs
configure:5986: result: yes
configure:5990: checking whether the shell understands "+="
configure:5996: result: yes
configure:6031: checking how to convert x86_64-pc-linux-gnu file names to x86_64-pc-linux-gnu format
configure:6072: result: func_convert_file_noop
configure:6079: checking how to convert x86_64-pc-linux-gnu file names to toolchain format
configure:6100: result: func_convert_file_noop
configure:6107: checking for /bin/ld option to reload object files
configure:6115: result: -r
configure:6194: checking for objdump
configure:6215: found /bin/objdump
configure:6226: result: objdump
configure:6258: checking how to recognize dependent libraries
configure:6461: result: pass_all
configure:6551: checking for dlltool
configure:6586: result: no
configure:6616: checking how to associate runtime and link libraries
configure:6644: result: printf %s\n
configure:6710: checking for ar
configure:6731: found /bin/ar
configure:6742: result: ar
configure:6779: checking for archiver @FILE support
configure:6797: gcc -c -O3 -Wall -fsigned-char  conftest.c >&5
configure:6797: $? = 0
configure:6801: ar cru libconftest.a @conftest.lst >&5
configure:6804: $? = 0
configure:6809: ar cru libconftest.a @conftest.lst >&5
ar: conftest.o: No such file or directory
configure:6812: $? = 1
configure:6824: result: @
configure:6887: checking for strip
configure:6908: found /bin/strip
configure:6919: result: strip
configure:6996: checking for ranlib
configure:7017: found /bin/ranlib
configure:7028: result: ranlib
configure:7130: checking command to parse /bin/nm -B output from gcc object
configure:7251: gcc -c -O3 -Wall -fsigned-char  conftest.c >&5
configure:7254: $? = 0
configure:7258: /bin/nm -B conftest.o \| sed -n -e 's/^.*[ ]\([ABCDGIRSTW][ABCDGIRSTW]*\)[ ][ ]*\([_A-Za-z][_A-Za-z0-9]*\)$/\1 \2 \2/p' | sed '/ __gnu_lto/d' \> conftest.nm
configure:7261: $? = 0
configure:7327: gcc -o conftest -O3 -Wall -fsigned-char   conftest.c conftstm.o >&5
configure:7330: $? = 0
configure:7368: result: ok
configure:7405: checking for sysroot
configure:7436: result: no
configure:7514: gcc -c -O3 -Wall -fsigned-char  conftest.c >&5
configure:7517: $? = 0
configure:7700: checking for mt
configure:7735: result: no
configure:7755: checking if : is a manifest tool
configure:7762: : '-?'
configure:7770: result: no
configure:8465: checking for stdio.h
configure:8465: gcc -c -O3 -Wall -fsigned-char  conftest.c >&5
configure:8465: $? = 0
configure:8465: result: yes
configure:8465: checking for stdlib.h
configure:8465: gcc -c -O3 -Wall -fsigned-char  conftest.c >&5
configure:8465: $? = 0
configure:8465: result: yes
configure:8465: checking for string.h
configure:8465: gcc -c -O3 -Wall -fsigned-char  conftest.c >&5
configure:8465: $? = 0
configure:8465: result: yes
configure:8465: checking for inttypes.h
configure:8465: gcc -c -O3 -Wall -fsigned-char  conftest.c >&5
configure:8465: $? = 0
configure:8465: result: yes
configure:8465: checking for stdint.h
configure:8465: gcc -c -O3 -Wall -fsigned-char  conftest.c >&5
configure:8465: $? = 0
configure:8465: result: yes
configure:8465: checking for strings.h
configure:8465: gcc -c -O3 -Wall -fsigned-char  conftest.c >&5
configure:8465: $? = 0
configure:8465: result: yes
configure:8465: checking for sys/stat.h
configure:8465: gcc -c -O3 -Wall -fsigned-char  conftest.c >&5
configure:8465: $? = 0
configure:8465: result: yes
configure:8465: checking for sys/types.h
configure:8465: gcc -c -O3 -Wall -fsigned-char  conftest.c >&5
configure:8465: $? = 0
configure:8465: result: yes
configure:8465: checking for unistd.h
configure:8465: gcc -c -O3 -Wall -fsigned-char  conftest.c >&5
configure:8465: $? = 0
configure:8465: result: yes
configure:8490: checking for dlfcn.h
configure:8490: gcc -c -O3 -Wall -fsigned-char  conftest.c >&5
configure:8490: $? = 0
configure:8490: result: yes
configure:8697: checking for objdir
configure:8713: result: .libs
configure:8984: checking if gcc supports -fno-rtti -fno-exceptions
configure:9003: gcc -c -O3 -Wall -fsigned-char  -fno-rtti -fno-exceptions conftest.c >&5
cc1: warning: command line option '-fno-rtti' is valid for C++/ObjC++ but not for C
configure:9007: $? = 0
configure:9020: result: no
configure:9347: checking for gcc option to produce PIC
configure:9355: result: -fPIC -DPIC
configure:9363: checking if gcc PIC flag -fPIC -DPIC works
configure:9382: gcc -c -O3 -Wall -fsigned-char  -fPIC -DPIC -DPIC conftest.c >&5
configure:9386: $? = 0
configure:9399: result: yes
configure:9428: checking if gcc static flag -static works
configure:9457: result: no
configure:9472: checking if gcc supports -c -o file.o
configure:9494: gcc -c -O3 -Wall -fsigned-char  -o out/conftest2.o conftest.c >&5
configure:9498: $? = 0
configure:9520: result: yes
configure:9528: checking if gcc supports -c -o file.o
configure:9576: result: yes
configure:9609: checking whether the gcc linker (/bin/ld -m elf_x86_64) supports shared libraries
configure:10769: result: yes
configure:11010: checking dynamic linker characteristics
configure:11522: gcc -o conftest -O3 -Wall -fsigned-char   -Wl,-rpath -Wl,/foo conftest.c  >&5
configure:11522: $? = 0
configure:11750: result: GNU/Linux ld.so
configure:11857: checking how to hardcode library paths into programs
configure:11882: result: immediate
configure:12426: checking whether stripping libraries is possible
configure:12431: result: yes
configure:12466: checking if libtool supports shared libraries
configure:12468: result: yes
configure:12471: checking whether to build shared libraries
configure:12492: result: no
configure:12495: checking whether to build static libraries
configure:12499: result: yes
configure:13052: checking for zlib.h
configure:13052: gcc -c -O3 -Wall -fsigned-char  -I/home/ec2-user/degrib/src/zlib/include conftest.c >&5
configure:13052: $? = 0
configure:13052: result: yes
configure:13056: checking for gzread in -lz
configure:13079: gcc -o conftest -O3 -Wall -fsigned-char  -I/home/ec2-user/degrib/src/zlib/include  conftest.c -lz   -L/home/ec2-user/degrib/src/zlib/lib >&5
configure:13079: $? = 0
configure:13089: result: yes
configure:13129: checking for lzma.h
configure:13129: gcc -c -O3 -Wall -fsigned-char  -I/home/ec2-user/degrib/src/zlib/include conftest.c >&5
configure:13129: $? = 0
configure:13129: result: yes
configure:13133: checking for lzma_code in -llzma
configure:13156: gcc -o conftest -O3 -Wall -fsigned-char  -I/home/ec2-user/degrib/src/zlib/include  conftest.c -llzma   -L/home/ec2-user/degrib/src/zlib/lib >&5
configure:13156: $? = 0
configure:13166: result: yes
configure:13200: checking for dirent.h that defines DIR
configure:13220: gcc -c -O3 -Wall -fsigned-char  conftest.c >&5
configure:13220: $? = 0
configure:13229: result: yes
configure:13243: checking for library containing opendir
configure:13273: gcc -o conftest -O3 -Wall -fsigned-char   conftest.c  >&5
configure:13273: $? = 0
configure:13293: result: none required
configure:13367: checking for egrep
configure:13435: result: /bin/grep -E
configure:13441: checking for fcntl.h
configure:13441: gcc -c -O3 -Wall -fsigned-char  conftest.c >&5
configure:13441: $? = 0
configure:13441: result: yes
configure:13448: checking for unistd.h
configure:13448: result: yes
configure:13455: checking for ctype.h
configure:13455: gcc -c -O3 -Wall -fsigned-char  conftest.c >&5
configure:13455: $? = 0
configure:13455: result: yes
configure:13462: checking for dirent.h
configure:13462: gcc -c -O3 -Wall -fsigned-char  conftest.c >&5
configure:13462: $? = 0
configure:13462: result: yes
configure:13469: checking for errno.h
configure:13469: gcc -c -O3 -Wall -fsigned-char  conftest.c >&5
configure:13469: $? = 0
configure:13469: result: yes
configure:13476: checking for malloc.h
configure:13476: gcc -c -O3 -Wall -fsigned-char  conftest.c >&5
configure:13476: $? = 0
configure:13476: result: yes
configure:13483: checking for stdarg.h
configure:13483: gcc -c -O3 -Wall -fsigned-char  conftest.c >&5
configure:13483: $? = 0
configure:13483: result: yes
configure:13490: checking for sys/stat.h
configure:13490: result: yes
configure:13497: checking for sys/types.h
configure:13497: result: yes
configure:13504: checking for stdint.h
configure:13504: result: yes
configure:13511: checking for inttypes.h
configure:13511: result: yes
configure:13518: checking for time.h
configure:13518: gcc -c -O3 -Wall -fsigned-char  conftest.c >&5
configure:13518: $? = 0
configure:13518: result: yes
configure:13525: checking for ansidecl.h
configure:13525: gcc -c -O3 -Wall -fsigned-char  conftest.c >&5
conftest.c:68:10: fatal error: ansidecl.h: No such file or directory
 #include <ansidecl.h>
          ^~~~~~~~~~~~
compilation terminated.
configure:13525: $? = 1
configure: failed program was:
| /* confdefs.h */
| #define PACKAGE_NAME ""
| #define PACKAGE_TARNAME ""
| #define PACKAGE_VERSION ""
| #define PACKAGE_STRING ""
| #define PACKAGE_BUGREPORT ""
| #define PACKAGE_URL ""
| #define PACKAGE "libxml2"
| #define VERSION "2.9.1"
| #define HAVE_STDIO_H 1
| #define HAVE_STDLIB_H 1
| #define HAVE_STRING_H 1
| #define HAVE_INTTYPES_H 1
| #define HAVE_STDINT_H 1
| #define HAVE_STRINGS_H 1
| #define HAVE_SYS_STAT_H 1
| #define HAVE_SYS_TYPES_H 1
| #define HAVE_UNISTD_H 1
| #define STDC_HEADERS 1
| #define HAVE_DLFCN_H 1
| #define LT_OBJDIR ".libs/"
| #define HAVE_ZLIB_H 1
| #define HAVE_LIBZ 1
| #define HAVE_LZMA_H 1
| #define HAVE_LIBLZMA 1
| #define HAVE_DIRENT_H 1
| #define HAVE_FCNTL_H 1
| #define HAVE_UNISTD_H 1
| #define HAVE_CTYPE_H 1
| #define HAVE_DIRENT_H 1
| #define HAVE_ERRNO_H 1
| #define HAVE_MALLOC_H 1
| #define HAVE_STDARG_H 1
| #define HAVE_SYS_STAT_H 1
| #define HAVE_SYS_TYPES_H 1
| #define HAVE_STDINT_H 1
| #define HAVE_INTTYPES_H 1
| #define HAVE_TIME_H 1
| /* end confdefs.h.  */
| #include <stddef.h>
| #ifdef HAVE_STDIO_H
| # include <stdio.h>
| #endif
| #ifdef HAVE_STDLIB_H
| # include <stdlib.h>
| #endif
| #ifdef HAVE_STRING_H
| # include <string.h>
| #endif
| #ifdef HAVE_INTTYPES_H
| # include <inttypes.h>
| #endif
| #ifdef HAVE_STDINT_H
| # include <stdint.h>
| #endif
| #ifdef HAVE_STRINGS_H
| # include <strings.h>
| #endif
| #ifdef HAVE_SYS_TYPES_H
| # include <sys/types.h>
| #endif
| #ifdef HAVE_SYS_STAT_H
| # include <sys/stat.h>
| #endif
| #ifdef HAVE_UNISTD_H
| # include <unistd.h>
| #endif
| #include <ansidecl.h>
configure:13525: result: no
configure:13532: checking for ieeefp.h
configure:13532: gcc -c -O3 -Wall -fsigned-char  conftest.c >&5
conftest.c:68:10: fatal error: ieeefp.h: No such file or directory
 #include <ieeefp.h>
          ^~~~~~~~~~
compilation terminated.
configure:13532: $? = 1
configure: failed program was:
| /* confdefs.h */
| #define PACKAGE_NAME ""
| #define PACKAGE_TARNAME ""
| #define PACKAGE_VERSION ""
| #define PACKAGE_STRING ""
| #define PACKAGE_BUGREPORT ""
| #define PACKAGE_URL ""
| #define PACKAGE "libxml2"
| #define VERSION "2.9.1"
| #define HAVE_STDIO_H 1
| #define HAVE_STDLIB_H 1
| #define HAVE_STRING_H 1
| #define HAVE_INTTYPES_H 1
| #define HAVE_STDINT_H 1
| #define HAVE_STRINGS_H 1
| #define HAVE_SYS_STAT_H 1
| #define HAVE_SYS_TYPES_H 1
| #define HAVE_UNISTD_H 1
| #define STDC_HEADERS 1
| #define HAVE_DLFCN_H 1
| #define LT_OBJDIR ".libs/"
| #define HAVE_ZLIB_H 1
| #define HAVE_LIBZ 1
| #define HAVE_LZMA_H 1
| #define HAVE_LIBLZMA 1
| #define HAVE_DIRENT_H 1
| #define HAVE_FCNTL_H 1
| #define HAVE_UNISTD_H 1
| #define HAVE_CTYPE_H 1
| #define HAVE_DIRENT_H 1
| #define HAVE_ERRNO_H 1
| #define HAVE_MALLOC_H 1
| #define HAVE_STDARG_H 1
| #define HAVE_SYS_STAT_H 1
| #define HAVE_SYS_TYPES_H 1
| #define HAVE_STDINT_H 1
| #define HAVE_INTTYPES_H 1
| #define HAVE_TIME_H 1
| /* end confdefs.h.  */
| #include <stddef.h>
| #ifdef HAVE_STDIO_H
| # include <stdio.h>
| #endif
| #ifdef HAVE_STDLIB_H
| # include <stdlib.h>
| #endif
| #ifdef HAVE_STRING_H
| # include <string.h>
| #endif
| #ifdef HAVE_INTTYPES_H
| # include <inttypes.h>
| #endif
| #ifdef HAVE_STDINT_H
| # include <stdint.h>
| #endif
| #ifdef HAVE_STRINGS_H
| # include <strings.h>
| #endif
| #ifdef HAVE_SYS_TYPES_H
| # include <sys/types.h>
| #endif
| #ifdef HAVE_SYS_STAT_H
| # include <sys/stat.h>
| #endif
| #ifdef HAVE_UNISTD_H
| # include <unistd.h>
| #endif
| #include <ieeefp.h>
configure:13532: result: no
configure:13539: checking for nan.h
configure:13539: gcc -c -O3 -Wall -fsigned-char  conftest.c >&5
conftest.c:68:10: fatal error: nan.h: No such file or directory
 #include <nan.h>
          ^~~~~~~
compilation terminated.
configure:13539: $? = 1
configure: failed program was:
| /* confdefs.h */
| #define PACKAGE_NAME ""
| #define PACKAGE_TARNAME ""
| #define PACKAGE_VERSION ""
| #define PACKAGE_STRING ""
| #define PACKAGE_BUGREPORT ""
| #define PACKAGE_URL ""
| #define PACKAGE "libxml2"
| #define VERSION "2.9.1"
| #define HAVE_STDIO_H 1
| #define HAVE_STDLIB_H 1
| #define HAVE_STRING_H 1
| #define HAVE_INTTYPES_H 1
| #define HAVE_STDINT_H 1
| #define HAVE_STRINGS_H 1
| #define HAVE_SYS_STAT_H 1
| #define HAVE_SYS_TYPES_H 1
| #define HAVE_UNISTD_H 1
| #define STDC_HEADERS 1
| #define HAVE_DLFCN_H 1
| #define LT_OBJDIR ".libs/"
| #define HAVE_ZLIB_H 1
| #define HAVE_LIBZ 1
| #define HAVE_LZMA_H 1
| #define HAVE_LIBLZMA 1
| #define HAVE_DIRENT_H 1
| #define HAVE_FCNTL_H 1
| #define HAVE_UNISTD_H 1
| #define HAVE_CTYPE_H 1
| #define HAVE_DIRENT_H 1
| #define HAVE_ERRNO_H 1
| #define HAVE_MALLOC_H 1
| #define HAVE_STDARG_H 1
| #define HAVE_SYS_STAT_H 1
| #define HAVE_SYS_TYPES_H 1
| #define HAVE_STDINT_H 1
| #define HAVE_INTTYPES_H 1
| #define HAVE_TIME_H 1
| /* end confdefs.h.  */
| #include <stddef.h>
| #ifdef HAVE_STDIO_H
| # include <stdio.h>
| #endif
| #ifdef HAVE_STDLIB_H
| # include <stdlib.h>
| #endif
| #ifdef HAVE_STRING_H
| # include <string.h>
| #endif
| #ifdef HAVE_INTTYPES_H
| # include <inttypes.h>
| #endif
| #ifdef HAVE_STDINT_H
| # include <stdint.h>
| #endif
| #ifdef HAVE_STRINGS_H
| # include <strings.h>
| #endif
| #ifdef HAVE_SYS_TYPES_H
| # include <sys/types.h>
| #endif
| #ifdef HAVE_SYS_STAT_H
| # include <sys/stat.h>
| #endif
| #ifdef HAVE_UNISTD_H
| # include <unistd.h>
| #endif
| #include <nan.h>
configure:13539: result: no
configure:13546: checking for math.h
configure:13546: gcc -c -O3 -Wall -fsigned-char  conftest.c >&5
configure:13546: $? = 0
configure:13546: result: yes
configure:13553: checking for limits.h
configure:13553: gcc -c -O3 -Wall -fsigned-char  conftest.c >&5
configure:13553: $? = 0
configure:13553: result: yes
configure:13560: checking for fp_class.h
configure:13560: gcc -c -O3 -Wall -fsigned-char  conftest.c >&5
conftest.c:70:10: fatal error: fp_class.h: No such file or directory
 #include <fp_class.h>
          ^~~~~~~~~~~~
compilation terminated.
configure:13560: $? = 1
configure: failed program was:
| /* confdefs.h */
| #define PACKAGE_NAME ""
| #define PACKAGE_TARNAME ""
| #define PACKAGE_VERSION ""
| #define PACKAGE_STRING ""
| #define PACKAGE_BUGREPORT ""
| #define PACKAGE_URL ""
| #define PACKAGE "libxml2"
| #define VERSION "2.9.1"
| #define HAVE_STDIO_H 1
| #define HAVE_STDLIB_H 1
| #define HAVE_STRING_H 1
| #define HAVE_INTTYPES_H 1
| #define HAVE_STDINT_H 1
| #define HAVE_STRINGS_H 1
| #define HAVE_SYS_STAT_H 1
| #define HAVE_SYS_TYPES_H 1
| #define HAVE_UNISTD_H 1
| #define STDC_HEADERS 1
| #define HAVE_DLFCN_H 1
| #define LT_OBJDIR ".libs/"
| #define HAVE_ZLIB_H 1
| #define HAVE_LIBZ 1
| #define HAVE_LZMA_H 1
| #define HAVE_LIBLZMA 1
| #define HAVE_DIRENT_H 1
| #define HAVE_FCNTL_H 1
| #define HAVE_UNISTD_H 1
| #define HAVE_CTYPE_H 1
| #define HAVE_DIRENT_H 1
| #define HAVE_ERRNO_H 1
| #define HAVE_MALLOC_H 1
| #define HAVE_STDARG_H 1
| #define HAVE_SYS_STAT_H 1
| #define HAVE_SYS_TYPES_H 1
| #define HAVE_STDINT_H 1
| #define HAVE_INTTYPES_H 1
| #define HAVE_TIME_H 1
| #define HAVE_MATH_H 1
| #define HAVE_LIMITS_H 1
| /* end confdefs.h.  */
| #include <stddef.h>
| #ifdef HAVE_STDIO_H
| # include <stdio.h>
| #endif
| #ifdef HAVE_STDLIB_H
| # include <stdlib.h>
| #endif
| #ifdef HAVE_STRING_H
| # include <string.h>
| #endif
| #ifdef HAVE_INTTYPES_H
| # include <inttypes.h>
| #endif
| #ifdef HAVE_STDINT_H
| # include <stdint.h>
| #endif
| #ifdef HAVE_STRINGS_H
| # include <strings.h>
| #endif
| #ifdef HAVE_SYS_TYPES_H
| # include <sys/types.h>
| #endif
| #ifdef HAVE_SYS_STAT_H
| # include <sys/stat.h>
| #endif
| #ifdef HAVE_UNISTD_H
| # include <unistd.h>
| #endif
| #include <fp_class.h>
configure:13560: result: no
configure:13567: checking for float.h
configure:13567: gcc -c -O3 -Wall -fsigned-char  conftest.c >&5
configure:13567: $? = 0
configure:13567: result: yes
configure:13574: checking for stdlib.h
configure:13574: result: yes
configure:13581: checking for sys/socket.h
configure:13581: gcc -c -O3 -Wall -fsigned-char  conftest.c >&5
configure:13581: $? = 0
configure:13581: result: yes
configure:13592: checking for netinet/in.h
configure:13592: gcc -c -O3 -Wall -fsigned-char  conftest.c >&5
configure:13592: $? = 0
configure:13592: result: yes
configure:13603: checking for arpa/inet.h
configure:13603: gcc -c -O3 -Wall -fsigned-char  conftest.c >&5
configure:13603: $? = 0
configure:13603: result: yes
configure:13617: checking for netdb.h
configure:13617: gcc -c -O3 -Wall -fsigned-char  conftest.c >&5
configure:13617: $? = 0
configure:13617: result: yes
configure:13624: checking for sys/time.h
configure:13624: gcc -c -O3 -Wall -fsigned-char  conftest.c >&5
configure:13624: $? = 0
configure:13624: result: yes
configure:13631: checking for sys/select.h
configure:13631: gcc -c -O3 -Wall -fsigned-char  conftest.c >&5
configure:13631: $? = 0
configure:13631: result: yes
configure:13638: checking for poll.h
configure:13638: gcc -c -O3 -Wall -fsigned-char  conftest.c >&5
configure:13638: $? = 0
configure:13638: result: yes
configure:13645: checking for sys/mman.h
configure:13645: gcc -c -O3 -Wall -fsigned-char  conftest.c >&5
configure:13645: $? = 0
configure:13645: result: yes
configure:13652: checking for sys/timeb.h
configure:13652: gcc -c -O3 -Wall -fsigned-char  conftest.c >&5
configure:13652: $? = 0
configure:13652: result: yes
configure:13659: checking for signal.h
configure:13659: gcc -c -O3 -Wall -fsigned-char  conftest.c >&5
configure:13659: $? = 0
configure:13659: result: yes
configure:13666: checking for arpa/nameser.h
configure:13666: gcc -c -O3 -Wall -fsigned-char  conftest.c >&5
configure:13666: $? = 0
configure:13666: result: yes
configure:13677: checking for resolv.h
configure:13677: gcc -c -O3 -Wall -fsigned-char  conftest.c >&5
configure:13677: $? = 0
configure:13677: result: yes
configure:13694: checking for dl.h
configure:13694: gcc -c -O3 -Wall -fsigned-char  conftest.c >&5
conftest.c:84:10: fatal error: dl.h: No such file or directory
 #include <dl.h>
          ^~~~~~
compilation terminated.
configure:13694: $? = 1
configure: failed program was:
| /* confdefs.h */
| #define PACKAGE_NAME ""
| #define PACKAGE_TARNAME ""
| #define PACKAGE_VERSION ""
| #define PACKAGE_STRING ""
| #define PACKAGE_BUGREPORT ""
| #define PACKAGE_URL ""
| #define PACKAGE "libxml2"
| #define VERSION "2.9.1"
| #define HAVE_STDIO_H 1
| #define HAVE_STDLIB_H 1
| #define HAVE_STRING_H 1
| #define HAVE_INTTYPES_H 1
| #define HAVE_STDINT_H 1
| #define HAVE_STRINGS_H 1
| #define HAVE_SYS_STAT_H 1
| #define HAVE_SYS_TYPES_H 1
| #define HAVE_UNISTD_H 1
| #define STDC_HEADERS 1
| #define HAVE_DLFCN_H 1
| #define LT_OBJDIR ".libs/"
| #define HAVE_ZLIB_H 1
| #define HAVE_LIBZ 1
| #define HAVE_LZMA_H 1
| #define HAVE_LIBLZMA 1
| #define HAVE_DIRENT_H 1
| #define HAVE_FCNTL_H 1
| #define HAVE_UNISTD_H 1
| #define HAVE_CTYPE_H 1
| #define HAVE_DIRENT_H 1
| #define HAVE_ERRNO_H 1
| #define HAVE_MALLOC_H 1
| #define HAVE_STDARG_H 1
| #define HAVE_SYS_STAT_H 1
| #define HAVE_SYS_TYPES_H 1
| #define HAVE_STDINT_H 1
| #define HAVE_INTTYPES_H 1
| #define HAVE_TIME_H 1
| #define HAVE_MATH_H 1
| #define HAVE_LIMITS_H 1
| #define HAVE_FLOAT_H 1
| #define HAVE_STDLIB_H 1
| #define HAVE_SYS_SOCKET_H 1
| #define HAVE_NETINET_IN_H 1
| #define HAVE_ARPA_INET_H 1
| #define HAVE_NETDB_H 1
| #define HAVE_SYS_TIME_H 1
| #define HAVE_SYS_SELECT_H 1
| #define HAVE_POLL_H 1
| #define HAVE_SYS_MMAN_H 1
| #define HAVE_SYS_TIMEB_H 1
| #define HAVE_SIGNAL_H 1
| #define HAVE_ARPA_NAMESER_H 1
| #define HAVE_RESOLV_H 1
| /* end confdefs.h.  */
| #include <stddef.h>
| #ifdef HAVE_STDIO_H
| # include <stdio.h>
| #endif
| #ifdef HAVE_STDLIB_H
| # include <stdlib.h>
| #endif
| #ifdef HAVE_STRING_H
| # include <string.h>
| #endif
| #ifdef HAVE_INTTYPES_H
| # include <inttypes.h>
| #endif
| #ifdef HAVE_STDINT_H
| # include <stdint.h>
| #endif
| #ifdef HAVE_STRINGS_H
| # include <strings.h>
| #endif
| #ifdef HAVE_SYS_TYPES_H
| # include <sys/types.h>
| #endif
| #ifdef HAVE_SYS_STAT_H
| # include <sys/stat.h>
| #endif
| #ifdef HAVE_UNISTD_H
| # include <unistd.h>
| #endif
| #include <dl.h>
configure:13694: result: no
configure:13701: checking for dlfcn.h
configure:13701: result: yes
configure:13712: checking for uint32_t
configure:13712: gcc -c -O3 -Wall -fsigned-char  conftest.c >&5
configure:13712: $? = 0
configure:13712: result: yes
configure:13731: checking for strftime
configure:13731: gcc -o conftest -O3 -Wall -fsigned-char   conftest.c  >&5
conftest.c:73:6: warning: conflicting types for built-in function 'strftime' [-Wbuiltin-declaration-mismatch]
 char strftime ();
      ^~~~~~~~
configure:13731: $? = 0
configure:13731: result: yes
configure:13783: checking for strdup
configure:13783: gcc -o conftest -O3 -Wall -fsigned-char   conftest.c  >&5
conftest.c:74:6: warning: conflicting types for built-in function 'strdup' [-Wbuiltin-declaration-mismatch]
 char strdup ();
      ^~~~~~
configure:13783: $? = 0
configure:13783: result: yes
configure:13789: checking for strndup
configure:13789: gcc -o conftest -O3 -Wall -fsigned-char   conftest.c  >&5
conftest.c:75:6: warning: conflicting types for built-in function 'strndup' [-Wbuiltin-declaration-mismatch]
 char strndup ();
      ^~~~~~~
configure:13789: $? = 0
configure:13789: result: yes
configure:13795: checking for strerror
configure:13795: gcc -o conftest -O3 -Wall -fsigned-char   conftest.c  >&5
configure:13795: $? = 0
configure:13795: result: yes
configure:13802: checking for finite
configure:13802: gcc -o conftest -O3 -Wall -fsigned-char   conftest.c  >&5
conftest.c:77:6: warning: conflicting types for built-in function 'finite' [-Wbuiltin-declaration-mismatch]
 char finite ();
      ^~~~~~
configure:13802: $? = 0
configure:13802: result: yes
configure:13808: checking for isnand
configure:13808: gcc -o conftest -O3 -Wall -fsigned-char   conftest.c  >&5
/tmp/ccler9fK.o: In function `main':
conftest.c:(.text.startup+0x7): undefined reference to `isnand'
collect2: error: ld returned 1 exit status
configure:13808: $? = 1
configure: failed program was:
| /* confdefs.h */
| #define PACKAGE_NAME ""
| #define PACKAGE_TARNAME ""
| #define PACKAGE_VERSION ""
| #define PACKAGE_STRING ""
| #define PACKAGE_BUGREPORT ""
| #define PACKAGE_URL ""
| #define PACKAGE "libxml2"
| #define VERSION "2.9.1"
| #define HAVE_STDIO_H 1
| #define HAVE_STDLIB_H 1
| #define HAVE_STRING_H 1
| #define HAVE_INTTYPES_H 1
| #define HAVE_STDINT_H 1
| #define HAVE_STRINGS_H 1
| #define HAVE_SYS_STAT_H 1
| #define HAVE_SYS_TYPES_H 1
| #define HAVE_UNISTD_H 1
| #define STDC_HEADERS 1
| #define HAVE_DLFCN_H 1
| #define LT_OBJDIR ".libs/"
| #define HAVE_ZLIB_H 1
| #define HAVE_LIBZ 1
| #define HAVE_LZMA_H 1
| #define HAVE_LIBLZMA 1
| #define HAVE_DIRENT_H 1
| #define HAVE_FCNTL_H 1
| #define HAVE_UNISTD_H 1
| #define HAVE_CTYPE_H 1
| #define HAVE_DIRENT_H 1
| #define HAVE_ERRNO_H 1
| #define HAVE_MALLOC_H 1
| #define HAVE_STDARG_H 1
| #define HAVE_SYS_STAT_H 1
| #define HAVE_SYS_TYPES_H 1
| #define HAVE_STDINT_H 1
| #define HAVE_INTTYPES_H 1
| #define HAVE_TIME_H 1
| #define HAVE_MATH_H 1
| #define HAVE_LIMITS_H 1
| #define HAVE_FLOAT_H 1
| #define HAVE_STDLIB_H 1
| #define HAVE_SYS_SOCKET_H 1
| #define HAVE_NETINET_IN_H 1
| #define HAVE_ARPA_INET_H 1
| #define HAVE_NETDB_H 1
| #define HAVE_SYS_TIME_H 1
| #define HAVE_SYS_SELECT_H 1
| #define HAVE_POLL_H 1
| #define HAVE_SYS_MMAN_H 1
| #define HAVE_SYS_TIMEB_H 1
| #define HAVE_SIGNAL_H 1
| #define HAVE_ARPA_NAMESER_H 1
| #define HAVE_RESOLV_H 1
| #define HAVE_DLFCN_H 1
| #define HAVE_STRFTIME 1
| #define HAVE_STRDUP 1
| #define HAVE_STRNDUP 1
| #define HAVE_STRERROR 1
| #define HAVE_FINITE 1
| /* end confdefs.h.  */
| /* Define isnand to an innocuous variant, in case <limits.h> declares isnand.
|    For example, HP-UX 11i <limits.h> declares gettimeofday.  */
| #define isnand innocuous_isnand
| 
| /* System header to define __stub macros and hopefully few prototypes,
|    which can conflict with char isnand (); below.  */
| 
| #include <limits.h>
| #undef isnand
| 
| /* Override any GCC internal prototype to avoid an error.
|    Use char because int might match the return type of a GCC
|    builtin and then its argument prototype would still apply.  */
| #ifdef __cplusplus
| extern "C"
| #endif
| char isnand ();
| /* The GNU C library defines this for functions which it implements
|     to always fail with ENOSYS.  Some functions are actually named
|     something starting with __ and the normal name is an alias.  */
| #if defined __stub_isnand || defined __stub___isnand
| choke me
| #endif
| 
| int
| main (void)
| {
| return isnand ();
|   ;
|   return 0;
| }
configure:13808: result: no
configure:13814: checking for fp_class
configure:13814: gcc -o conftest -O3 -Wall -fsigned-char   conftest.c  >&5
/tmp/ccXQ5WdL.o: In function `main':
conftest.c:(.text.startup+0x7): undefined reference to `fp_class'
collect2: error: ld returned 1 exit status
configure:13814: $? = 1
configure: failed program was:
| /* confdefs.h */
| #define PACKAGE_NAME ""
| #define PACKAGE_TARNAME ""
| #define PACKAGE_VERSION ""
| #define PACKAGE_STRING ""
| #define PACKAGE_BUGREPORT ""
| #define PACKAGE_URL ""
| #define PACKAGE "libxml2"
| #define VERSION "2.9.1"
| #define HAVE_STDIO_H 1
| #define HAVE_STDLIB_H 1
| #define HAVE_STRING_H 1
| #define HAVE_INTTYPES_H 1
| #define HAVE_STDINT_H 1
| #define HAVE_STRINGS_H 1
| #define HAVE_SYS_STAT_H 1
| #define HAVE_SYS_TYPES_H 1
| #define HAVE_UNISTD_H 1
| #define STDC_HEADERS 1
| #define HAVE_DLFCN_H 1
| #define LT_OBJDIR ".libs/"
| #define HAVE_ZLIB_H 1
| #define HAVE_LIBZ 1
| #define HAVE_LZMA_H 1
| #define HAVE_LIBLZMA 1
| #define HAVE_DIRENT_H 1
| #define HAVE_FCNTL_H 1
| #define HAVE_UNISTD_H 1
| #define HAVE_CTYPE_H 1
| #define HAVE_DIRENT_H 1
| #define HAVE_ERRNO_H 1
| #define HAVE_MALLOC_H 1
| #define HAVE_STDARG_H 1
| #define HAVE_SYS_STAT_H 1
| #define HAVE_SYS_TYPES_H 1
| #define HAVE_STDINT_H 1
| #define HAVE_INTTYPES_H 1
| #define HAVE_TIME_H 1
| #define HAVE_MATH_H 1
| #define HAVE_LIMITS_H 1
| #define HAVE_FLOAT_H 1
| #define HAVE_STDLIB_H 1
| #define HAVE_SYS_SOCKET_H 1
| #define HAVE_NETINET_IN_H 1
| #define HAVE_ARPA_INET_H 1
| #define HAVE_NETDB_H 1
| #define HAVE_SYS_TIME_H 1
| #define HAVE_SYS_SELECT_H 1
| #define HAVE_POLL_H 1
| #define HAVE_SYS_MMAN_H 1
| #define HAVE_SYS_TIMEB_H 1
| #define HAVE_SIGNAL_H 1
| #define HAVE_ARPA_NAMESER_H 1
| #define HAVE_RESOLV_H 1
| #define HAVE_DLFCN_H 1
| #define HAVE_STRFTIME 1
| #define HAVE_STRDUP 1
| #define HAVE_STRNDUP 1
| #define HAVE_STRERROR 1
| #define HAVE_FINITE 1
| /* end confdefs.h.  */
| /* Define fp_class to an innocuous variant, in case <limits.h> declares fp_class.
|    For example, HP-UX 11i <limits.h> declares gettimeofday.  */
| #define fp_class innocuous_fp_class
| 
| /* System header to define __stub macros and hopefully few prototypes,
|    which can conflict with char fp_class (); below.  */
| 
| #include <limits.h>
| #undef fp_class
| 
| /* Override any GCC internal prototype to avoid an error.
|    Use char because int might match the return type of a GCC
|    builtin and then its argument prototype would still apply.  */
| #ifdef __cplusplus
| extern "C"
| #endif
| char fp_class ();
| /* The GNU C library defines this for functions which it implements
|     to always fail with ENOSYS.  Some functions are actually named
|     something starting with __ and the normal name is an alias.  */
| #if defined __stub_fp_class || defined __stub___fp_class
| choke me
| #endif
| 
| int
| main (void)
| {
| return fp_class ();
|   ;
|   return 0;
| }
configure:13814: result: no
configure:13820: checking for class
configure:13820: gcc -o conftest -O3 -Wall -fsigned-char   conftest.c  >&5
/tmp/ccfHAz5M.o: In function `main':
conftest.c:(.text.startup+0x7): undefined reference to `class'
collect2: error: ld returned 1 exit status
configure:13820: $? = 1
configure: failed program was:
| /* confdefs.h */
| #define PACKAGE_NAME ""
| #define PACKAGE_TARNAME ""
| #define PACKAGE_VERSION ""
| #define PACKAGE_STRING ""
| #define PACKAGE_BUGREPORT ""
| #define PACKAGE_URL ""
| #define PACKAGE "libxml2"
| #define VERSION "2.9.1"
| #define HAVE_STDIO_H 1
| #define HAVE_STDLIB_H 1
| #define HAVE_STRING_H 1
| #define HAVE_INTTYPES_H 1
| #define HAVE_STDINT_H 1
| #define HAVE_STRINGS_H 1
| #define HAVE_SYS_STAT_H 1
| #define HAVE_SYS_TYPES_H 1
| #define HAVE_UNISTD_H 1
| #define STDC_HEADERS 1
| #define HAVE_DLFCN_H 1
| #define LT_OBJDIR ".libs/"
| #define HAVE_ZLIB_H 1
| #define HAVE_LIBZ 1
| #define HAVE_LZMA_H 1
| #define HAVE_LIBLZMA 1
| #define HAVE_DIRENT_H 1
| #define HAVE_FCNTL_H 1
| #define HAVE_UNISTD_H 1
| #define HAVE_CTYPE_H 1
| #define HAVE_DIRENT_H 1
| #define HAVE_ERRNO_H 1
| #define HAVE_MALLOC_H 1
| #define HAVE_STDARG_H 1
| #define HAVE_SYS_STAT_H 1
| #define HAVE_SYS_TYPES_H 1
| #define HAVE_STDINT_H 1
| #define HAVE_INTTYPES_H 1
| #define HAVE_TIME_H 1
| #define HAVE_MATH_H 1
| #define HAVE_LIMITS_H 1
| #define HAVE_FLOAT_H 1
| #define HAVE_STDLIB_H 1
| #define HAVE_SYS_SOCKET_H 1
| #define HAVE_NETINET_IN_H 1
| #define HAVE_ARPA_INET_H 1
| #define HAVE_NETDB_H 1
| #define HAVE_SYS_TIME_H 1
| #define HAVE_SYS_SELECT_H 1
| #define HAVE_POLL_H 1
| #define HAVE_SYS_MMAN_H 1
| #define HAVE_SYS_TIMEB_H 1
| #define HAVE_SIGNAL_H 1
| #define HAVE_ARPA_NAMESER_H 1
| #define HAVE_RESOLV_H 1
| #define HAVE_DLFCN_H 1
| #define HAVE_STRFTIME 1
| #define HAVE_STRDUP 1
| #define HAVE_STRNDUP 1
| #define HAVE_STRERROR 1
| #define HAVE_FINITE 1
| /* end confdefs.h.  */
| /* Define class to an innocuous variant, in case <limits.h> declares class.
|    For example, HP-UX 11i <limits.h> declares gettimeofday.  */
| #define class innocuous_class
| 
| /* System header to define __stub macros and hopefully few prototypes,
|    which can conflict with char class (); below.  */
| 
| #include <limits.h>
| #undef class
| 
| /* Override any GCC internal prototype to avoid an error.
|    Use char because int might match the return type of a GCC
|    builtin and then its argument prototype would still apply.  */
| #ifdef __cplusplus
| extern "C"
| #endif
| char class ();
| /* The GNU C library defines this for functions which it implements
|     to always fail with ENOSYS.  Some functions are actually named
|     something starting with __ and the normal name is an alias.  */
| #if defined __stub_class || defined __stub___class
| choke me
| #endif
| 
| int
| main (void)
| {
| return class ();
|   ;
|   return 0;
| }
configure:13820: result: no
configure:13826: checking for fpclass
configure:13826: gcc -o conftest -O3 -Wall -fsigned-char   conftest.c  >&5
/tmp/ccBukYeU.o: In function `main':
conftest.c:(.text.startup+0x7): undefined reference to `fpclass'
collect2: error: ld returned 1 exit status
configure:13826: $? = 1
configure: failed program was:
| /* confdefs.h */
| #define PACKAGE_NAME ""
| #define PACKAGE_TARNAME ""
| #define PACKAGE_VERSION ""
| #define PACKAGE_STRING ""
| #define PACKAGE_BUGREPORT ""
| #define PACKAGE_URL ""
| #define PACKAGE "libxml2"
| #define VERSION "2.9.1"
| #define HAVE_STDIO_H 1
| #define HAVE_STDLIB_H 1
| #define HAVE_STRING_H 1
| #define HAVE_INTTYPES_H 1
| #define HAVE_STDINT_H 1
| #define HAVE_STRINGS_H 1
| #define HAVE_SYS_STAT_H 1
| #define HAVE_SYS_TYPES_H 1
| #define HAVE_UNISTD_H 1
| #define STDC_HEADERS 1
| #define HAVE_DLFCN_H 1
| #define LT_OBJDIR ".libs/"
| #define HAVE_ZLIB_H 1
| #define HAVE_LIBZ 1
| #define HAVE_LZMA_H 1
| #define HAVE_LIBLZMA 1
| #define HAVE_DIRENT_H 1
| #define HAVE_FCNTL_H 1
| #define HAVE_UNISTD_H 1
| #define HAVE_CTYPE_H 1
| #define HAVE_DIRENT_H 1
| #define HAVE_ERRNO_H 1
| #define HAVE_MALLOC_H 1
| #define HAVE_STDARG_H 1
| #define HAVE_SYS_STAT_H 1
| #define HAVE_SYS_TYPES_H 1
| #define HAVE_STDINT_H 1
| #define HAVE_INTTYPES_H 1
| #define HAVE_TIME_H 1
| #define HAVE_MATH_H 1
| #define HAVE_LIMITS_H 1
| #define HAVE_FLOAT_H 1
| #define HAVE_STDLIB_H 1
| #define HAVE_SYS_SOCKET_H 1
| #define HAVE_NETINET_IN_H 1
| #define HAVE_ARPA_INET_H 1
| #define HAVE_NETDB_H 1
| #define HAVE_SYS_TIME_H 1
| #define HAVE_SYS_SELECT_H 1
| #define HAVE_POLL_H 1
| #define HAVE_SYS_MMAN_H 1
| #define HAVE_SYS_TIMEB_H 1
| #define HAVE_SIGNAL_H 1
| #define HAVE_ARPA_NAMESER_H 1
| #define HAVE_RESOLV_H 1
| #define HAVE_DLFCN_H 1
| #define HAVE_STRFTIME 1
| #define HAVE_STRDUP 1
| #define HAVE_STRNDUP 1
| #define HAVE_STRERROR 1
| #define HAVE_FINITE 1
| /* end confdefs.h.  */
| /* Define fpclass to an innocuous variant, in case <limits.h> declares fpclass.
|    For example, HP-UX 11i <limits.h> declares gettimeofday.  */
| #define fpclass innocuous_fpclass
| 
| /* System header to define __stub macros and hopefully few prototypes,
|    which can conflict with char fpclass (); below.  */
| 
| #include <limits.h>
| #undef fpclass
| 
| /* Override any GCC internal prototype to avoid an error.
|    Use char because int might match the return type of a GCC
|    builtin and then its argument prototype would still apply.  */
| #ifdef __cplusplus
| extern "C"
| #endif
| char fpclass ();
| /* The GNU C library defines this for functions which it implements
|     to always fail with ENOSYS.  Some functions are actually named
|     something starting with __ and the normal name is an alias.  */
| #if defined __stub_fpclass || defined __stub___fpclass
| choke me
| #endif
| 
| int
| main (void)
| {
| return fpclass ();
|   ;
|   return 0;
| }
configure:13826: result: no
configure:13833: checking for strftime
configure:13833: result: yes
configure:13839: checking for localtime
configure:13839: gcc -o conftest -O3 -Wall -fsigned-char   conftest.c  >&5
configure:13839: $? = 0
configure:13839: result: yes
configure:13845: checking for gettimeofday
configure:13845: gcc -o conftest -O3 -Wall -fsigned-char   conftest.c  >&5
configure:13845: $? = 0
configure:13845: result: yes
configure:13851: checking for ftime
configure:13851: gcc -o conftest -O3 -Wall -fsigned-char   conftest.c  >&5
configure:13851: $? = 0
configure:13851: result: yes
configure:13858: checking for stat
configure:13858: gcc -o conftest -O3 -Wall -fsigned-char   conftest.c  >&5
configure:13858: $? = 0
configure:13858: result: yes
configure:13864: checking for _stat
configure:13864: gcc -o conftest -O3 -Wall -fsigned-char   conftest.c  >&5
/tmp/ccnPUOg8.o: In function `main':
conftest.c:(.text.startup+0x7): undefined reference to `_stat'
collect2: error: ld returned 1 exit status
configure:13864: $? = 1
configure: failed program was:
| /* confdefs.h */
| #define PACKAGE_NAME ""
| #define PACKAGE_TARNAME ""
| #define PACKAGE_VERSION ""
| #define PACKAGE_STRING ""
| #define PACKAGE_BUGREPORT ""
| #define PACKAGE_URL ""
| #define PACKAGE "libxml2"
| #define VERSION "2.9.1"
| #define HAVE_STDIO_H 1
| #define HAVE_STDLIB_H 1
| #define HAVE_STRING_H 1
| #define HAVE_INTTYPES_H 1
| #define HAVE_STDINT_H 1
| #define HAVE_STRINGS_H 1
| #define HAVE_SYS_STAT_H 1
| #define HAVE_SYS_TYPES_H 1
| #define HAVE_UNISTD_H 1
| #define STDC_HEADERS 1
| #define HAVE_DLFCN_H 1
| #define LT_OBJDIR ".libs/"
| #define HAVE_ZLIB_H 1
| #define HAVE_LIBZ 1
| #define HAVE_LZMA_H 1
| #define HAVE_LIBLZMA 1
| #define HAVE_DIRENT_H 1
| #define HAVE_FCNTL_H 1
| #define HAVE_UNISTD_H 1
| #define HAVE_CTYPE_H 1
| #define HAVE_DIRENT_H 1
| #define HAVE_ERRNO_H 1
| #define HAVE_MALLOC_H 1
| #define HAVE_STDARG_H 1
| #define HAVE_SYS_STAT_H 1
| #define HAVE_SYS_TYPES_H 1
| #define HAVE_STDINT_H 1
| #define HAVE_INTTYPES_H 1
| #define HAVE_TIME_H 1
| #define HAVE_MATH_H 1
| #define HAVE_LIMITS_H 1
| #define HAVE_FLOAT_H 1
| #define HAVE_STDLIB_H 1
| #define HAVE_SYS_SOCKET_H 1
| #define HAVE_NETINET_IN_H 1
| #define HAVE_ARPA_INET_H 1
| #define HAVE_NETDB_H 1
| #define HAVE_SYS_TIME_H 1
| #define HAVE_SYS_SELECT_H 1
| #define HAVE_POLL_H 1
| #define HAVE_SYS_MMAN_H 1
| #define HAVE_SYS_TIMEB_H 1
| #define HAVE_SIGNAL_H 1
| #define HAVE_ARPA_NAMESER_H 1
| #define HAVE_RESOLV_H 1
| #define HAVE_DLFCN_H 1
| #define HAVE_STRFTIME 1
| #define HAVE_STRDUP 1
| #define HAVE_STRNDUP 1
| #define HAVE_STRERROR 1
| #define HAVE_FINITE 1
| #define HAVE_STRFTIME 1
| #define HAVE_LOCALTIME 1
| #define HAVE_GETTIMEOFDAY 1
| #define HAVE_FTIME 1
| #define HAVE_STAT 1
| /* end confdefs.h.  */
| /* Define _stat to an innocuous variant, in case <limits.h> declares _stat.
|    For example, HP-UX 11i <limits.h> declares gettimeofday.  */
| #define _stat innocuous__stat
| 
| /* System header to define __stub macros and hopefully few prototypes,
|    which can conflict with char _stat (); below.  */
| 
| #include <limits.h>
| #undef _stat
| 
| /* Override any GCC internal prototype to avoid an error.
|    Use char because int might match the return type of a GCC
|    builtin and then its argument prototype would still apply.  */
| #ifdef __cplusplus
| extern "C"
| #endif
| char _stat ();
| /* The GNU C library defines this for functions which it implements
|     to always fail with ENOSYS.  Some functions are actually named
|     something starting with __ and the normal name is an alias.  */
| #if defined __stub__stat || defined __stub____stat
| choke me
| #endif
| 
| int
| main (void)
| {
| return _stat ();
|   ;
|   return 0;
| }
configure:13864: result: no
configure:13870: checking for signal
configure:13870: gcc -o conftest -O3 -Wall -fsigned-char   conftest.c  >&5
configure:13870: $? = 0
configure:13870: result: yes
configure:13877: checking for rand
configure:13877: gcc -o conftest -O3 -Wall -fsigned-char   conftest.c  >&5
configure:13877: $? = 0
configure:13877: result: yes
configure:13883: checking for rand_r
configure:13883: gcc -o conftest -O3 -Wall -fsigned-char   conftest.c  >&5
configure:13883: $? = 0
configure:13883: result: yes
configure:13889: checking for srand
configure:13889: gcc -o conftest -O3 -Wall -fsigned-char   conftest.c  >&5
configure:13889: $? = 0
configure:13889: result: yes
configure:13895: checking for time
configure:13895: gcc -o conftest -O3 -Wall -fsigned-char   conftest.c  >&5
configure:13895: $? = 0
configure:13895: result: yes
configure:13902: checking for isascii
configure:13902: gcc -o conftest -O3 -Wall -fsigned-char   conftest.c  >&5
conftest.c:88:6: warning: conflicting types for built-in function 'isascii' [-Wbuiltin-declaration-mismatch]
 char isascii ();
      ^~~~~~~
configure:13902: $? = 0
configure:13902: result: yes
configure:13908: checking for mmap
configure:13908: gcc -o conftest -O3 -Wall -fsigned-char   conftest.c  >&5
configure:13908: $? = 0
configure:13908: result: yes
configure:13914: checking for munmap
configure:13914: gcc -o conftest -O3 -Wall -fsigned-char   conftest.c  >&5
configure:13914: $? = 0
configure:13914: result: yes
configure:13920: checking for putenv
configure:13920: gcc -o conftest -O3 -Wall -fsigned-char   conftest.c  >&5
configure:13920: $? = 0
configure:13920: result: yes
configure:13930: checking for va_copy
configure:13944: gcc -o conftest -O3 -Wall -fsigned-char   conftest.c  >&5
configure:13944: $? = 0
configure:13952: result: yes
configure:13990: checking for library containing gethostent
configure:14020: gcc -o conftest -O3 -Wall -fsigned-char   conftest.c  >&5
configure:14020: $? = 0
configure:14040: result: none required
configure:14049: checking for library containing setsockopt
configure:14079: gcc -o conftest -O3 -Wall -fsigned-char   conftest.c  >&5
configure:14079: $? = 0
configure:14099: result: none required
configure:14108: checking for library containing connect
configure:14138: gcc -o conftest -O3 -Wall -fsigned-char   conftest.c  >&5
configure:14138: $? = 0
configure:14158: result: none required
configure:14168: checking for type of socket length (socklen_t)
configure:14182: gcc -c -O3 -Wall -fsigned-char  conftest.c >&5
configure:14185: result: socklen_t *
configure:14253: checking whether to enable IPv6
configure:14438: checking for isnan
configure:14438: gcc -o conftest -O3 -Wall -fsigned-char   conftest.c  >&5
conftest.c:94:6: warning: conflicting types for built-in function 'isnan' [-Wbuiltin-declaration-mismatch]
 char isnan ();
      ^~~~~
configure:14438: $? = 0
configure:14438: result: yes
configure:14490: checking for isinf
configure:14490: gcc -o conftest -O3 -Wall -fsigned-char   conftest.c  >&5
conftest.c:95:6: warning: conflicting types for built-in function 'isinf' [-Wbuiltin-declaration-mismatch]
 char isinf ();
      ^~~~~
configure:14490: $? = 0
configure:14490: result: yes
configure:15817: checking for printf
configure:15817: gcc -o conftest -O3 -Wall -fsigned-char -pedantic -W -Wformat -Wunused -Wimplicit -Wreturn-type -Wswitch -Wcomment -Wtrigraphs -Wformat -Wchar-subscripts -Wuninitialized -Wparentheses -Wshadow -Wpointer-arith -Wcast-align -Wwrite-strings -Waggregate-return -Wstrict-prototypes -Wmissing-prototypes -Wnested-externs -Winline -Wredundant-decls -Wno-long-long   conftest.c  >&5
conftest.c:96:1: warning: function declaration isn't a prototype [-Wstrict-prototypes]
 char printf ();
 ^~~~
conftest.c:96:6: warning: conflicting types for built-in function 'printf' [-Wbuiltin-declaration-mismatch]
 char printf ();
      ^~~~~~
configure:15817: $? = 0
configure:15817: result: yes
configure:15817: checking for sprintf
configure:15817: gcc -o conftest -O3 -Wall -fsigned-char -pedantic -W -Wformat -Wunused -Wimplicit -Wreturn-type -Wswitch -Wcomment -Wtrigraphs -Wformat -Wchar-subscripts -Wuninitialized -Wparentheses -Wshadow -Wpointer-arith -Wcast-align -Wwrite-strings -Waggregate-return -Wstrict-prototypes -Wmissing-prototypes -Wnested-externs -Winline -Wredundant-decls -Wno-long-long   conftest.c  >&5
conftest.c:97:1: warning: function declaration isn't a prototype [-Wstrict-prototypes]
 char sprintf ();
 ^~~~
conftest.c:97:6: warning: conflicting types for built-in function 'sprintf' [-Wbuiltin-declaration-mismatch]
 char sprintf ();
      ^~~~~~~
configure:15817: $? = 0
configure:15817: result: yes
configure:15817: checking for fprintf
configure:15817: gcc -o conftest -O3 -Wall -fsigned-char -pedantic -W -Wformat -Wunused -Wimplicit -Wreturn-type -Wswitch -Wcomment -Wtrigraphs -Wformat -Wchar-subscripts -Wuninitialized -Wparentheses -Wshadow -Wpointer-arith -Wcast-align -Wwrite-strings -Waggregate-return -Wstrict-prototypes -Wmissing-prototypes -Wnested-externs -Winline -Wredundant-decls -Wno-long-long   conftest.c  >&5
conftest.c:98:1: warning: function declaration isn't a prototype [-Wstrict-prototypes]
 char fprintf ();
 ^~~~
conftest.c:98:6: warning: conflicting types for built-in function 'fprintf' [-Wbuiltin-declaration-mismatch]
 char fprintf ();
      ^~~~~~~
configure:15817: $? = 0
configure:15817: result: yes
configure:15817: checking for snprintf
configure:15817: gcc -o conftest -O3 -Wall -fsigned-char -pedantic -W -Wformat -Wunused -Wimplicit -Wreturn-type -Wswitch -Wcomment -Wtrigraphs -Wformat -Wchar-subscripts -Wuninitialized -Wparentheses -Wshadow -Wpointer-arith -Wcast-align -Wwrite-strings -Waggregate-return -Wstrict-prototypes -Wmissing-prototypes -Wnested-externs -Winline -Wredundant-decls -Wno-long-long   conftest.c  >&5
conftest.c:99:1: warning: function declaration isn't a prototype [-Wstrict-prototypes]
 char snprintf ();
 ^~~~
conftest.c:99:6: warning: conflicting types for built-in function 'snprintf' [-Wbuiltin-declaration-mismatch]
 char snprintf ();
      ^~~~~~~~
configure:15817: $? = 0
configure:15817: result: yes
configure:15817: checking for vfprintf
configure:15817: gcc -o conftest -O3 -Wall -fsigned-char -pedantic -W -Wformat -Wunused -Wimplicit -Wreturn-type -Wswitch -Wcomment -Wtrigraphs -Wformat -Wchar-subscripts -Wuninitialized -Wparentheses -Wshadow -Wpointer-arith -Wcast-align -Wwrite-strings -Waggregate-return -Wstrict-prototypes -Wmissing-prototypes -Wnested-externs -Winline -Wredundant-decls -Wno-long-long   conftest.c  >&5
conftest.c:100:1: warning: function declaration isn't a prototype [-Wstrict-prototypes]
 char vfprintf ();
 ^~~~
conftest.c:100:6: warning: conflicting types for built-in function 'vfprintf' [-Wbuiltin-declaration-mismatch]
 char vfprintf ();
      ^~~~~~~~
configure:15817: $? = 0
configure:15817: result: yes
configure:15817: checking for vsprintf
configure:15817: gcc -o conftest -O3 -Wall -fsigned-char -pedantic -W -Wformat -Wunused -Wimplicit -Wreturn-type -Wswitch -Wcomment -Wtrigraphs -Wformat -Wchar-subscripts -Wuninitialized -Wparentheses -Wshadow -Wpointer-arith -Wcast-align -Wwrite-strings -Waggregate-return -Wstrict-prototypes -Wmissing-prototypes -Wnested-externs -Winline -Wredundant-decls -Wno-long-long   conftest.c  >&5
conftest.c:101:1: warning: function declaration isn't a prototype [-Wstrict-prototypes]
 char vsprintf ();
 ^~~~
conftest.c:101:6: warning: conflicting types for built-in function 'vsprintf' [-Wbuiltin-declaration-mismatch]
 char vsprintf ();
      ^~~~~~~~
configure:15817: $? = 0
configure:15817: result: yes
configure:15817: checking for vsnprintf
configure:15817: gcc -o conftest -O3 -Wall -fsigned-char -pedantic -W -Wformat -Wunused -Wimplicit -Wreturn-type -Wswitch -Wcomment -Wtrigraphs -Wformat -Wchar-subscripts -Wuninitialized -Wparentheses -Wshadow -Wpointer-arith -Wcast-align -Wwrite-strings -Waggregate-return -Wstrict-prototypes -Wmissing-prototypes -Wnested-externs -Winline -Wredundant-decls -Wno-long-long   conftest.c  >&5
conftest.c:102:1: warning: function declaration isn't a prototype [-Wstrict-prototypes]
 char vsnprintf ();
 ^~~~
conftest.c:102:6: warning: conflicting types for built-in function 'vsnprintf' [-Wbuiltin-declaration-mismatch]
 char vsnprintf ();
      ^~~~~~~~~
configure:15817: $? = 0
configure:15817: result: yes
configure:15817: checking for sscanf
configure:15817: gcc -o conftest -O3 -Wall -fsigned-char -pedantic -W -Wformat -Wunused -Wimplicit -Wreturn-type -Wswitch -Wcomment -Wtrigraphs -Wformat -Wchar-subscripts -Wuninitialized -Wparentheses -Wshadow -Wpointer-arith -Wcast-align -Wwrite-strings -Waggregate-return -Wstrict-prototypes -Wmissing-prototypes -Wnested-externs -Winline -Wredundant-decls -Wno-long-long   conftest.c  >&5
conftest.c:103:1: warning: function declaration isn't a prototype [-Wstrict-prototypes]
 char sscanf ();
 ^~~~
conftest.c:103:6: warning: conflicting types for built-in function 'sscanf' [-Wbuiltin-declaration-mismatch]
 char sscanf ();
      ^~~~~~
configure:15817: $? = 0
configure:15817: result: yes
configure:16024: creating ./config.status

## ---------------------- ##
## Running config.status. ##
## ---------------------- ##

This file was extended by config.status, which was
generated by GNU Autoconf 2.71.  Invocation command line was

  CONFIG_FILES    = 
  CONFIG_HEADERS  = 
  CONFIG_LINKS    = 
  CONFIG_COMMANDS = 
  $ ./config.status 

on int-aajay-1.monetate.org

config.status:1280: creating libxml2.spec
config.status:1280: creating Makefile
config.status:1280: creating include/Makefile
config.status:1280: creating include/libxml/Makefile
config.status:1280: creating doc/Makefile
config.status:1280: creating doc/examples/Makefile
config.status:1280: creating doc/devhelp/Makefile
config.status:1280: creating example/Makefile
config.status:1280: creating python/Makefile
config.status:1280: creating python/tests/Makefile
config.status:1280: creating xstc/Makefile
config.status:1280: creating include/libxml/xmlversion.h
config.status:1280: creating xml2-config
config.status:1280: creating libxml-2.0.pc
config.status:1280: creating libxml-2.0-uninstalled.pc
config.status:1280: creating python/setup.py
config.status:1280: creating config.h
config.status:1509: executing depfiles commands
config.status:1509: executing libtool commands

## ---------------- ##
## Cache variables. ##
## ---------------- ##

ac_cv_build=x86_64-pc-linux-gnu
ac_cv_c_compiler_gnu=yes
ac_cv_c_uint32_t=yes
ac_cv_env_CC_set=set
ac_cv_env_CC_value=gcc
ac_cv_env_CFLAGS_set=set
ac_cv_env_CFLAGS_value='-O3 -Wall -fsigned-char'
ac_cv_env_CPPFLAGS_set=
ac_cv_env_CPPFLAGS_value=
ac_cv_env_CPP_set=
ac_cv_env_CPP_value=
ac_cv_env_LDFLAGS_set=
ac_cv_env_LDFLAGS_value=
ac_cv_env_LIBS_set=
ac_cv_env_LIBS_value=
ac_cv_env_build_alias_set=
ac_cv_env_build_alias_value=
ac_cv_env_host_alias_set=
ac_cv_env_host_alias_value=
ac_cv_env_target_alias_set=
ac_cv_env_target_alias_value=
ac_cv_func__stat=no
ac_cv_func_class=no
ac_cv_func_finite=yes
ac_cv_func_fp_class=no
ac_cv_func_fpclass=no
ac_cv_func_fprintf=yes
ac_cv_func_ftime=yes
ac_cv_func_gettimeofday=yes
ac_cv_func_isascii=yes
ac_cv_func_isinf=yes
ac_cv_func_isnan=yes
ac_cv_func_isnand=no
ac_cv_func_localtime=yes
ac_cv_func_mmap=yes
ac_cv_func_munmap=yes
ac_cv_func_printf=yes
ac_cv_func_putenv=yes
ac_cv_func_rand=yes
ac_cv_func_rand_r=yes
ac_cv_func_signal=yes
ac_cv_func_snprintf=yes
ac_cv_func_sprintf=yes
ac_cv_func_srand=yes
ac_cv_func_sscanf=yes
ac_cv_func_stat=yes
ac_cv_func_strdup=yes
ac_cv_func_strerror=yes
ac_cv_func_strftime=yes
ac_cv_func_strndup=yes
ac_cv_func_time=yes
ac_cv_func_vfprintf=yes
ac_cv_func_vsnprintf=yes
ac_cv_func_vsprintf=yes
ac_cv_header_ansidecl_h=no
ac_cv_header_arpa_inet_h=yes
ac_cv_header_arpa_nameser_h=yes
ac_cv_header_ctype_h=yes
ac_cv_header_dirent_dirent_h=yes
ac_cv_header_dirent_h=yes
ac_cv_header_dl_h=no
ac_cv_header_dlfcn_h=yes
ac_cv_header_errno_h=yes
ac_cv_header_fcntl_h=yes
ac_cv_header_float_h=yes
ac_cv_header_fp_class_h=no
ac_cv_header_ieeefp_h=no
ac_cv_header_inttypes_h=yes
ac_cv_header_limits_h=yes
ac_cv_header_lzma_h=yes
ac_cv_header_malloc_h=yes
ac_cv_header_math_h=yes
ac_cv_header_nan_h=no
ac_cv_header_netdb_h=yes
ac_cv_header_netinet_in_h=yes
ac_cv_header_poll_h=yes
ac_cv_header_resolv_h=yes
ac_cv_header_signal_h=yes
ac_cv_header_stdarg_h=yes
ac_cv_header_stdint_h=yes
ac_cv_header_stdio_h=yes
ac_cv_header_stdlib_h=yes
ac_cv_header_string_h=yes
ac_cv_header_strings_h=yes
ac_cv_header_sys_mman_h=yes
ac_cv_header_sys_select_h=yes
ac_cv_header_sys_socket_h=yes
ac_cv_header_sys_stat_h=yes
ac_cv_header_sys_time_h=yes
ac_cv_header_sys_timeb_h=yes
ac_cv_header_sys_types_h=yes
ac_cv_header_time_h=yes
ac_cv_header_unistd_h=yes
ac_cv_header_zlib_h=yes
ac_cv_host=x86_64-pc-linux-gnu
ac_cv_lib_lzma_lzma_code=yes
ac_cv_lib_z_gzread=yes
ac_cv_objext=o
ac_cv_path_EGREP='/bin/grep -E'
ac_cv_path_FGREP='/bin/grep -F'
ac_cv_path_GREP=/bin/grep
ac_cv_path_MV=/bin/mv
ac_cv_path_PERL=/bin/perl
ac_cv_path_SED=/bin/sed
ac_cv_path_TAR=/bin/tar
ac_cv_path_WGET=/bin/wget
ac_cv_path_XMLLINT=/bin/xmllint
ac_cv_path_XSLTPROC=/bin/xsltproc
ac_cv_path_install='/bin/install -c'
ac_cv_path_mkdir=/bin/mkdir
ac_cv_prog_AWK=gawk
ac_cv_prog_CPP='gcc -E'
ac_cv_prog_ac_ct_AR=ar
ac_cv_prog_ac_ct_CC=gcc
ac_cv_prog_ac_ct_OBJDUMP=objdump
ac_cv_prog_ac_ct_RANLIB=ranlib
ac_cv_prog_ac_ct_STRIP=strip
ac_cv_prog_cc_c11=
ac_cv_prog_cc_g=yes
ac_cv_prog_cc_stdc=
ac_cv_prog_make_make_set=yes
ac_cv_search_connect='none required'
ac_cv_search_gethostent='none required'
ac_cv_search_opendir='none required'
ac_cv_search_setsockopt='none required'
am_cv_CC_dependencies_compiler_type=gcc3
am_cv_make_support_nested_variables=yes
lt_cv_ar_at_file=@
lt_cv_deplibs_check_method=pass_all
lt_cv_file_magic_cmd='$MAGIC_CMD'
lt_cv_file_magic_test_file=
lt_cv_ld_reload_flag=-r
lt_cv_nm_interface='BSD nm'
lt_cv_objdir=.libs
lt_cv_path_LD=/bin/ld
lt_cv_path_NM='/bin/nm -B'
lt_cv_path_mainfest_tool=no
lt_cv_prog_compiler_c_o=yes
lt_cv_prog_compiler_pic='-fPIC -DPIC'
lt_cv_prog_compiler_pic_works=yes
lt_cv_prog_compiler_rtti_exceptions=no
lt_cv_prog_compiler_static_works=no
lt_cv_prog_gnu_ld=yes
lt_cv_sharedlib_from_linklib_cmd='printf %s\n'
lt_cv_shlibpath_overrides_runpath=no
lt_cv_sys_global_symbol_pipe='sed -n -e '\''s/^.*[	 ]\([ABCDGIRSTW][ABCDGIRSTW]*\)[	 ][	 ]*\([_A-Za-z][_A-Za-z0-9]*\)$/\1 \2 \2/p'\'' | sed '\''/ __gnu_lto/d'\'''
lt_cv_sys_global_symbol_to_c_name_address='sed -n -e '\''s/^: \([^ ]*\)[ ]*$/  {\"\1\", (void *) 0},/p'\'' -e '\''s/^[ABCDGIRSTW]* \([^ ]*\) \([^ ]*\)$/  {"\2", (void *) \&\2},/p'\'''
lt_cv_sys_global_symbol_to_c_name_address_lib_prefix='sed -n -e '\''s/^: \([^ ]*\)[ ]*$/  {\"\1\", (void *) 0},/p'\'' -e '\''s/^[ABCDGIRSTW]* \([^ ]*\) \(lib[^ ]*\)$/  {"\2", (void *) \&\2},/p'\'' -e '\''s/^[ABCDGIRSTW]* \([^ ]*\) \([^ ]*\)$/  {"lib\2", (void *) \&\2},/p'\'''
lt_cv_sys_global_symbol_to_cdecl='sed -n -e '\''s/^T .* \(.*\)$/extern int \1();/p'\'' -e '\''s/^[ABCDGIRSTW]* .* \(.*\)$/extern char \1;/p'\'''
lt_cv_sys_max_cmd_len=1572864
lt_cv_to_host_file_cmd=func_convert_file_noop
lt_cv_to_tool_file_cmd=func_convert_file_noop

## ----------------- ##
## Output variables. ##
## ----------------- ##

ACLOCAL='${SHELL} /home/ec2-user/degrib/src/libxml/missing --run aclocal-1.11'
AMDEPBACKSLASH='\'
AMDEP_FALSE='#'
AMDEP_TRUE=''
AMTAR='$${TAR-tar}'
AM_BACKSLASH='\'
AM_DEFAULT_V='$(AM_DEFAULT_VERBOSITY)'
AM_DEFAULT_VERBOSITY='0'
AM_V='$(V)'
AR='ar'
AUTOCONF='${SHELL} /home/ec2-user/degrib/src/libxml/missing --run autoconf'
AUTOHEADER='${SHELL} /home/ec2-user/degrib/src/libxml/missing --run autoheader'
AUTOMAKE='${SHELL} /home/ec2-user/degrib/src/libxml/missing --run automake-1.11'
AWK='gawk'
BASE_THREAD_LIBS=''
C14N_OBJ=''
CATALOG_OBJ=''
CC='gcc'
CCDEPMODE='depmode=gcc3'
CFLAGS='-O3 -Wall -fsigned-char -pedantic -W -Wformat -Wunused -Wimplicit -Wreturn-type -Wswitch -Wcomment -Wtrigraphs -Wformat -Wchar-subscripts -Wuninitialized -Wparentheses -Wshadow -Wpointer-arith -Wcast-align -Wwrite-strings -Waggregate-return -Wstrict-prototypes -Wmissing-prototypes -Wnested-externs -Winline -Wredundant-decls -Wno-long-long'
CPP='gcc -E'
CPPFLAGS=''
CYGPATH_W='echo'
CYGWIN_EXTRA_LDFLAGS=''
CYGWIN_EXTRA_PYTHON_LIBADD=''
DEBUG_OBJ=''
DEFS='-DHAVE_CONFIG_H'
DEPDIR='.deps'
DLLTOOL='false'
DOCB_OBJ=''
DSYMUTIL=''
DUMPBIN=''
ECHO_C=''
ECHO_N='-n'
ECHO_T=''
EGREP='/bin/grep -E'
EXEEXT=''
FGREP='/bin/grep -F'
FTP_OBJ=''
GREP='/bin/grep'
HAVE_ISINF=''
HAVE_ISNAN=''
HTML_DIR='$(datadir)/doc/$(PACKAGE)-$(VERSION)/html'
HTML_OBJ=''
HTTP_OBJ=''
ICONV_LIBS=''
ICU_LIBS=''
INSTALL_DATA='${INSTALL} -m 644'
INSTALL_PROGRAM='${INSTALL}'
INSTALL_SCRIPT='${INSTALL}'
INSTALL_STRIP_PROGRAM='$(install_sh) -c -s'
LD='/bin/ld -m elf_x86_64'
LDFLAGS=''
LIBOBJS=''
LIBS=''
LIBTOOL='$(SHELL) $(top_builddir)/libtool'
LIBXML_MAJOR_VERSION='2'
LIBXML_MICRO_VERSION='1'
LIBXML_MINOR_VERSION='9'
LIBXML_VERSION='2.9.1'
LIBXML_VERSION_EXTRA=''
LIBXML_VERSION_INFO='11:1:9'
LIBXML_VERSION_NUMBER='20901'
LIPO=''
LN_S='ln -s'
LTLIBOBJS=''
LZMA_CFLAGS=''
LZMA_LIBS='-llzma'
MAKEINFO='${SHELL} /home/ec2-user/degrib/src/libxml/missing --run makeinfo'
MANIFEST_TOOL=':'
MKDIR_P='/bin/mkdir -p'
MODULE_EXTENSION=''
MODULE_PLATFORM_LIBS=''
MV='/bin/mv'
M_LIBS='-lm'
NM='/bin/nm -B'
NMEDIT=''
OBJDUMP='objdump'
OBJEXT='o'
OTOOL64=''
OTOOL=''
PACKAGE='libxml2'
PACKAGE_BUGREPORT=''
PACKAGE_NAME=''
PACKAGE_STRING=''
PACKAGE_TARNAME=''
PACKAGE_URL=''
PACKAGE_VERSION=''
PATH_SEPARATOR=':'
PERL='/bin/perl'
PYTHON=''
PYTHON_INCLUDES=''
PYTHON_LIBS=''
PYTHON_SITE_PACKAGES=''
PYTHON_SUBDIR=''
PYTHON_TESTS=''
PYTHON_VERSION=''
RANLIB='ranlib'
RDL_LIBS=''
READER_TEST=''
REBUILD_DOCS_FALSE=''
REBUILD_DOCS_TRUE='#'
RELDATE='Thu Jul 10 2025'
SED='/bin/sed'
SET_MAKE=''
SHELL='/bin/sh'
STATIC_BINARIES=''
STRIP='strip'
TAR='/bin/tar'
TEST_C14N=''
TEST_CATALOG=''
TEST_DEBUG=''
TEST_HTML=''
TEST_MODULES=''
TEST_PATTERN=''
TEST_PHTML=''
TEST_PUSH=''
TEST_REGEXPS=''
TEST_SAX=''
TEST_SCHEMAS=''
TEST_SCHEMATRON=''
TEST_THREADS=''
TEST_VALID=''
TEST_VTIME=''
TEST_XINCLUDE=''
TEST_XPATH=''
TEST_XPTR=''
THREADS_W32_FALSE=''
THREADS_W32_TRUE='#'
THREAD_CFLAGS=''
THREAD_LIBS=''
USE_VERSION_SCRIPT_FALSE='#'
USE_VERSION_SCRIPT_TRUE=''
VERSION='2.9.1'
VERSION_SCRIPT_FLAGS='-Wl,--version-script='
WGET='/bin/wget'
WIN32_EXTRA_LDFLAGS=''
WIN32_EXTRA_LIBADD=''
WIN32_EXTRA_PYTHON_LIBADD=''
WITH_C14N='0'
WITH_CATALOG='0'
WITH_DEBUG='0'
WITH_DOCB='0'
WITH_FTP='0'
WITH_HTML='0'
WITH_HTTP='0'
WITH_ICONV='0'
WITH_ICU='0'
WITH_ISO8859X='0'
WITH_LEGACY='0'
WITH_LZMA='1'
WITH_MEM_DEBUG='0'
WITH_MODULES='0'
WITH_OUTPUT='1'
WITH_PATTERN='0'
WITH_PUSH='0'
WITH_PYTHON_FALSE=''
WITH_PYTHON_TRUE='#'
WITH_READER='0'
WITH_REGEXPS='0'
WITH_RUN_DEBUG='0'
WITH_SAX1='0'
WITH_SAX1_SOURCES_FALSE=''
WITH_SAX1_SOURCES_TRUE='#'
WITH_SCHEMAS='0'
WITH_SCHEMATRON='0'
WITH_THREADS='0'
WITH_THREAD_ALLOC='0'
WITH_TREE='1'
WITH_TRIO='0'
WITH_TRIO_SOURCES_FALSE=''
WITH_TRIO_SOURCES_TRUE='#'
WITH_VALID='0'
WITH_WRITER='0'
WITH_XINCLUDE='0'
WITH_XPATH='0'
WITH_XPTR='0'
WITH_ZLIB='1'
XINCLUDE_OBJ=''
XMLLINT='/bin/xmllint'
XML_CFLAGS=''
XML_INCLUDEDIR='-I${includedir}/libxml2'
XML_LIBDIR='-L${libdir}'
XML_LIBS='-lxml2 -L/home/ec2-user/degrib/src/zlib/lib -lz   -lm '
XML_LIBTOOLLIBS='libxml2.la'
XPATH_OBJ=''
XPTR_OBJ=''
XSLTPROC='/bin/xsltproc'
Z_CFLAGS='-I/home/ec2-user/degrib/src/zlib/include'
Z_LIBS='-L/home/ec2-user/degrib/src/zlib/lib -lz'
ac_ct_AR='ar'
ac_ct_CC='gcc'
ac_ct_DUMPBIN=''
am__EXEEXT_FALSE=''
am__EXEEXT_TRUE='#'
am__fastdepCC_FALSE='#'
am__fastdepCC_TRUE=''
am__include='include'
am__isrc=''
am__leading_dot='.'
am__nodep='_no'
am__quote=''
am__tar='$${TAR-tar} chof - "$$tardir"'
am__untar='$${TAR-tar} xf -'
bindir='${exec_prefix}/bin'
build='x86_64-pc-linux-gnu'
build_alias=''
build_cpu='x86_64'
build_os='linux-gnu'
build_vendor='pc'
datadir='${datarootdir}'
datarootdir='${prefix}/share'
docdir='${datarootdir}/doc/${PACKAGE}'
dvidir='${docdir}'
exec_prefix='${prefix}'
host='x86_64-pc-linux-gnu'
host_alias=''
host_cpu='x86_64'
host_os='linux-gnu'
host_vendor='pc'
htmldir='${docdir}'
includedir='${prefix}/include'
infodir='${datarootdir}/info'
install_sh='${SHELL} /home/ec2-user/degrib/src/libxml/install-sh'
libdir='${exec_prefix}/lib'
libexecdir='${exec_prefix}/libexec'
localedir='${datarootdir}/locale'
localstatedir='${prefix}/var'
mandir='${datarootdir}/man'
mkdir_p='/bin/mkdir -p'
oldincludedir='/usr/include'
pdfdir='${docdir}'
prefix='/usr/local'
program_transform_name='s,x,x,'
psdir='${docdir}'
pythondir=''
runstatedir='${localstatedir}/run'
sbindir='${exec_prefix}/sbin'
sharedstatedir='${prefix}/com'
sysconfdir='${prefix}/etc'
target_alias=''

## ----------- ##
## confdefs.h. ##
## ----------- ##

/* confdefs.h */
#define PACKAGE_NAME ""
#define PACKAGE_TARNAME ""
#define PACKAGE_VERSION ""
#define PACKAGE_STRING ""
#define PACKAGE_BUGREPORT ""
#define PACKAGE_URL ""
#define PACKAGE "libxml2"
#define VERSION "2.9.1"
#define HAVE_STDIO_H 1
#define HAVE_STDLIB_H 1
#define HAVE_STRING_H 1
#define HAVE_INTTYPES_H 1
#define HAVE_STDINT_H 1
#define HAVE_STRINGS_H 1
#define HAVE_SYS_STAT_H 1
#define HAVE_SYS_TYPES_H 1
#define HAVE_UNISTD_H 1
#define STDC_HEADERS 1
#define HAVE_DLFCN_H 1
#define LT_OBJDIR ".libs/"
#define HAVE_ZLIB_H 1
#define HAVE_LIBZ 1
#define HAVE_LZMA_H 1
#define HAVE_LIBLZMA 1
#define HAVE_DIRENT_H 1
#define HAVE_FCNTL_H 1
#define HAVE_UNISTD_H 1
#define HAVE_CTYPE_H 1
#define HAVE_DIRENT_H 1
#define HAVE_ERRNO_H 1
#define HAVE_MALLOC_H 1
#define HAVE_STDARG_H 1
#define HAVE_SYS_STAT_H 1
#define HAVE_SYS_TYPES_H 1
#define HAVE_STDINT_H 1
#define HAVE_INTTYPES_H 1
#define HAVE_TIME_H 1
#define HAVE_MATH_H 1
#define HAVE_LIMITS_H 1
#define HAVE_FLOAT_H 1
#define HAVE_STDLIB_H 1
#define HAVE_SYS_SOCKET_H 1
#define HAVE_NETINET_IN_H 1
#define HAVE_ARPA_INET_H 1
#define HAVE_NETDB_H 1
#define HAVE_SYS_TIME_H 1
#define HAVE_SYS_SELECT_H 1
#define HAVE_POLL_H 1
#define HAVE_SYS_MMAN_H 1
#define HAVE_SYS_TIMEB_H 1
#define HAVE_SIGNAL_H 1
#define HAVE_ARPA_NAMESER_H 1
#define HAVE_RESOLV_H 1
#define HAVE_DLFCN_H 1
#define HAVE_STRFTIME 1
#define HAVE_STRDUP 1
#define HAVE_STRNDUP 1
#define HAVE_STRERROR 1
#define HAVE_FINITE 1
#define HAVE_STRFTIME 1
#define HAVE_LOCALTIME 1
#define HAVE_GETTIMEOFDAY 1
#define HAVE_FTIME 1
#define HAVE_STAT 1
#define HAVE_SIGNAL 1
#define HAVE_RAND 1
#define HAVE_RAND_R 1
#define HAVE_SRAND 1
#define HAVE_TIME 1
#define HAVE_ISASCII 1
#define HAVE_MMAP 1
#define HAVE_MUNMAP 1
#define HAVE_PUTENV 1
#define HAVE_VA_COPY 1
#define XML_SOCKLEN_T socklen_t
#define HAVE_ISNAN /**/
#define HAVE_ISINF /**/
#define HAVE_PRINTF 1
#define HAVE_SPRINTF 1
#define HAVE_FPRINTF 1
#define HAVE_SNPRINTF 1
#define HAVE_VFPRINTF 1
#define HAVE_VSPRINTF 1
#define HAVE_VSNPRINTF 1
#define HAVE_SSCANF 1

configure: exit 0
