This file contains any messages produced by compilers while
running configure, to aid debugging if configure makes a mistake.

It was created by degrib configure 2.25, which was
generated by GNU Autoconf 2.71.  Invocation command line was

  $ ./configure CFLAGS=-O3

## --------- ##
## Platform. ##
## --------- ##

hostname = int-aajay-1.monetate.org
uname -m = x86_64
uname -r = 4.14.355-277.647.amzn2.x86_64
uname -s = Linux
uname -v = #1 SMP Mon May 19 09:44:01 UTC 2025

/usr/bin/uname -p = x86_64
/bin/uname -X     = unknown

/bin/arch              = x86_64
/usr/bin/arch -k       = unknown
/usr/convex/getsysinfo = unknown
/usr/bin/hostinfo      = unknown
/bin/machine           = unknown
/usr/bin/oslevel       = unknown
/bin/universe          = unknown

PATH: /opt/pyenv/plugins/pyenv-virtualenv/shims/
PATH: /opt/pyenv/shims/
PATH: /opt/pyenv/bin/
PATH: /usr/local/sbin/
PATH: /usr/local/bin/
PATH: /sbin/
PATH: /bin/
PATH: /usr/sbin/
PATH: /usr/bin/


## ----------- ##
## Core tests. ##
## ----------- ##

configure:2604: looking for aux files: install-sh config.guess config.sub
configure:2617:  trying ./
configure:2628:   ./install-sh found
configure:2646:   ./config.guess found
configure:2646:   ./config.sub found
configure:2769: checking build system type
configure:2784: result: x86_64-pc-linux-gnu
configure:2804: checking host system type
configure:2818: result: x86_64-pc-linux-gnu
configure:2902: checking for gcc
configure:2923: found /bin/gcc
configure:2934: result: gcc
configure:3287: checking for C compiler version
configure:3296: gcc --version >&5
gcc (GCC) 7.3.1 20180712 (Red Hat 7.3.1-17)
Copyright (C) 2017 Free Software Foundation, Inc.
This is free software; see the source for copying conditions.  There is NO
warranty; not even for MERCHANTABILITY or FITNESS FOR A PARTICULAR PURPOSE.

configure:3307: $? = 0
configure:3296: gcc -v >&5
Using built-in specs.
COLLECT_GCC=gcc
COLLECT_LTO_WRAPPER=/usr/libexec/gcc/x86_64-redhat-linux/7/lto-wrapper
Target: x86_64-redhat-linux
Configured with: ../configure --enable-bootstrap --enable-languages=c,c++,objc,obj-c++,fortran,ada,go,lto --prefix=/usr --mandir=/usr/share/man --infodir=/usr/share/info --with-bugurl=http://bugzilla.redhat.com/bugzilla --enable-shared --enable-threads=posix --enable-checking=release --enable-multilib --with-system-zlib --enable-__cxa_atexit --disable-libunwind-exceptions --enable-gnu-unique-object --enable-linker-build-id --with-gcc-major-version-only --with-linker-hash-style=gnu --enable-plugin --enable-initfini-array --with-isl --enable-libmpx --enable-libsanitizer --enable-gnu-indirect-function --enable-libcilkrts --enable-libatomic --enable-libquadmath --enable-libitm --with-tune=generic --with-arch_32=x86-64 --build=x86_64-redhat-linux
Thread model: posix
gcc version 7.3.1 20180712 (Red Hat 7.3.1-17) (GCC) 
configure:3307: $? = 0
configure:3296: gcc -V >&5
gcc: error: unrecognized command line option '-V'
gcc: fatal error: no input files
compilation terminated.
configure:3307: $? = 1
configure:3296: gcc -qversion >&5
gcc: error: unrecognized command line option '-qversion'; did you mean '--version'?
gcc: fatal error: no input files
compilation terminated.
configure:3307: $? = 1
configure:3296: gcc -version >&5
gcc: error: unrecognized command line option '-version'
gcc: fatal error: no input files
compilation terminated.
configure:3307: $? = 1
configure:3327: checking whether the C compiler works
configure:3349: gcc -O3   conftest.c  >&5
configure:3353: $? = 0
configure:3403: result: yes
configure:3406: checking for C compiler default output file name
configure:3408: result: a.out
configure:3414: checking for suffix of executables
configure:3421: gcc -o conftest -O3   conftest.c  >&5
configure:3425: $? = 0
configure:3448: result: 
configure:3470: checking whether we are cross compiling
configure:3478: gcc -o conftest -O3   conftest.c  >&5
configure:3482: $? = 0
configure:3489: ./conftest
configure:3493: $? = 0
configure:3508: result: no
configure:3513: checking for suffix of object files
configure:3536: gcc -c -O3  conftest.c >&5
configure:3540: $? = 0
configure:3562: result: o
configure:3566: checking whether the compiler supports GNU C
configure:3586: gcc -c -O3  conftest.c >&5
configure:3586: $? = 0
configure:3596: result: yes
configure:3607: checking whether gcc accepts -g
configure:3628: gcc -c -g  conftest.c >&5
configure:3628: $? = 0
configure:3672: result: yes
configure:3692: checking for gcc option to enable C11 features
configure:3707: gcc  -c -O3  conftest.c >&5
configure:3707: $? = 0
configure:3725: result: none needed
configure:3850: checking for a BSD-compatible install
configure:3923: result: /bin/install -c
configure:3982: checking for ranlib
configure:4003: found /bin/ranlib
configure:4014: result: ranlib
configure:4038: checking for ar
configure:4059: found /bin/ar
configure:4071: result: ar
configure:4079: checking whether make sets $(MAKE)
configure:4102: result: yes
configure:4119: checking for stdio.h
configure:4119: gcc -c -O3  conftest.c >&5
configure:4119: $? = 0
configure:4119: result: yes
configure:4119: checking for stdlib.h
configure:4119: gcc -c -O3  conftest.c >&5
configure:4119: $? = 0
configure:4119: result: yes
configure:4119: checking for string.h
configure:4119: gcc -c -O3  conftest.c >&5
configure:4119: $? = 0
configure:4119: result: yes
configure:4119: checking for inttypes.h
configure:4119: gcc -c -O3  conftest.c >&5
configure:4119: $? = 0
configure:4119: result: yes
configure:4119: checking for stdint.h
configure:4119: gcc -c -O3  conftest.c >&5
configure:4119: $? = 0
configure:4119: result: yes
configure:4119: checking for strings.h
configure:4119: gcc -c -O3  conftest.c >&5
configure:4119: $? = 0
configure:4119: result: yes
configure:4119: checking for sys/stat.h
configure:4119: gcc -c -O3  conftest.c >&5
configure:4119: $? = 0
configure:4119: result: yes
configure:4119: checking for sys/types.h
configure:4119: gcc -c -O3  conftest.c >&5
configure:4119: $? = 0
configure:4119: result: yes
configure:4119: checking for unistd.h
configure:4119: gcc -c -O3  conftest.c >&5
configure:4119: $? = 0
configure:4119: result: yes
configure:4145: checking whether byte ordering is bigendian
configure:4161: gcc -c -O3  conftest.c >&5
conftest.c:20:9: error: unknown type name 'not'
         not a universal capable compiler
         ^~~
conftest.c:20:15: error: expected '=', ',', ';', 'asm' or '__attribute__' before 'universal'
         not a universal capable compiler
               ^~~~~~~~~
conftest.c:20:15: error: unknown type name 'universal'
configure:4161: $? = 1
configure: failed program was:
| /* confdefs.h */
| #define PACKAGE_NAME "degrib"
| #define PACKAGE_TARNAME "degrib"
| #define PACKAGE_VERSION "2.25"
| #define PACKAGE_STRING "degrib 2.25"
| #define PACKAGE_BUGREPORT "arthur.taylor@noaa.gov"
| #define PACKAGE_URL ""
| #define HAVE_STDIO_H 1
| #define HAVE_STDLIB_H 1
| #define HAVE_STRING_H 1
| #define HAVE_INTTYPES_H 1
| #define HAVE_STDINT_H 1
| #define HAVE_STRINGS_H 1
| #define HAVE_SYS_STAT_H 1
| #define HAVE_SYS_TYPES_H 1
| #define HAVE_UNISTD_H 1
| #define STDC_HEADERS 1
| /* end confdefs.h.  */
| #ifndef __APPLE_CC__
| 	       not a universal capable compiler
| 	     #endif
| 	     typedef int dummy;
| 
configure:4207: gcc -c -O3  conftest.c >&5
configure:4207: $? = 0
configure:4226: gcc -c -O3  conftest.c >&5
conftest.c: In function 'main':
conftest.c:26:4: error: unknown type name 'not'; did you mean 'ino_t'?
    not big endian
    ^~~
    ino_t
conftest.c:26:12: error: expected '=', ',', ';', 'asm' or '__attribute__' before 'endian'
    not big endian
            ^~~~~~
configure:4226: $? = 1
configure: failed program was:
| /* confdefs.h */
| #define PACKAGE_NAME "degrib"
| #define PACKAGE_TARNAME "degrib"
| #define PACKAGE_VERSION "2.25"
| #define PACKAGE_STRING "degrib 2.25"
| #define PACKAGE_BUGREPORT "arthur.taylor@noaa.gov"
| #define PACKAGE_URL ""
| #define HAVE_STDIO_H 1
| #define HAVE_STDLIB_H 1
| #define HAVE_STRING_H 1
| #define HAVE_INTTYPES_H 1
| #define HAVE_STDINT_H 1
| #define HAVE_STRINGS_H 1
| #define HAVE_SYS_STAT_H 1
| #define HAVE_SYS_TYPES_H 1
| #define HAVE_UNISTD_H 1
| #define STDC_HEADERS 1
| /* end confdefs.h.  */
| #include <sys/types.h>
| 		#include <sys/param.h>
| 
| int
| main (void)
| {
| #if BYTE_ORDER != BIG_ENDIAN
| 		 not big endian
| 		#endif
| 
|   ;
|   return 0;
| }
configure:4360: result: no
configure:4445: checking size of long int
configure:4451: gcc -o conftest -O3   conftest.c  >&5
configure:4451: $? = 0
configure:4451: ./conftest
configure:4451: $? = 0
configure:4466: result: 8
configure:4606: checking for strip
configure:4629: found /bin/strip
configure:4642: result: /bin/strip
configure:4738: checking how to run the C preprocessor
configure:4764: gcc -E  conftest.c
configure:4764: $? = 0
configure:4779: gcc -E  conftest.c
conftest.c:20:10: fatal error: ac_nonexistent.h: No such file or directory
 #include <ac_nonexistent.h>
          ^~~~~~~~~~~~~~~~~~
compilation terminated.
configure:4779: $? = 1
configure: failed program was:
| /* confdefs.h */
| #define PACKAGE_NAME "degrib"
| #define PACKAGE_TARNAME "degrib"
| #define PACKAGE_VERSION "2.25"
| #define PACKAGE_STRING "degrib 2.25"
| #define PACKAGE_BUGREPORT "arthur.taylor@noaa.gov"
| #define PACKAGE_URL ""
| #define HAVE_STDIO_H 1
| #define HAVE_STDLIB_H 1
| #define HAVE_STRING_H 1
| #define HAVE_INTTYPES_H 1
| #define HAVE_STDINT_H 1
| #define HAVE_STRINGS_H 1
| #define HAVE_SYS_STAT_H 1
| #define HAVE_SYS_TYPES_H 1
| #define HAVE_UNISTD_H 1
| #define STDC_HEADERS 1
| #define SIZEOF_LONG_INT 8
| /* end confdefs.h.  */
| #include <ac_nonexistent.h>
configure:4806: result: gcc -E
configure:4820: gcc -E  conftest.c
configure:4820: $? = 0
configure:4835: gcc -E  conftest.c
conftest.c:20:10: fatal error: ac_nonexistent.h: No such file or directory
 #include <ac_nonexistent.h>
          ^~~~~~~~~~~~~~~~~~
compilation terminated.
configure:4835: $? = 1
configure: failed program was:
| /* confdefs.h */
| #define PACKAGE_NAME "degrib"
| #define PACKAGE_TARNAME "degrib"
| #define PACKAGE_VERSION "2.25"
| #define PACKAGE_STRING "degrib 2.25"
| #define PACKAGE_BUGREPORT "arthur.taylor@noaa.gov"
| #define PACKAGE_URL ""
| #define HAVE_STDIO_H 1
| #define HAVE_STDLIB_H 1
| #define HAVE_STRING_H 1
| #define HAVE_INTTYPES_H 1
| #define HAVE_STDINT_H 1
| #define HAVE_STRINGS_H 1
| #define HAVE_SYS_STAT_H 1
| #define HAVE_SYS_TYPES_H 1
| #define HAVE_UNISTD_H 1
| #define STDC_HEADERS 1
| #define SIZEOF_LONG_INT 8
| /* end confdefs.h.  */
| #include <ac_nonexistent.h>
configure:4866: checking for X
configure:4904: gcc -o conftest -O3 -Wall -fsigned-char   conftest.c -lX11  >&5
configure:4904: $? = 0
configure:5091: result: libraries , headers 
configure:5189: gcc -o conftest -O3 -Wall -fsigned-char   conftest.c   -lX11 >&5
configure:5189: $? = 0
configure:5288: checking for gethostbyname
configure:5288: gcc -o conftest -O3 -Wall -fsigned-char   conftest.c  >&5
configure:5288: $? = 0
configure:5288: result: yes
configure:5386: checking for connect
configure:5386: gcc -o conftest -O3 -Wall -fsigned-char   conftest.c  >&5
configure:5386: $? = 0
configure:5386: result: yes
configure:5436: checking for remove
configure:5436: gcc -o conftest -O3 -Wall -fsigned-char   conftest.c  >&5
configure:5436: $? = 0
configure:5436: result: yes
configure:5486: checking for shmat
configure:5486: gcc -o conftest -O3 -Wall -fsigned-char   conftest.c  >&5
configure:5486: $? = 0
configure:5486: result: yes
configure:5545: checking for IceConnectionNumber in -lICE
configure:5568: gcc -o conftest -O3 -Wall -fsigned-char   conftest.c -lICE   >&5
/bin/ld: cannot find -lICE
collect2: error: ld returned 1 exit status
configure:5568: $? = 1
configure: failed program was:
| /* confdefs.h */
| #define PACKAGE_NAME "degrib"
| #define PACKAGE_TARNAME "degrib"
| #define PACKAGE_VERSION "2.25"
| #define PACKAGE_STRING "degrib 2.25"
| #define PACKAGE_BUGREPORT "arthur.taylor@noaa.gov"
| #define PACKAGE_URL ""
| #define HAVE_STDIO_H 1
| #define HAVE_STDLIB_H 1
| #define HAVE_STRING_H 1
| #define HAVE_INTTYPES_H 1
| #define HAVE_STDINT_H 1
| #define HAVE_STRINGS_H 1
| #define HAVE_SYS_STAT_H 1
| #define HAVE_SYS_TYPES_H 1
| #define HAVE_UNISTD_H 1
| #define STDC_HEADERS 1
| #define SIZEOF_LONG_INT 8
| /* end confdefs.h.  */
| 
| /* Override any GCC internal prototype to avoid an error.
|    Use char because int might match the return type of a GCC
|    builtin and then its argument prototype would still apply.  */
| char IceConnectionNumber ();
| int
| main (void)
| {
| return IceConnectionNumber ();
|   ;
|   return 0;
| }
configure:5578: result: no
configure:5618: checking Tcl/Tk directories
configure:5622: checking for tclsh
configure:5646: found /bin/tclsh
configure:5659: result: /bin/tclsh
configure:5669: checking for wish
configure:5706: result: not_found
configure:5788: result:  TCL_PREFIX = , TK_PREFIX = not_found
configure:5790: checking Tcl/Tk Libraries
configure:5927: result: TCL_LIB = "-Lnot_found -lnot_found", TK_LIBS = "-Lnot_found -lnot_found -lnot_found"
configure:5998: checking Tcl/Tk version
configure:6006: result: 8.5
configure:6265: creating ./config.status

## ---------------------- ##
## Running config.status. ##
## ---------------------- ##

This file was extended by degrib config.status 2.25, which was
generated by GNU Autoconf 2.71.  Invocation command line was

  CONFIG_FILES    = 
  CONFIG_HEADERS  = 
  CONFIG_LINKS    = 
  CONFIG_COMMANDS = 
  $ ./config.status 

on int-aajay-1.monetate.org

config.status:859: creating Makefile
config.status:859: creating zlib/Makefile
config.status:859: creating zlib/contrib/minizip/Makefile
config.status:859: creating libpng/Makefile
config.status:859: creating degrib-core/Makefile
config.status:859: creating gd/Makefile
config.status:859: creating degrib/Makefile
config.status:859: creating xyz2shp/Makefile
config.status:859: creating gd/config.h
config.status:1034: gd/config.h is unchanged

## ---------------- ##
## Cache variables. ##
## ---------------- ##

ac_cv_build=x86_64-pc-linux-gnu
ac_cv_c_bigendian=no
ac_cv_c_compiler_gnu=yes
ac_cv_env_CC_set=
ac_cv_env_CC_value=
ac_cv_env_CFLAGS_set=set
ac_cv_env_CFLAGS_value=-O3
ac_cv_env_CPPFLAGS_set=
ac_cv_env_CPPFLAGS_value=
ac_cv_env_CPP_set=
ac_cv_env_CPP_value=
ac_cv_env_LDFLAGS_set=
ac_cv_env_LDFLAGS_value=
ac_cv_env_LIBS_set=
ac_cv_env_LIBS_value=
ac_cv_env_TCL_PREFIX_set=
ac_cv_env_TCL_PREFIX_value=
ac_cv_env_TCL_VERSION_set=
ac_cv_env_TCL_VERSION_value=
ac_cv_env_TK_PREFIX_set=
ac_cv_env_TK_PREFIX_value=
ac_cv_env_XMKMF_set=
ac_cv_env_XMKMF_value=
ac_cv_env_build_alias_set=
ac_cv_env_build_alias_value=
ac_cv_env_host_alias_set=
ac_cv_env_host_alias_value=
ac_cv_env_target_alias_set=
ac_cv_env_target_alias_value=
ac_cv_func_connect=yes
ac_cv_func_gethostbyname=yes
ac_cv_func_remove=yes
ac_cv_func_shmat=yes
ac_cv_have_x='have_x=yes	ac_x_includes='\'''\''	ac_x_libraries='\'''\'''
ac_cv_header_inttypes_h=yes
ac_cv_header_stdint_h=yes
ac_cv_header_stdio_h=yes
ac_cv_header_stdlib_h=yes
ac_cv_header_string_h=yes
ac_cv_header_strings_h=yes
ac_cv_header_sys_stat_h=yes
ac_cv_header_sys_types_h=yes
ac_cv_header_unistd_h=yes
ac_cv_host=x86_64-pc-linux-gnu
ac_cv_lib_ICE_IceConnectionNumber=no
ac_cv_objext=o
ac_cv_path_STRIP=/bin/strip
ac_cv_path_TCL_BINARY=/bin/tclsh
ac_cv_path_TK_BINARY=not_found
ac_cv_path_install='/bin/install -c'
ac_cv_prog_AR=ar
ac_cv_prog_CPP='gcc -E'
ac_cv_prog_ac_ct_CC=gcc
ac_cv_prog_ac_ct_RANLIB=ranlib
ac_cv_prog_cc_c11=
ac_cv_prog_cc_g=yes
ac_cv_prog_cc_stdc=
ac_cv_prog_make_make_set=yes
ac_cv_sizeof_long_int=8

## ----------------- ##
## Output variables. ##
## ----------------- ##

ANSIFLAG='-pedantic'
AR='ar'
ARFLAGS=''
C99FLAG='-pedantic'
CC='gcc'
CFLAGS='-O3 -Wall -fsigned-char'
CPP='gcc -E'
CPPFLAGS=''
DBAD_TCLSSH=''
DDEBUG=''
DEFS='-DHAVE_CONFIG_H'
DLLEXT='.so'
DLLFLAGS='-shared'
DSIZEOF_LONG_INT='-DSIZEOF_LONG_INT=8'
DSYSTEM='-D_LINUX_'
DWIN32=''
DWORDS_BIGENDIAN=''
DYNAMIC_LIB='-ldl'
ECHO_C=''
ECHO_N='-n'
ECHO_T=''
EXEEXT=''
HALO_DEF=''
HALO_LIBDEP=''
HALO_STDINC=''
HALO_STDLIB=''
INSTALL_DATA='${INSTALL} -m 644'
INSTALL_PROGRAM='${INSTALL}'
INSTALL_SCRIPT='${INSTALL}'
JPEG2000_PATH='../jpeg2000/src/libjasper/include'
LDFLAGS=''
LD_FLAGS=''
LIBOBJS=''
LIBPNG_PATH='../libpng'
LIBS=''
LTLIBOBJS=''
MEM_CLEAN=''
MEM_DEF=''
MEM_LIBDEP=''
MEM_NAME=''
MEM_STDINC=''
MEM_STDLIB=''
MINIZIP32=''
OBJECT_MODE=''
OBJEXT='o'
PACKAGE_BUGREPORT='arthur.taylor@noaa.gov'
PACKAGE_DATE='20200921'
PACKAGE_NAME='degrib'
PACKAGE_STRING='degrib 2.25'
PACKAGE_TARNAME='degrib'
PACKAGE_URL=''
PACKAGE_VERSION='2.25'
PATH_SEPARATOR=':'
PNGDEBUG=''
RANLIB='ranlib'
SET_MAKE=''
SHELL='/bin/sh'
STRIP='/bin/strip'
STRIP_FLAGS='-s'
TCL_BINARY='/bin/tclsh'
TCL_LDFLAGS=''
TCL_LIBS='-Lnot_found -lnot_found'
TCL_PREFIX=''
TCL_VERSION='8.5'
TK_BINARY='not_found'
TK_LDFLAGS=''
TK_LIBS='-Lnot_found -lnot_found -lnot_found'
TK_PREFIX='not_found'
XMKMF=''
X_CFLAGS=''
X_EXTRA_LIBS=''
X_LIBS=''
X_PRE_LIBS=''
ZLIB_DEBUG=''
ZLIB_PATH='../zlib'
ac_ct_CC='gcc'
bindir='${exec_prefix}/bin'
build='x86_64-pc-linux-gnu'
build_alias=''
build_cpu='x86_64'
build_os='linux-gnu'
build_vendor='pc'
datadir='${datarootdir}'
datarootdir='${prefix}/share'
docdir='${datarootdir}/doc/${PACKAGE_TARNAME}'
dvidir='${docdir}'
exec_prefix='${prefix}'
host='x86_64-pc-linux-gnu'
host_alias=''
host_cpu='x86_64'
host_os='linux-gnu'
host_vendor='pc'
htmldir='${docdir}'
includedir='${prefix}/include'
infodir='${datarootdir}/info'
libdir='${exec_prefix}/lib'
libexecdir='${exec_prefix}/libexec'
localedir='${datarootdir}/locale'
localstatedir='${prefix}/var'
mandir='${datarootdir}/man'
oldincludedir='/usr/include'
pdfdir='${docdir}'
prefix='/usr/local'
program_transform_name='s,x,x,'
psdir='${docdir}'
runstatedir='${localstatedir}/run'
sbindir='${exec_prefix}/sbin'
sharedstatedir='${prefix}/com'
sysconfdir='${prefix}/etc'
target_alias=''

## ----------- ##
## confdefs.h. ##
## ----------- ##

/* confdefs.h */
#define PACKAGE_NAME "degrib"
#define PACKAGE_TARNAME "degrib"
#define PACKAGE_VERSION "2.25"
#define PACKAGE_STRING "degrib 2.25"
#define PACKAGE_BUGREPORT "arthur.taylor@noaa.gov"
#define PACKAGE_URL ""
#define HAVE_STDIO_H 1
#define HAVE_STDLIB_H 1
#define HAVE_STRING_H 1
#define HAVE_INTTYPES_H 1
#define HAVE_STDINT_H 1
#define HAVE_STRINGS_H 1
#define HAVE_SYS_STAT_H 1
#define HAVE_SYS_TYPES_H 1
#define HAVE_UNISTD_H 1
#define STDC_HEADERS 1
#define SIZEOF_LONG_INT 8

configure: exit 0
